printing dependencies for unit id: (0, 0)
 OUTGOING DEPENDENCIES:
  dep: (0, 0) -> (1, 0);  time 52 -> 0
34:8:36:[0,8)
35:4:37:[0,4)
36:4:38:[0,4)
39:8:41:[0,8)
40:8:42:[0,8)
41:8:43:[0,8)
42:8:44:[0,8)
43:8:45:[0,8)
44:8:46:[0,8)
21:4:47:[0,4)
46:4:49:[0,4)
48:4:51:[0,4)
49:4:52:[0,4)
  dep: (0, 0) -> (2, 0);  time 52 -> 0
34:8:36:[0,8)
35:4:37:[0,4)
36:4:38:[0,4)
39:8:41:[0,8)
40:8:42:[0,8)
41:8:43:[0,8)
42:8:44:[0,8)
43:8:45:[0,8)
44:8:46:[0,8)
21:4:47:[0,4)
47:4:50:[0,4)
48:4:51:[0,4)
49:4:52:[0,4)
 INCOMING DEPENDENCIES:
printing dependencies for unit id: (0, 1)
 OUTGOING DEPENDENCIES:
  dep: (0, 1) -> (3, 0);  time 9 -> 0
34:8:36:[0,8)
35:4:37:[0,4)
36:4:38:[0,4)
37:4:39:[0,4)
38:4:40:[0,4)
39:8:41:[0,8)
40:8:42:[0,8)
41:8:43:[0,8)
42:8:44:[0,8)
43:8:45:[0,8)
44:8:46:[0,8)
21:4:47:[0,4)
  dep: (0, 1) -> (18, 0);  time 9 -> 0
34:8:36:[0,8)
35:4:37:[0,4)
36:4:38:[0,4)
37:4:39:[0,4)
38:4:40:[0,4)
39:8:41:[0,8)
40:8:42:[0,8)
41:8:43:[0,8)
42:8:44:[0,8)
43:8:45:[0,8)
44:8:46:[0,8)
21:4:47:[0,4)
  dep: (0, 1) -> (33, 0);  time 9 -> 0
34:8:36:[0,8)
35:4:37:[0,4)
36:4:38:[0,4)
37:4:39:[0,4)
38:4:40:[0,4)
39:8:41:[0,8)
40:8:42:[0,8)
41:8:43:[0,8)
42:8:44:[0,8)
43:8:45:[0,8)
44:8:46:[0,8)
21:4:47:[0,4)
  dep: (0, 1) -> (48, 0);  time 9 -> 0
34:8:36:[0,8)
35:4:37:[0,4)
36:4:38:[0,4)
37:4:39:[0,4)
38:4:40:[0,4)
39:8:41:[0,8)
40:8:42:[0,8)
41:8:43:[0,8)
42:8:44:[0,8)
43:8:45:[0,8)
44:8:46:[0,8)
21:4:47:[0,4)
 INCOMING DEPENDENCIES:
  dep: (1, 0) -> (0, 1);  time 9353 -> 0
46:4:49:[0,4)
printing dependencies for unit id: (0, 2)
 OUTGOING DEPENDENCIES:
 INCOMING DEPENDENCIES:
  dep: (2, 0) -> (0, 2);  time 52625 -> 0
  dep: (3, 2) -> (0, 2);  time 0 -> 0
  dep: (18, 2) -> (0, 2);  time 0 -> 0
  dep: (33, 2) -> (0, 2);  time 0 -> 0
  dep: (48, 2) -> (0, 2);  time 0 -> 0
printing dependencies for unit id: (1, 0)
 OUTGOING DEPENDENCIES:
  dep: (1, 0) -> (0, 1);  time 9353 -> 0
46:4:49:[0,4)
 INCOMING DEPENDENCIES:
  dep: (0, 0) -> (1, 0);  time 52 -> 0
34:8:36:[0,8)
35:4:37:[0,4)
36:4:38:[0,4)
39:8:41:[0,8)
40:8:42:[0,8)
41:8:43:[0,8)
42:8:44:[0,8)
43:8:45:[0,8)
44:8:46:[0,8)
21:4:47:[0,4)
46:4:49:[0,4)
48:4:51:[0,4)
49:4:52:[0,4)
printing dependencies for unit id: (2, 0)
 OUTGOING DEPENDENCIES:
  dep: (2, 0) -> (0, 2);  time 52625 -> 0
 INCOMING DEPENDENCIES:
  dep: (0, 0) -> (2, 0);  time 52 -> 0
34:8:36:[0,8)
35:4:37:[0,4)
36:4:38:[0,4)
39:8:41:[0,8)
40:8:42:[0,8)
41:8:43:[0,8)
42:8:44:[0,8)
43:8:45:[0,8)
44:8:46:[0,8)
21:4:47:[0,4)
47:4:50:[0,4)
48:4:51:[0,4)
49:4:52:[0,4)
printing dependencies for unit id: (3, 0)
 OUTGOING DEPENDENCIES:
  dep: (3, 0) -> (4, 0);  time 52 -> 0
34:8:2621:[0,8)
35:4:2622:[0,4)
36:4:2623:[0,4)
39:8:2626:[0,8)
40:8:2627:[0,8)
41:8:2628:[0,8)
42:8:2629:[0,8)
43:8:2630:[0,8)
44:8:2631:[0,8)
21:4:2632:[0,4)
46:4:2634:[0,4)
48:4:2636:[0,4)
49:4:2637:[0,4)
  dep: (3, 0) -> (5, 0);  time 52 -> 0
34:8:2621:[0,8)
35:4:2622:[0,4)
36:4:2623:[0,4)
39:8:2626:[0,8)
40:8:2627:[0,8)
41:8:2628:[0,8)
42:8:2629:[0,8)
43:8:2630:[0,8)
44:8:2631:[0,8)
21:4:2632:[0,4)
47:4:2635:[0,4)
48:4:2636:[0,4)
49:4:2637:[0,4)
 INCOMING DEPENDENCIES:
  dep: (0, 1) -> (3, 0);  time 9 -> 0
34:8:36:[0,8)
35:4:37:[0,4)
36:4:38:[0,4)
37:4:39:[0,4)
38:4:40:[0,4)
39:8:41:[0,8)
40:8:42:[0,8)
41:8:43:[0,8)
42:8:44:[0,8)
43:8:45:[0,8)
44:8:46:[0,8)
21:4:47:[0,4)
printing dependencies for unit id: (3, 1)
 OUTGOING DEPENDENCIES:
  dep: (3, 1) -> (6, 0);  time 9 -> 0
34:8:2621:[0,8)
35:4:2622:[0,4)
36:4:2623:[0,4)
37:4:2624:[0,4)
38:4:2625:[0,4)
39:8:2626:[0,8)
40:8:2627:[0,8)
41:8:2628:[0,8)
42:8:2629:[0,8)
43:8:2630:[0,8)
44:8:2631:[0,8)
21:4:2632:[0,4)
  dep: (3, 1) -> (9, 0);  time 9 -> 0
34:8:2621:[0,8)
35:4:2622:[0,4)
36:4:2623:[0,4)
37:4:2624:[0,4)
38:4:2625:[0,4)
39:8:2626:[0,8)
40:8:2627:[0,8)
41:8:2628:[0,8)
42:8:2629:[0,8)
43:8:2630:[0,8)
44:8:2631:[0,8)
21:4:2632:[0,4)
  dep: (3, 1) -> (12, 0);  time 9 -> 0
34:8:2621:[0,8)
35:4:2622:[0,4)
36:4:2623:[0,4)
37:4:2624:[0,4)
38:4:2625:[0,4)
39:8:2626:[0,8)
40:8:2627:[0,8)
41:8:2628:[0,8)
42:8:2629:[0,8)
43:8:2630:[0,8)
44:8:2631:[0,8)
21:4:2632:[0,4)
  dep: (3, 1) -> (15, 0);  time 9 -> 0
34:8:2621:[0,8)
35:4:2622:[0,4)
36:4:2623:[0,4)
37:4:2624:[0,4)
38:4:2625:[0,4)
39:8:2626:[0,8)
40:8:2627:[0,8)
41:8:2628:[0,8)
42:8:2629:[0,8)
43:8:2630:[0,8)
44:8:2631:[0,8)
21:4:2632:[0,4)
 INCOMING DEPENDENCIES:
  dep: (4, 0) -> (3, 1);  time 4723 -> 0
46:4:2634:[0,4)
printing dependencies for unit id: (3, 2)
 OUTGOING DEPENDENCIES:
  dep: (3, 2) -> (0, 2);  time 0 -> 0
 INCOMING DEPENDENCIES:
  dep: (5, 0) -> (3, 2);  time 5059 -> 0
  dep: (6, 1) -> (3, 2);  time 2131 -> 0
  dep: (9, 1) -> (3, 2);  time 2134 -> 0
  dep: (12, 1) -> (3, 2);  time 2134 -> 0
  dep: (15, 1) -> (3, 2);  time 9025 -> 0
printing dependencies for unit id: (4, 0)
 OUTGOING DEPENDENCIES:
  dep: (4, 0) -> (3, 1);  time 4723 -> 0
46:4:2634:[0,4)
 INCOMING DEPENDENCIES:
  dep: (3, 0) -> (4, 0);  time 52 -> 0
34:8:2621:[0,8)
35:4:2622:[0,4)
36:4:2623:[0,4)
39:8:2626:[0,8)
40:8:2627:[0,8)
41:8:2628:[0,8)
42:8:2629:[0,8)
43:8:2630:[0,8)
44:8:2631:[0,8)
21:4:2632:[0,4)
46:4:2634:[0,4)
48:4:2636:[0,4)
49:4:2637:[0,4)
printing dependencies for unit id: (5, 0)
 OUTGOING DEPENDENCIES:
  dep: (5, 0) -> (3, 2);  time 5059 -> 0
 INCOMING DEPENDENCIES:
  dep: (3, 0) -> (5, 0);  time 52 -> 0
34:8:2621:[0,8)
35:4:2622:[0,4)
36:4:2623:[0,4)
39:8:2626:[0,8)
40:8:2627:[0,8)
41:8:2628:[0,8)
42:8:2629:[0,8)
43:8:2630:[0,8)
44:8:2631:[0,8)
21:4:2632:[0,4)
47:4:2635:[0,4)
48:4:2636:[0,4)
49:4:2637:[0,4)
printing dependencies for unit id: (6, 0)
 OUTGOING DEPENDENCIES:
  dep: (6, 0) -> (7, 0);  time 52 -> 0
34:8:3926:[0,8)
35:4:3927:[0,4)
36:4:3928:[0,4)
39:8:3931:[0,8)
40:8:3932:[0,8)
41:8:3933:[0,8)
42:8:3934:[0,8)
43:8:3935:[0,8)
44:8:3936:[0,8)
21:4:3937:[0,4)
46:4:3939:[0,4)
48:4:3941:[0,4)
49:4:3942:[0,4)
  dep: (6, 0) -> (8, 0);  time 52 -> 0
34:8:3926:[0,8)
35:4:3927:[0,4)
36:4:3928:[0,4)
39:8:3931:[0,8)
40:8:3932:[0,8)
41:8:3933:[0,8)
42:8:3934:[0,8)
43:8:3935:[0,8)
44:8:3936:[0,8)
21:4:3937:[0,4)
47:4:3940:[0,4)
48:4:3941:[0,4)
49:4:3942:[0,4)
 INCOMING DEPENDENCIES:
  dep: (3, 1) -> (6, 0);  time 9 -> 0
34:8:2621:[0,8)
35:4:2622:[0,4)
36:4:2623:[0,4)
37:4:2624:[0,4)
38:4:2625:[0,4)
39:8:2626:[0,8)
40:8:2627:[0,8)
41:8:2628:[0,8)
42:8:2629:[0,8)
43:8:2630:[0,8)
44:8:2631:[0,8)
21:4:2632:[0,4)
printing dependencies for unit id: (6, 1)
 OUTGOING DEPENDENCIES:
  dep: (6, 1) -> (3, 2);  time 2131 -> 0
 INCOMING DEPENDENCIES:
  dep: (7, 0) -> (6, 1);  time 2345 -> 0
46:4:3939:[0,4)
  dep: (8, 0) -> (6, 1);  time 2345 -> 0
33:4096:33:[0,4)
47:4:3940:[0,4)
printing dependencies for unit id: (7, 0)
 OUTGOING DEPENDENCIES:
  dep: (7, 0) -> (6, 1);  time 2345 -> 0
46:4:3939:[0,4)
 INCOMING DEPENDENCIES:
  dep: (6, 0) -> (7, 0);  time 52 -> 0
34:8:3926:[0,8)
35:4:3927:[0,4)
36:4:3928:[0,4)
39:8:3931:[0,8)
40:8:3932:[0,8)
41:8:3933:[0,8)
42:8:3934:[0,8)
43:8:3935:[0,8)
44:8:3936:[0,8)
21:4:3937:[0,4)
46:4:3939:[0,4)
48:4:3941:[0,4)
49:4:3942:[0,4)
printing dependencies for unit id: (8, 0)
 OUTGOING DEPENDENCIES:
  dep: (8, 0) -> (6, 1);  time 2345 -> 0
33:4096:33:[0,4)
47:4:3940:[0,4)
 INCOMING DEPENDENCIES:
  dep: (6, 0) -> (8, 0);  time 52 -> 0
34:8:3926:[0,8)
35:4:3927:[0,4)
36:4:3928:[0,4)
39:8:3931:[0,8)
40:8:3932:[0,8)
41:8:3933:[0,8)
42:8:3934:[0,8)
43:8:3935:[0,8)
44:8:3936:[0,8)
21:4:3937:[0,4)
47:4:3940:[0,4)
48:4:3941:[0,4)
49:4:3942:[0,4)
printing dependencies for unit id: (9, 0)
 OUTGOING DEPENDENCIES:
  dep: (9, 0) -> (10, 0);  time 52 -> 0
34:8:4591:[0,8)
35:4:4592:[0,4)
36:4:4593:[0,4)
39:8:4596:[0,8)
40:8:4597:[0,8)
41:8:4598:[0,8)
42:8:4599:[0,8)
43:8:4600:[0,8)
44:8:4601:[0,8)
21:4:4602:[0,4)
46:4:4604:[0,4)
48:4:4606:[0,4)
49:4:4607:[0,4)
  dep: (9, 0) -> (11, 0);  time 52 -> 0
34:8:4591:[0,8)
35:4:4592:[0,4)
36:4:4593:[0,4)
39:8:4596:[0,8)
40:8:4597:[0,8)
41:8:4598:[0,8)
42:8:4599:[0,8)
43:8:4600:[0,8)
44:8:4601:[0,8)
21:4:4602:[0,4)
47:4:4605:[0,4)
48:4:4606:[0,4)
49:4:4607:[0,4)
 INCOMING DEPENDENCIES:
  dep: (3, 1) -> (9, 0);  time 9 -> 0
34:8:2621:[0,8)
35:4:2622:[0,4)
36:4:2623:[0,4)
37:4:2624:[0,4)
38:4:2625:[0,4)
39:8:2626:[0,8)
40:8:2627:[0,8)
41:8:2628:[0,8)
42:8:2629:[0,8)
43:8:2630:[0,8)
44:8:2631:[0,8)
21:4:2632:[0,4)
printing dependencies for unit id: (9, 1)
 OUTGOING DEPENDENCIES:
  dep: (9, 1) -> (3, 2);  time 2134 -> 0
 INCOMING DEPENDENCIES:
  dep: (10, 0) -> (9, 1);  time 2345 -> 0
46:4:4604:[0,4)
  dep: (11, 0) -> (9, 1);  time 2345 -> 0
33:4096:33:[32,36)
47:4:4605:[0,4)
printing dependencies for unit id: (10, 0)
 OUTGOING DEPENDENCIES:
  dep: (10, 0) -> (9, 1);  time 2345 -> 0
46:4:4604:[0,4)
 INCOMING DEPENDENCIES:
  dep: (9, 0) -> (10, 0);  time 52 -> 0
34:8:4591:[0,8)
35:4:4592:[0,4)
36:4:4593:[0,4)
39:8:4596:[0,8)
40:8:4597:[0,8)
41:8:4598:[0,8)
42:8:4599:[0,8)
43:8:4600:[0,8)
44:8:4601:[0,8)
21:4:4602:[0,4)
46:4:4604:[0,4)
48:4:4606:[0,4)
49:4:4607:[0,4)
printing dependencies for unit id: (11, 0)
 OUTGOING DEPENDENCIES:
  dep: (11, 0) -> (9, 1);  time 2345 -> 0
33:4096:33:[32,36)
47:4:4605:[0,4)
 INCOMING DEPENDENCIES:
  dep: (9, 0) -> (11, 0);  time 52 -> 0
34:8:4591:[0,8)
35:4:4592:[0,4)
36:4:4593:[0,4)
39:8:4596:[0,8)
40:8:4597:[0,8)
41:8:4598:[0,8)
42:8:4599:[0,8)
43:8:4600:[0,8)
44:8:4601:[0,8)
21:4:4602:[0,4)
47:4:4605:[0,4)
48:4:4606:[0,4)
49:4:4607:[0,4)
printing dependencies for unit id: (12, 0)
 OUTGOING DEPENDENCIES:
  dep: (12, 0) -> (13, 0);  time 52 -> 0
34:8:5256:[0,8)
35:4:5257:[0,4)
36:4:5258:[0,4)
39:8:5261:[0,8)
40:8:5262:[0,8)
41:8:5263:[0,8)
42:8:5264:[0,8)
43:8:5265:[0,8)
44:8:5266:[0,8)
21:4:5267:[0,4)
46:4:5269:[0,4)
48:4:5271:[0,4)
49:4:5272:[0,4)
  dep: (12, 0) -> (14, 0);  time 52 -> 0
34:8:5256:[0,8)
35:4:5257:[0,4)
36:4:5258:[0,4)
39:8:5261:[0,8)
40:8:5262:[0,8)
41:8:5263:[0,8)
42:8:5264:[0,8)
43:8:5265:[0,8)
44:8:5266:[0,8)
21:4:5267:[0,4)
47:4:5270:[0,4)
48:4:5271:[0,4)
49:4:5272:[0,4)
 INCOMING DEPENDENCIES:
  dep: (3, 1) -> (12, 0);  time 9 -> 0
34:8:2621:[0,8)
35:4:2622:[0,4)
36:4:2623:[0,4)
37:4:2624:[0,4)
38:4:2625:[0,4)
39:8:2626:[0,8)
40:8:2627:[0,8)
41:8:2628:[0,8)
42:8:2629:[0,8)
43:8:2630:[0,8)
44:8:2631:[0,8)
21:4:2632:[0,4)
printing dependencies for unit id: (12, 1)
 OUTGOING DEPENDENCIES:
  dep: (12, 1) -> (3, 2);  time 2134 -> 0
 INCOMING DEPENDENCIES:
  dep: (13, 0) -> (12, 1);  time 2345 -> 0
46:4:5269:[0,4)
  dep: (14, 0) -> (12, 1);  time 2345 -> 0
33:4096:33:[1024,1028)
47:4:5270:[0,4)
printing dependencies for unit id: (13, 0)
 OUTGOING DEPENDENCIES:
  dep: (13, 0) -> (12, 1);  time 2345 -> 0
46:4:5269:[0,4)
 INCOMING DEPENDENCIES:
  dep: (12, 0) -> (13, 0);  time 52 -> 0
34:8:5256:[0,8)
35:4:5257:[0,4)
36:4:5258:[0,4)
39:8:5261:[0,8)
40:8:5262:[0,8)
41:8:5263:[0,8)
42:8:5264:[0,8)
43:8:5265:[0,8)
44:8:5266:[0,8)
21:4:5267:[0,4)
46:4:5269:[0,4)
48:4:5271:[0,4)
49:4:5272:[0,4)
printing dependencies for unit id: (14, 0)
 OUTGOING DEPENDENCIES:
  dep: (14, 0) -> (12, 1);  time 2345 -> 0
33:4096:33:[1024,1028)
47:4:5270:[0,4)
 INCOMING DEPENDENCIES:
  dep: (12, 0) -> (14, 0);  time 52 -> 0
34:8:5256:[0,8)
35:4:5257:[0,4)
36:4:5258:[0,4)
39:8:5261:[0,8)
40:8:5262:[0,8)
41:8:5263:[0,8)
42:8:5264:[0,8)
43:8:5265:[0,8)
44:8:5266:[0,8)
21:4:5267:[0,4)
47:4:5270:[0,4)
48:4:5271:[0,4)
49:4:5272:[0,4)
printing dependencies for unit id: (15, 0)
 OUTGOING DEPENDENCIES:
  dep: (15, 0) -> (16, 0);  time 52 -> 0
34:8:5921:[0,8)
35:4:5922:[0,4)
36:4:5923:[0,4)
39:8:5926:[0,8)
40:8:5927:[0,8)
41:8:5928:[0,8)
42:8:5929:[0,8)
43:8:5930:[0,8)
44:8:5931:[0,8)
21:4:5932:[0,4)
46:4:5934:[0,4)
48:4:5936:[0,4)
49:4:5937:[0,4)
  dep: (15, 0) -> (17, 0);  time 52 -> 0
34:8:5921:[0,8)
35:4:5922:[0,4)
36:4:5923:[0,4)
39:8:5926:[0,8)
40:8:5927:[0,8)
41:8:5928:[0,8)
42:8:5929:[0,8)
43:8:5930:[0,8)
44:8:5931:[0,8)
21:4:5932:[0,4)
47:4:5935:[0,4)
48:4:5936:[0,4)
49:4:5937:[0,4)
 INCOMING DEPENDENCIES:
  dep: (3, 1) -> (15, 0);  time 9 -> 0
34:8:2621:[0,8)
35:4:2622:[0,4)
36:4:2623:[0,4)
37:4:2624:[0,4)
38:4:2625:[0,4)
39:8:2626:[0,8)
40:8:2627:[0,8)
41:8:2628:[0,8)
42:8:2629:[0,8)
43:8:2630:[0,8)
44:8:2631:[0,8)
21:4:2632:[0,4)
printing dependencies for unit id: (15, 1)
 OUTGOING DEPENDENCIES:
  dep: (15, 1) -> (3, 2);  time 9025 -> 0
 INCOMING DEPENDENCIES:
  dep: (16, 0) -> (15, 1);  time 2387 -> 0
46:4:5934:[0,4)
  dep: (17, 0) -> (15, 1);  time 2723 -> 9025
printing dependencies for unit id: (16, 0)
 OUTGOING DEPENDENCIES:
  dep: (16, 0) -> (15, 1);  time 2387 -> 0
46:4:5934:[0,4)
 INCOMING DEPENDENCIES:
  dep: (15, 0) -> (16, 0);  time 52 -> 0
34:8:5921:[0,8)
35:4:5922:[0,4)
36:4:5923:[0,4)
39:8:5926:[0,8)
40:8:5927:[0,8)
41:8:5928:[0,8)
42:8:5929:[0,8)
43:8:5930:[0,8)
44:8:5931:[0,8)
21:4:5932:[0,4)
46:4:5934:[0,4)
48:4:5936:[0,4)
49:4:5937:[0,4)
printing dependencies for unit id: (17, 0)
 OUTGOING DEPENDENCIES:
  dep: (17, 0) -> (15, 1);  time 2723 -> 9025
 INCOMING DEPENDENCIES:
  dep: (15, 0) -> (17, 0);  time 52 -> 0
34:8:5921:[0,8)
35:4:5922:[0,4)
36:4:5923:[0,4)
39:8:5926:[0,8)
40:8:5927:[0,8)
41:8:5928:[0,8)
42:8:5929:[0,8)
43:8:5930:[0,8)
44:8:5931:[0,8)
21:4:5932:[0,4)
47:4:5935:[0,4)
48:4:5936:[0,4)
49:4:5937:[0,4)
printing dependencies for unit id: (18, 0)
 OUTGOING DEPENDENCIES:
  dep: (18, 0) -> (19, 0);  time 52 -> 0
34:8:7866:[0,8)
35:4:7867:[0,4)
36:4:7868:[0,4)
39:8:7871:[0,8)
40:8:7872:[0,8)
41:8:7873:[0,8)
42:8:7874:[0,8)
43:8:7875:[0,8)
44:8:7876:[0,8)
21:4:7877:[0,4)
46:4:7879:[0,4)
48:4:7881:[0,4)
49:4:7882:[0,4)
  dep: (18, 0) -> (20, 0);  time 52 -> 0
34:8:7866:[0,8)
35:4:7867:[0,4)
36:4:7868:[0,4)
39:8:7871:[0,8)
40:8:7872:[0,8)
41:8:7873:[0,8)
42:8:7874:[0,8)
43:8:7875:[0,8)
44:8:7876:[0,8)
21:4:7877:[0,4)
47:4:7880:[0,4)
48:4:7881:[0,4)
49:4:7882:[0,4)
 INCOMING DEPENDENCIES:
  dep: (0, 1) -> (18, 0);  time 9 -> 0
34:8:36:[0,8)
35:4:37:[0,4)
36:4:38:[0,4)
37:4:39:[0,4)
38:4:40:[0,4)
39:8:41:[0,8)
40:8:42:[0,8)
41:8:43:[0,8)
42:8:44:[0,8)
43:8:45:[0,8)
44:8:46:[0,8)
21:4:47:[0,4)
printing dependencies for unit id: (18, 1)
 OUTGOING DEPENDENCIES:
  dep: (18, 1) -> (21, 0);  time 9 -> 0
34:8:7866:[0,8)
35:4:7867:[0,4)
36:4:7868:[0,4)
37:4:7869:[0,4)
38:4:7870:[0,4)
39:8:7871:[0,8)
40:8:7872:[0,8)
41:8:7873:[0,8)
42:8:7874:[0,8)
43:8:7875:[0,8)
44:8:7876:[0,8)
21:4:7877:[0,4)
  dep: (18, 1) -> (24, 0);  time 9 -> 0
34:8:7866:[0,8)
35:4:7867:[0,4)
36:4:7868:[0,4)
37:4:7869:[0,4)
38:4:7870:[0,4)
39:8:7871:[0,8)
40:8:7872:[0,8)
41:8:7873:[0,8)
42:8:7874:[0,8)
43:8:7875:[0,8)
44:8:7876:[0,8)
21:4:7877:[0,4)
  dep: (18, 1) -> (27, 0);  time 9 -> 0
34:8:7866:[0,8)
35:4:7867:[0,4)
36:4:7868:[0,4)
37:4:7869:[0,4)
38:4:7870:[0,4)
39:8:7871:[0,8)
40:8:7872:[0,8)
41:8:7873:[0,8)
42:8:7874:[0,8)
43:8:7875:[0,8)
44:8:7876:[0,8)
21:4:7877:[0,4)
  dep: (18, 1) -> (30, 0);  time 9 -> 0
34:8:7866:[0,8)
35:4:7867:[0,4)
36:4:7868:[0,4)
37:4:7869:[0,4)
38:4:7870:[0,4)
39:8:7871:[0,8)
40:8:7872:[0,8)
41:8:7873:[0,8)
42:8:7874:[0,8)
43:8:7875:[0,8)
44:8:7876:[0,8)
21:4:7877:[0,4)
 INCOMING DEPENDENCIES:
  dep: (19, 0) -> (18, 1);  time 44596 -> 0
46:4:7879:[0,4)
printing dependencies for unit id: (18, 2)
 OUTGOING DEPENDENCIES:
  dep: (18, 2) -> (0, 2);  time 0 -> 0
 INCOMING DEPENDENCIES:
  dep: (20, 0) -> (18, 2);  time 35362 -> 0
  dep: (21, 1) -> (18, 2);  time 9481 -> 0
  dep: (24, 1) -> (18, 2);  time 20650 -> 0
  dep: (27, 1) -> (18, 2);  time 67537 -> 0
  dep: (30, 1) -> (18, 2);  time 221146 -> 0
printing dependencies for unit id: (19, 0)
 OUTGOING DEPENDENCIES:
  dep: (19, 0) -> (18, 1);  time 44596 -> 0
46:4:7879:[0,4)
 INCOMING DEPENDENCIES:
  dep: (18, 0) -> (19, 0);  time 52 -> 0
34:8:7866:[0,8)
35:4:7867:[0,4)
36:4:7868:[0,4)
39:8:7871:[0,8)
40:8:7872:[0,8)
41:8:7873:[0,8)
42:8:7874:[0,8)
43:8:7875:[0,8)
44:8:7876:[0,8)
21:4:7877:[0,4)
46:4:7879:[0,4)
48:4:7881:[0,4)
49:4:7882:[0,4)
printing dependencies for unit id: (20, 0)
 OUTGOING DEPENDENCIES:
  dep: (20, 0) -> (18, 2);  time 35362 -> 0
 INCOMING DEPENDENCIES:
  dep: (18, 0) -> (20, 0);  time 52 -> 0
34:8:7866:[0,8)
35:4:7867:[0,4)
36:4:7868:[0,4)
39:8:7871:[0,8)
40:8:7872:[0,8)
41:8:7873:[0,8)
42:8:7874:[0,8)
43:8:7875:[0,8)
44:8:7876:[0,8)
21:4:7877:[0,4)
47:4:7880:[0,4)
48:4:7881:[0,4)
49:4:7882:[0,4)
printing dependencies for unit id: (21, 0)
 OUTGOING DEPENDENCIES:
  dep: (21, 0) -> (22, 0);  time 52 -> 0
34:8:9171:[0,8)
35:4:9172:[0,4)
36:4:9173:[0,4)
39:8:9176:[0,8)
40:8:9177:[0,8)
41:8:9178:[0,8)
42:8:9179:[0,8)
43:8:9180:[0,8)
44:8:9181:[0,8)
21:4:9182:[0,4)
46:4:9184:[0,4)
48:4:9186:[0,4)
49:4:9187:[0,4)
  dep: (21, 0) -> (23, 0);  time 52 -> 0
34:8:9171:[0,8)
35:4:9172:[0,4)
36:4:9173:[0,4)
39:8:9176:[0,8)
40:8:9177:[0,8)
41:8:9178:[0,8)
42:8:9179:[0,8)
43:8:9180:[0,8)
44:8:9181:[0,8)
21:4:9182:[0,4)
47:4:9185:[0,4)
48:4:9186:[0,4)
49:4:9187:[0,4)
 INCOMING DEPENDENCIES:
  dep: (18, 1) -> (21, 0);  time 9 -> 0
34:8:7866:[0,8)
35:4:7867:[0,4)
36:4:7868:[0,4)
37:4:7869:[0,4)
38:4:7870:[0,4)
39:8:7871:[0,8)
40:8:7872:[0,8)
41:8:7873:[0,8)
42:8:7874:[0,8)
43:8:7875:[0,8)
44:8:7876:[0,8)
21:4:7877:[0,4)
printing dependencies for unit id: (21, 1)
 OUTGOING DEPENDENCIES:
  dep: (21, 1) -> (18, 2);  time 9481 -> 0
 INCOMING DEPENDENCIES:
  dep: (22, 0) -> (21, 1);  time 2639 -> 0
46:4:9184:[0,4)
  dep: (23, 0) -> (21, 1);  time 2513 -> 9481
printing dependencies for unit id: (22, 0)
 OUTGOING DEPENDENCIES:
  dep: (22, 0) -> (21, 1);  time 2639 -> 0
46:4:9184:[0,4)
 INCOMING DEPENDENCIES:
  dep: (21, 0) -> (22, 0);  time 52 -> 0
34:8:9171:[0,8)
35:4:9172:[0,4)
36:4:9173:[0,4)
39:8:9176:[0,8)
40:8:9177:[0,8)
41:8:9178:[0,8)
42:8:9179:[0,8)
43:8:9180:[0,8)
44:8:9181:[0,8)
21:4:9182:[0,4)
46:4:9184:[0,4)
48:4:9186:[0,4)
49:4:9187:[0,4)
printing dependencies for unit id: (23, 0)
 OUTGOING DEPENDENCIES:
  dep: (23, 0) -> (21, 1);  time 2513 -> 9481
 INCOMING DEPENDENCIES:
  dep: (21, 0) -> (23, 0);  time 52 -> 0
34:8:9171:[0,8)
35:4:9172:[0,4)
36:4:9173:[0,4)
39:8:9176:[0,8)
40:8:9177:[0,8)
41:8:9178:[0,8)
42:8:9179:[0,8)
43:8:9180:[0,8)
44:8:9181:[0,8)
21:4:9182:[0,4)
47:4:9185:[0,4)
48:4:9186:[0,4)
49:4:9187:[0,4)
printing dependencies for unit id: (24, 0)
 OUTGOING DEPENDENCIES:
  dep: (24, 0) -> (25, 0);  time 52 -> 0
34:8:11116:[0,8)
35:4:11117:[0,4)
36:4:11118:[0,4)
39:8:11121:[0,8)
40:8:11122:[0,8)
41:8:11123:[0,8)
42:8:11124:[0,8)
43:8:11125:[0,8)
44:8:11126:[0,8)
21:4:11127:[0,4)
46:4:11129:[0,4)
48:4:11131:[0,4)
49:4:11132:[0,4)
  dep: (24, 0) -> (26, 0);  time 52 -> 0
34:8:11116:[0,8)
35:4:11117:[0,4)
36:4:11118:[0,4)
39:8:11121:[0,8)
40:8:11122:[0,8)
41:8:11123:[0,8)
42:8:11124:[0,8)
43:8:11125:[0,8)
44:8:11126:[0,8)
21:4:11127:[0,4)
47:4:11130:[0,4)
48:4:11131:[0,4)
49:4:11132:[0,4)
 INCOMING DEPENDENCIES:
  dep: (18, 1) -> (24, 0);  time 9 -> 0
34:8:7866:[0,8)
35:4:7867:[0,4)
36:4:7868:[0,4)
37:4:7869:[0,4)
38:4:7870:[0,4)
39:8:7871:[0,8)
40:8:7872:[0,8)
41:8:7873:[0,8)
42:8:7874:[0,8)
43:8:7875:[0,8)
44:8:7876:[0,8)
21:4:7877:[0,4)
printing dependencies for unit id: (24, 1)
 OUTGOING DEPENDENCIES:
  dep: (24, 1) -> (18, 2);  time 20650 -> 0
 INCOMING DEPENDENCIES:
  dep: (25, 0) -> (24, 1);  time 11579 -> 0
46:4:11129:[0,4)
  dep: (26, 0) -> (24, 1);  time 3059 -> 20650
printing dependencies for unit id: (25, 0)
 OUTGOING DEPENDENCIES:
  dep: (25, 0) -> (24, 1);  time 11579 -> 0
46:4:11129:[0,4)
 INCOMING DEPENDENCIES:
  dep: (24, 0) -> (25, 0);  time 52 -> 0
34:8:11116:[0,8)
35:4:11117:[0,4)
36:4:11118:[0,4)
39:8:11121:[0,8)
40:8:11122:[0,8)
41:8:11123:[0,8)
42:8:11124:[0,8)
43:8:11125:[0,8)
44:8:11126:[0,8)
21:4:11127:[0,4)
46:4:11129:[0,4)
48:4:11131:[0,4)
49:4:11132:[0,4)
printing dependencies for unit id: (26, 0)
 OUTGOING DEPENDENCIES:
  dep: (26, 0) -> (24, 1);  time 3059 -> 20650
 INCOMING DEPENDENCIES:
  dep: (24, 0) -> (26, 0);  time 52 -> 0
34:8:11116:[0,8)
35:4:11117:[0,4)
36:4:11118:[0,4)
39:8:11121:[0,8)
40:8:11122:[0,8)
41:8:11123:[0,8)
42:8:11124:[0,8)
43:8:11125:[0,8)
44:8:11126:[0,8)
21:4:11127:[0,4)
47:4:11130:[0,4)
48:4:11131:[0,4)
49:4:11132:[0,4)
printing dependencies for unit id: (27, 0)
 OUTGOING DEPENDENCIES:
  dep: (27, 0) -> (28, 0);  time 52 -> 0
34:8:13061:[0,8)
35:4:13062:[0,4)
36:4:13063:[0,4)
39:8:13066:[0,8)
40:8:13067:[0,8)
41:8:13068:[0,8)
42:8:13069:[0,8)
43:8:13070:[0,8)
44:8:13071:[0,8)
21:4:13072:[0,4)
46:4:13074:[0,4)
48:4:13076:[0,4)
49:4:13077:[0,4)
  dep: (27, 0) -> (29, 0);  time 52 -> 0
34:8:13061:[0,8)
35:4:13062:[0,4)
36:4:13063:[0,4)
39:8:13066:[0,8)
40:8:13067:[0,8)
41:8:13068:[0,8)
42:8:13069:[0,8)
43:8:13070:[0,8)
44:8:13071:[0,8)
21:4:13072:[0,4)
47:4:13075:[0,4)
48:4:13076:[0,4)
49:4:13077:[0,4)
 INCOMING DEPENDENCIES:
  dep: (18, 1) -> (27, 0);  time 9 -> 0
34:8:7866:[0,8)
35:4:7867:[0,4)
36:4:7868:[0,4)
37:4:7869:[0,4)
38:4:7870:[0,4)
39:8:7871:[0,8)
40:8:7872:[0,8)
41:8:7873:[0,8)
42:8:7874:[0,8)
43:8:7875:[0,8)
44:8:7876:[0,8)
21:4:7877:[0,4)
printing dependencies for unit id: (27, 1)
 OUTGOING DEPENDENCIES:
  dep: (27, 1) -> (18, 2);  time 67537 -> 0
 INCOMING DEPENDENCIES:
  dep: (28, 0) -> (27, 1);  time 12293 -> 0
46:4:13074:[0,4)
  dep: (29, 0) -> (27, 1);  time 20813 -> 67537
printing dependencies for unit id: (28, 0)
 OUTGOING DEPENDENCIES:
  dep: (28, 0) -> (27, 1);  time 12293 -> 0
46:4:13074:[0,4)
 INCOMING DEPENDENCIES:
  dep: (27, 0) -> (28, 0);  time 52 -> 0
34:8:13061:[0,8)
35:4:13062:[0,4)
36:4:13063:[0,4)
39:8:13066:[0,8)
40:8:13067:[0,8)
41:8:13068:[0,8)
42:8:13069:[0,8)
43:8:13070:[0,8)
44:8:13071:[0,8)
21:4:13072:[0,4)
46:4:13074:[0,4)
48:4:13076:[0,4)
49:4:13077:[0,4)
printing dependencies for unit id: (29, 0)
 OUTGOING DEPENDENCIES:
  dep: (29, 0) -> (27, 1);  time 20813 -> 67537
 INCOMING DEPENDENCIES:
  dep: (27, 0) -> (29, 0);  time 52 -> 0
34:8:13061:[0,8)
35:4:13062:[0,4)
36:4:13063:[0,4)
39:8:13066:[0,8)
40:8:13067:[0,8)
41:8:13068:[0,8)
42:8:13069:[0,8)
43:8:13070:[0,8)
44:8:13071:[0,8)
21:4:13072:[0,4)
47:4:13075:[0,4)
48:4:13076:[0,4)
49:4:13077:[0,4)
printing dependencies for unit id: (30, 0)
 OUTGOING DEPENDENCIES:
  dep: (30, 0) -> (31, 0);  time 52 -> 0
34:8:15006:[0,8)
35:4:15007:[0,4)
36:4:15008:[0,4)
39:8:15011:[0,8)
40:8:15012:[0,8)
41:8:15013:[0,8)
42:8:15014:[0,8)
43:8:15015:[0,8)
44:8:15016:[0,8)
21:4:15017:[0,4)
46:4:15019:[0,4)
48:4:15021:[0,4)
49:4:15022:[0,4)
  dep: (30, 0) -> (32, 0);  time 52 -> 0
34:8:15006:[0,8)
35:4:15007:[0,4)
36:4:15008:[0,4)
39:8:15011:[0,8)
40:8:15012:[0,8)
41:8:15013:[0,8)
42:8:15014:[0,8)
43:8:15015:[0,8)
44:8:15016:[0,8)
21:4:15017:[0,4)
47:4:15020:[0,4)
48:4:15021:[0,4)
49:4:15022:[0,4)
 INCOMING DEPENDENCIES:
  dep: (18, 1) -> (30, 0);  time 9 -> 0
34:8:7866:[0,8)
35:4:7867:[0,4)
36:4:7868:[0,4)
37:4:7869:[0,4)
38:4:7870:[0,4)
39:8:7871:[0,8)
40:8:7872:[0,8)
41:8:7873:[0,8)
42:8:7874:[0,8)
43:8:7875:[0,8)
44:8:7876:[0,8)
21:4:7877:[0,4)
printing dependencies for unit id: (30, 1)
 OUTGOING DEPENDENCIES:
  dep: (30, 1) -> (18, 2);  time 221146 -> 0
 INCOMING DEPENDENCIES:
  dep: (31, 0) -> (30, 1);  time 41297 -> 0
46:4:15019:[0,4)
  dep: (32, 0) -> (30, 1);  time 46373 -> 221146
printing dependencies for unit id: (31, 0)
 OUTGOING DEPENDENCIES:
  dep: (31, 0) -> (30, 1);  time 41297 -> 0
46:4:15019:[0,4)
 INCOMING DEPENDENCIES:
  dep: (30, 0) -> (31, 0);  time 52 -> 0
34:8:15006:[0,8)
35:4:15007:[0,4)
36:4:15008:[0,4)
39:8:15011:[0,8)
40:8:15012:[0,8)
41:8:15013:[0,8)
42:8:15014:[0,8)
43:8:15015:[0,8)
44:8:15016:[0,8)
21:4:15017:[0,4)
46:4:15019:[0,4)
48:4:15021:[0,4)
49:4:15022:[0,4)
printing dependencies for unit id: (32, 0)
 OUTGOING DEPENDENCIES:
  dep: (32, 0) -> (30, 1);  time 46373 -> 221146
 INCOMING DEPENDENCIES:
  dep: (30, 0) -> (32, 0);  time 52 -> 0
34:8:15006:[0,8)
35:4:15007:[0,4)
36:4:15008:[0,4)
39:8:15011:[0,8)
40:8:15012:[0,8)
41:8:15013:[0,8)
42:8:15014:[0,8)
43:8:15015:[0,8)
44:8:15016:[0,8)
21:4:15017:[0,4)
47:4:15020:[0,4)
48:4:15021:[0,4)
49:4:15022:[0,4)
printing dependencies for unit id: (33, 0)
 OUTGOING DEPENDENCIES:
  dep: (33, 0) -> (34, 0);  time 52 -> 0
34:8:16951:[0,8)
35:4:16952:[0,4)
36:4:16953:[0,4)
39:8:16956:[0,8)
40:8:16957:[0,8)
41:8:16958:[0,8)
42:8:16959:[0,8)
43:8:16960:[0,8)
44:8:16961:[0,8)
21:4:16962:[0,4)
46:4:16964:[0,4)
48:4:16966:[0,4)
49:4:16967:[0,4)
  dep: (33, 0) -> (35, 0);  time 52 -> 0
34:8:16951:[0,8)
35:4:16952:[0,4)
36:4:16953:[0,4)
39:8:16956:[0,8)
40:8:16957:[0,8)
41:8:16958:[0,8)
42:8:16959:[0,8)
43:8:16960:[0,8)
44:8:16961:[0,8)
21:4:16962:[0,4)
47:4:16965:[0,4)
48:4:16966:[0,4)
49:4:16967:[0,4)
 INCOMING DEPENDENCIES:
  dep: (0, 1) -> (33, 0);  time 9 -> 0
34:8:36:[0,8)
35:4:37:[0,4)
36:4:38:[0,4)
37:4:39:[0,4)
38:4:40:[0,4)
39:8:41:[0,8)
40:8:42:[0,8)
41:8:43:[0,8)
42:8:44:[0,8)
43:8:45:[0,8)
44:8:46:[0,8)
21:4:47:[0,4)
printing dependencies for unit id: (33, 1)
 OUTGOING DEPENDENCIES:
  dep: (33, 1) -> (36, 0);  time 9 -> 0
34:8:16951:[0,8)
35:4:16952:[0,4)
36:4:16953:[0,4)
37:4:16954:[0,4)
38:4:16955:[0,4)
39:8:16956:[0,8)
40:8:16957:[0,8)
41:8:16958:[0,8)
42:8:16959:[0,8)
43:8:16960:[0,8)
44:8:16961:[0,8)
21:4:16962:[0,4)
  dep: (33, 1) -> (39, 0);  time 9 -> 0
34:8:16951:[0,8)
35:4:16952:[0,4)
36:4:16953:[0,4)
37:4:16954:[0,4)
38:4:16955:[0,4)
39:8:16956:[0,8)
40:8:16957:[0,8)
41:8:16958:[0,8)
42:8:16959:[0,8)
43:8:16960:[0,8)
44:8:16961:[0,8)
21:4:16962:[0,4)
  dep: (33, 1) -> (42, 0);  time 9 -> 0
34:8:16951:[0,8)
35:4:16952:[0,4)
36:4:16953:[0,4)
37:4:16954:[0,4)
38:4:16955:[0,4)
39:8:16956:[0,8)
40:8:16957:[0,8)
41:8:16958:[0,8)
42:8:16959:[0,8)
43:8:16960:[0,8)
44:8:16961:[0,8)
21:4:16962:[0,4)
  dep: (33, 1) -> (45, 0);  time 9 -> 0
34:8:16951:[0,8)
35:4:16952:[0,4)
36:4:16953:[0,4)
37:4:16954:[0,4)
38:4:16955:[0,4)
39:8:16956:[0,8)
40:8:16957:[0,8)
41:8:16958:[0,8)
42:8:16959:[0,8)
43:8:16960:[0,8)
44:8:16961:[0,8)
21:4:16962:[0,4)
 INCOMING DEPENDENCIES:
  dep: (34, 0) -> (33, 1);  time 4723 -> 0
46:4:16964:[0,4)
printing dependencies for unit id: (33, 2)
 OUTGOING DEPENDENCIES:
  dep: (33, 2) -> (0, 2);  time 0 -> 0
 INCOMING DEPENDENCIES:
  dep: (35, 0) -> (33, 2);  time 4723 -> 0
  dep: (36, 1) -> (33, 2);  time 2131 -> 0
  dep: (39, 1) -> (33, 2);  time 8686 -> 0
  dep: (42, 1) -> (33, 2);  time 2134 -> 0
  dep: (45, 1) -> (33, 2);  time 2137 -> 0
printing dependencies for unit id: (34, 0)
 OUTGOING DEPENDENCIES:
  dep: (34, 0) -> (33, 1);  time 4723 -> 0
46:4:16964:[0,4)
 INCOMING DEPENDENCIES:
  dep: (33, 0) -> (34, 0);  time 52 -> 0
34:8:16951:[0,8)
35:4:16952:[0,4)
36:4:16953:[0,4)
39:8:16956:[0,8)
40:8:16957:[0,8)
41:8:16958:[0,8)
42:8:16959:[0,8)
43:8:16960:[0,8)
44:8:16961:[0,8)
21:4:16962:[0,4)
46:4:16964:[0,4)
48:4:16966:[0,4)
49:4:16967:[0,4)
printing dependencies for unit id: (35, 0)
 OUTGOING DEPENDENCIES:
  dep: (35, 0) -> (33, 2);  time 4723 -> 0
 INCOMING DEPENDENCIES:
  dep: (33, 0) -> (35, 0);  time 52 -> 0
34:8:16951:[0,8)
35:4:16952:[0,4)
36:4:16953:[0,4)
39:8:16956:[0,8)
40:8:16957:[0,8)
41:8:16958:[0,8)
42:8:16959:[0,8)
43:8:16960:[0,8)
44:8:16961:[0,8)
21:4:16962:[0,4)
47:4:16965:[0,4)
48:4:16966:[0,4)
49:4:16967:[0,4)
printing dependencies for unit id: (36, 0)
 OUTGOING DEPENDENCIES:
  dep: (36, 0) -> (37, 0);  time 52 -> 0
34:8:18256:[0,8)
35:4:18257:[0,4)
36:4:18258:[0,4)
39:8:18261:[0,8)
40:8:18262:[0,8)
41:8:18263:[0,8)
42:8:18264:[0,8)
43:8:18265:[0,8)
44:8:18266:[0,8)
21:4:18267:[0,4)
46:4:18269:[0,4)
48:4:18271:[0,4)
49:4:18272:[0,4)
  dep: (36, 0) -> (38, 0);  time 52 -> 0
34:8:18256:[0,8)
35:4:18257:[0,4)
36:4:18258:[0,4)
39:8:18261:[0,8)
40:8:18262:[0,8)
41:8:18263:[0,8)
42:8:18264:[0,8)
43:8:18265:[0,8)
44:8:18266:[0,8)
21:4:18267:[0,4)
47:4:18270:[0,4)
48:4:18271:[0,4)
49:4:18272:[0,4)
 INCOMING DEPENDENCIES:
  dep: (33, 1) -> (36, 0);  time 9 -> 0
34:8:16951:[0,8)
35:4:16952:[0,4)
36:4:16953:[0,4)
37:4:16954:[0,4)
38:4:16955:[0,4)
39:8:16956:[0,8)
40:8:16957:[0,8)
41:8:16958:[0,8)
42:8:16959:[0,8)
43:8:16960:[0,8)
44:8:16961:[0,8)
21:4:16962:[0,4)
printing dependencies for unit id: (36, 1)
 OUTGOING DEPENDENCIES:
  dep: (36, 1) -> (33, 2);  time 2131 -> 0
 INCOMING DEPENDENCIES:
  dep: (37, 0) -> (36, 1);  time 2345 -> 0
46:4:18269:[0,4)
  dep: (38, 0) -> (36, 1);  time 2345 -> 0
33:4096:33:[2048,2052)
47:4:18270:[0,4)
printing dependencies for unit id: (37, 0)
 OUTGOING DEPENDENCIES:
  dep: (37, 0) -> (36, 1);  time 2345 -> 0
46:4:18269:[0,4)
 INCOMING DEPENDENCIES:
  dep: (36, 0) -> (37, 0);  time 52 -> 0
34:8:18256:[0,8)
35:4:18257:[0,4)
36:4:18258:[0,4)
39:8:18261:[0,8)
40:8:18262:[0,8)
41:8:18263:[0,8)
42:8:18264:[0,8)
43:8:18265:[0,8)
44:8:18266:[0,8)
21:4:18267:[0,4)
46:4:18269:[0,4)
48:4:18271:[0,4)
49:4:18272:[0,4)
printing dependencies for unit id: (38, 0)
 OUTGOING DEPENDENCIES:
  dep: (38, 0) -> (36, 1);  time 2345 -> 0
33:4096:33:[2048,2052)
47:4:18270:[0,4)
 INCOMING DEPENDENCIES:
  dep: (36, 0) -> (38, 0);  time 52 -> 0
34:8:18256:[0,8)
35:4:18257:[0,4)
36:4:18258:[0,4)
39:8:18261:[0,8)
40:8:18262:[0,8)
41:8:18263:[0,8)
42:8:18264:[0,8)
43:8:18265:[0,8)
44:8:18266:[0,8)
21:4:18267:[0,4)
47:4:18270:[0,4)
48:4:18271:[0,4)
49:4:18272:[0,4)
printing dependencies for unit id: (39, 0)
 OUTGOING DEPENDENCIES:
  dep: (39, 0) -> (40, 0);  time 52 -> 0
34:8:18921:[0,8)
35:4:18922:[0,4)
36:4:18923:[0,4)
39:8:18926:[0,8)
40:8:18927:[0,8)
41:8:18928:[0,8)
42:8:18929:[0,8)
43:8:18930:[0,8)
44:8:18931:[0,8)
21:4:18932:[0,4)
46:4:18934:[0,4)
48:4:18936:[0,4)
49:4:18937:[0,4)
  dep: (39, 0) -> (41, 0);  time 52 -> 0
34:8:18921:[0,8)
35:4:18922:[0,4)
36:4:18923:[0,4)
39:8:18926:[0,8)
40:8:18927:[0,8)
41:8:18928:[0,8)
42:8:18929:[0,8)
43:8:18930:[0,8)
44:8:18931:[0,8)
21:4:18932:[0,4)
47:4:18935:[0,4)
48:4:18936:[0,4)
49:4:18937:[0,4)
 INCOMING DEPENDENCIES:
  dep: (33, 1) -> (39, 0);  time 9 -> 0
34:8:16951:[0,8)
35:4:16952:[0,4)
36:4:16953:[0,4)
37:4:16954:[0,4)
38:4:16955:[0,4)
39:8:16956:[0,8)
40:8:16957:[0,8)
41:8:16958:[0,8)
42:8:16959:[0,8)
43:8:16960:[0,8)
44:8:16961:[0,8)
21:4:16962:[0,4)
printing dependencies for unit id: (39, 1)
 OUTGOING DEPENDENCIES:
  dep: (39, 1) -> (33, 2);  time 8686 -> 0
 INCOMING DEPENDENCIES:
  dep: (40, 0) -> (39, 1);  time 2387 -> 0
46:4:18934:[0,4)
  dep: (41, 0) -> (39, 1);  time 2387 -> 8686
printing dependencies for unit id: (40, 0)
 OUTGOING DEPENDENCIES:
  dep: (40, 0) -> (39, 1);  time 2387 -> 0
46:4:18934:[0,4)
 INCOMING DEPENDENCIES:
  dep: (39, 0) -> (40, 0);  time 52 -> 0
34:8:18921:[0,8)
35:4:18922:[0,4)
36:4:18923:[0,4)
39:8:18926:[0,8)
40:8:18927:[0,8)
41:8:18928:[0,8)
42:8:18929:[0,8)
43:8:18930:[0,8)
44:8:18931:[0,8)
21:4:18932:[0,4)
46:4:18934:[0,4)
48:4:18936:[0,4)
49:4:18937:[0,4)
printing dependencies for unit id: (41, 0)
 OUTGOING DEPENDENCIES:
  dep: (41, 0) -> (39, 1);  time 2387 -> 8686
 INCOMING DEPENDENCIES:
  dep: (39, 0) -> (41, 0);  time 52 -> 0
34:8:18921:[0,8)
35:4:18922:[0,4)
36:4:18923:[0,4)
39:8:18926:[0,8)
40:8:18927:[0,8)
41:8:18928:[0,8)
42:8:18929:[0,8)
43:8:18930:[0,8)
44:8:18931:[0,8)
21:4:18932:[0,4)
47:4:18935:[0,4)
48:4:18936:[0,4)
49:4:18937:[0,4)
printing dependencies for unit id: (42, 0)
 OUTGOING DEPENDENCIES:
  dep: (42, 0) -> (43, 0);  time 52 -> 0
34:8:20866:[0,8)
35:4:20867:[0,4)
36:4:20868:[0,4)
39:8:20871:[0,8)
40:8:20872:[0,8)
41:8:20873:[0,8)
42:8:20874:[0,8)
43:8:20875:[0,8)
44:8:20876:[0,8)
21:4:20877:[0,4)
46:4:20879:[0,4)
48:4:20881:[0,4)
49:4:20882:[0,4)
  dep: (42, 0) -> (44, 0);  time 52 -> 0
34:8:20866:[0,8)
35:4:20867:[0,4)
36:4:20868:[0,4)
39:8:20871:[0,8)
40:8:20872:[0,8)
41:8:20873:[0,8)
42:8:20874:[0,8)
43:8:20875:[0,8)
44:8:20876:[0,8)
21:4:20877:[0,4)
47:4:20880:[0,4)
48:4:20881:[0,4)
49:4:20882:[0,4)
 INCOMING DEPENDENCIES:
  dep: (33, 1) -> (42, 0);  time 9 -> 0
34:8:16951:[0,8)
35:4:16952:[0,4)
36:4:16953:[0,4)
37:4:16954:[0,4)
38:4:16955:[0,4)
39:8:16956:[0,8)
40:8:16957:[0,8)
41:8:16958:[0,8)
42:8:16959:[0,8)
43:8:16960:[0,8)
44:8:16961:[0,8)
21:4:16962:[0,4)
printing dependencies for unit id: (42, 1)
 OUTGOING DEPENDENCIES:
  dep: (42, 1) -> (33, 2);  time 2134 -> 0
 INCOMING DEPENDENCIES:
  dep: (43, 0) -> (42, 1);  time 2345 -> 0
46:4:20879:[0,4)
  dep: (44, 0) -> (42, 1);  time 2345 -> 0
33:4096:33:[3072,3076)
47:4:20880:[0,4)
printing dependencies for unit id: (43, 0)
 OUTGOING DEPENDENCIES:
  dep: (43, 0) -> (42, 1);  time 2345 -> 0
46:4:20879:[0,4)
 INCOMING DEPENDENCIES:
  dep: (42, 0) -> (43, 0);  time 52 -> 0
34:8:20866:[0,8)
35:4:20867:[0,4)
36:4:20868:[0,4)
39:8:20871:[0,8)
40:8:20872:[0,8)
41:8:20873:[0,8)
42:8:20874:[0,8)
43:8:20875:[0,8)
44:8:20876:[0,8)
21:4:20877:[0,4)
46:4:20879:[0,4)
48:4:20881:[0,4)
49:4:20882:[0,4)
printing dependencies for unit id: (44, 0)
 OUTGOING DEPENDENCIES:
  dep: (44, 0) -> (42, 1);  time 2345 -> 0
33:4096:33:[3072,3076)
47:4:20880:[0,4)
 INCOMING DEPENDENCIES:
  dep: (42, 0) -> (44, 0);  time 52 -> 0
34:8:20866:[0,8)
35:4:20867:[0,4)
36:4:20868:[0,4)
39:8:20871:[0,8)
40:8:20872:[0,8)
41:8:20873:[0,8)
42:8:20874:[0,8)
43:8:20875:[0,8)
44:8:20876:[0,8)
21:4:20877:[0,4)
47:4:20880:[0,4)
48:4:20881:[0,4)
49:4:20882:[0,4)
printing dependencies for unit id: (45, 0)
 OUTGOING DEPENDENCIES:
  dep: (45, 0) -> (46, 0);  time 52 -> 0
34:8:21531:[0,8)
35:4:21532:[0,4)
36:4:21533:[0,4)
39:8:21536:[0,8)
40:8:21537:[0,8)
41:8:21538:[0,8)
42:8:21539:[0,8)
43:8:21540:[0,8)
44:8:21541:[0,8)
21:4:21542:[0,4)
46:4:21544:[0,4)
48:4:21546:[0,4)
49:4:21547:[0,4)
  dep: (45, 0) -> (47, 0);  time 52 -> 0
34:8:21531:[0,8)
35:4:21532:[0,4)
36:4:21533:[0,4)
39:8:21536:[0,8)
40:8:21537:[0,8)
41:8:21538:[0,8)
42:8:21539:[0,8)
43:8:21540:[0,8)
44:8:21541:[0,8)
21:4:21542:[0,4)
47:4:21545:[0,4)
48:4:21546:[0,4)
49:4:21547:[0,4)
 INCOMING DEPENDENCIES:
  dep: (33, 1) -> (45, 0);  time 9 -> 0
34:8:16951:[0,8)
35:4:16952:[0,4)
36:4:16953:[0,4)
37:4:16954:[0,4)
38:4:16955:[0,4)
39:8:16956:[0,8)
40:8:16957:[0,8)
41:8:16958:[0,8)
42:8:16959:[0,8)
43:8:16960:[0,8)
44:8:16961:[0,8)
21:4:16962:[0,4)
printing dependencies for unit id: (45, 1)
 OUTGOING DEPENDENCIES:
  dep: (45, 1) -> (33, 2);  time 2137 -> 0
 INCOMING DEPENDENCIES:
  dep: (46, 0) -> (45, 1);  time 2345 -> 0
46:4:21544:[0,4)
  dep: (47, 0) -> (45, 1);  time 2345 -> 0
33:4096:33:[3104,3108)
47:4:21545:[0,4)
printing dependencies for unit id: (46, 0)
 OUTGOING DEPENDENCIES:
  dep: (46, 0) -> (45, 1);  time 2345 -> 0
46:4:21544:[0,4)
 INCOMING DEPENDENCIES:
  dep: (45, 0) -> (46, 0);  time 52 -> 0
34:8:21531:[0,8)
35:4:21532:[0,4)
36:4:21533:[0,4)
39:8:21536:[0,8)
40:8:21537:[0,8)
41:8:21538:[0,8)
42:8:21539:[0,8)
43:8:21540:[0,8)
44:8:21541:[0,8)
21:4:21542:[0,4)
46:4:21544:[0,4)
48:4:21546:[0,4)
49:4:21547:[0,4)
printing dependencies for unit id: (47, 0)
 OUTGOING DEPENDENCIES:
  dep: (47, 0) -> (45, 1);  time 2345 -> 0
33:4096:33:[3104,3108)
47:4:21545:[0,4)
 INCOMING DEPENDENCIES:
  dep: (45, 0) -> (47, 0);  time 52 -> 0
34:8:21531:[0,8)
35:4:21532:[0,4)
36:4:21533:[0,4)
39:8:21536:[0,8)
40:8:21537:[0,8)
41:8:21538:[0,8)
42:8:21539:[0,8)
43:8:21540:[0,8)
44:8:21541:[0,8)
21:4:21542:[0,4)
47:4:21545:[0,4)
48:4:21546:[0,4)
49:4:21547:[0,4)
printing dependencies for unit id: (48, 0)
 OUTGOING DEPENDENCIES:
  dep: (48, 0) -> (49, 0);  time 52 -> 0
34:8:22196:[0,8)
35:4:22197:[0,4)
36:4:22198:[0,4)
39:8:22201:[0,8)
40:8:22202:[0,8)
41:8:22203:[0,8)
42:8:22204:[0,8)
43:8:22205:[0,8)
44:8:22206:[0,8)
21:4:22207:[0,4)
46:4:22209:[0,4)
48:4:22211:[0,4)
49:4:22212:[0,4)
  dep: (48, 0) -> (50, 0);  time 52 -> 0
34:8:22196:[0,8)
35:4:22197:[0,4)
36:4:22198:[0,4)
39:8:22201:[0,8)
40:8:22202:[0,8)
41:8:22203:[0,8)
42:8:22204:[0,8)
43:8:22205:[0,8)
44:8:22206:[0,8)
21:4:22207:[0,4)
47:4:22210:[0,4)
48:4:22211:[0,4)
49:4:22212:[0,4)
 INCOMING DEPENDENCIES:
  dep: (0, 1) -> (48, 0);  time 9 -> 0
34:8:36:[0,8)
35:4:37:[0,4)
36:4:38:[0,4)
37:4:39:[0,4)
38:4:40:[0,4)
39:8:41:[0,8)
40:8:42:[0,8)
41:8:43:[0,8)
42:8:44:[0,8)
43:8:45:[0,8)
44:8:46:[0,8)
21:4:47:[0,4)
printing dependencies for unit id: (48, 1)
 OUTGOING DEPENDENCIES:
  dep: (48, 1) -> (51, 0);  time 9 -> 0
34:8:22196:[0,8)
35:4:22197:[0,4)
36:4:22198:[0,4)
37:4:22199:[0,4)
38:4:22200:[0,4)
39:8:22201:[0,8)
40:8:22202:[0,8)
41:8:22203:[0,8)
42:8:22204:[0,8)
43:8:22205:[0,8)
44:8:22206:[0,8)
21:4:22207:[0,4)
  dep: (48, 1) -> (54, 0);  time 9 -> 0
34:8:22196:[0,8)
35:4:22197:[0,4)
36:4:22198:[0,4)
37:4:22199:[0,4)
38:4:22200:[0,4)
39:8:22201:[0,8)
40:8:22202:[0,8)
41:8:22203:[0,8)
42:8:22204:[0,8)
43:8:22205:[0,8)
44:8:22206:[0,8)
21:4:22207:[0,4)
  dep: (48, 1) -> (57, 0);  time 9 -> 0
34:8:22196:[0,8)
35:4:22197:[0,4)
36:4:22198:[0,4)
37:4:22199:[0,4)
38:4:22200:[0,4)
39:8:22201:[0,8)
40:8:22202:[0,8)
41:8:22203:[0,8)
42:8:22204:[0,8)
43:8:22205:[0,8)
44:8:22206:[0,8)
21:4:22207:[0,4)
  dep: (48, 1) -> (60, 0);  time 9 -> 0
34:8:22196:[0,8)
35:4:22197:[0,4)
36:4:22198:[0,4)
37:4:22199:[0,4)
38:4:22200:[0,4)
39:8:22201:[0,8)
40:8:22202:[0,8)
41:8:22203:[0,8)
42:8:22204:[0,8)
43:8:22205:[0,8)
44:8:22206:[0,8)
21:4:22207:[0,4)
 INCOMING DEPENDENCIES:
  dep: (49, 0) -> (48, 1);  time 34399 -> 0
46:4:22209:[0,4)
printing dependencies for unit id: (48, 2)
 OUTGOING DEPENDENCIES:
  dep: (48, 2) -> (0, 2);  time 0 -> 0
 INCOMING DEPENDENCIES:
  dep: (50, 0) -> (48, 2);  time 18028 -> 0
  dep: (51, 1) -> (48, 2);  time 12589 -> 0
  dep: (54, 1) -> (48, 2);  time 99226 -> 0
  dep: (57, 1) -> (48, 2);  time 2134 -> 0
  dep: (60, 1) -> (48, 2);  time 2137 -> 0
printing dependencies for unit id: (49, 0)
 OUTGOING DEPENDENCIES:
  dep: (49, 0) -> (48, 1);  time 34399 -> 0
46:4:22209:[0,4)
 INCOMING DEPENDENCIES:
  dep: (48, 0) -> (49, 0);  time 52 -> 0
34:8:22196:[0,8)
35:4:22197:[0,4)
36:4:22198:[0,4)
39:8:22201:[0,8)
40:8:22202:[0,8)
41:8:22203:[0,8)
42:8:22204:[0,8)
43:8:22205:[0,8)
44:8:22206:[0,8)
21:4:22207:[0,4)
46:4:22209:[0,4)
48:4:22211:[0,4)
49:4:22212:[0,4)
printing dependencies for unit id: (50, 0)
 OUTGOING DEPENDENCIES:
  dep: (50, 0) -> (48, 2);  time 18028 -> 0
 INCOMING DEPENDENCIES:
  dep: (48, 0) -> (50, 0);  time 52 -> 0
34:8:22196:[0,8)
35:4:22197:[0,4)
36:4:22198:[0,4)
39:8:22201:[0,8)
40:8:22202:[0,8)
41:8:22203:[0,8)
42:8:22204:[0,8)
43:8:22205:[0,8)
44:8:22206:[0,8)
21:4:22207:[0,4)
47:4:22210:[0,4)
48:4:22211:[0,4)
49:4:22212:[0,4)
printing dependencies for unit id: (51, 0)
 OUTGOING DEPENDENCIES:
  dep: (51, 0) -> (52, 0);  time 52 -> 0
34:8:23501:[0,8)
35:4:23502:[0,4)
36:4:23503:[0,4)
39:8:23506:[0,8)
40:8:23507:[0,8)
41:8:23508:[0,8)
42:8:23509:[0,8)
43:8:23510:[0,8)
44:8:23511:[0,8)
21:4:23512:[0,4)
46:4:23514:[0,4)
48:4:23516:[0,4)
49:4:23517:[0,4)
  dep: (51, 0) -> (53, 0);  time 52 -> 0
34:8:23501:[0,8)
35:4:23502:[0,4)
36:4:23503:[0,4)
39:8:23506:[0,8)
40:8:23507:[0,8)
41:8:23508:[0,8)
42:8:23509:[0,8)
43:8:23510:[0,8)
44:8:23511:[0,8)
21:4:23512:[0,4)
47:4:23515:[0,4)
48:4:23516:[0,4)
49:4:23517:[0,4)
 INCOMING DEPENDENCIES:
  dep: (48, 1) -> (51, 0);  time 9 -> 0
34:8:22196:[0,8)
35:4:22197:[0,4)
36:4:22198:[0,4)
37:4:22199:[0,4)
38:4:22200:[0,4)
39:8:22201:[0,8)
40:8:22202:[0,8)
41:8:22203:[0,8)
42:8:22204:[0,8)
43:8:22205:[0,8)
44:8:22206:[0,8)
21:4:22207:[0,4)
printing dependencies for unit id: (51, 1)
 OUTGOING DEPENDENCIES:
  dep: (51, 1) -> (48, 2);  time 12589 -> 0
 INCOMING DEPENDENCIES:
  dep: (52, 0) -> (51, 1);  time 4067 -> 0
46:4:23514:[0,4)
  dep: (53, 0) -> (51, 1);  time 3353 -> 12589
printing dependencies for unit id: (52, 0)
 OUTGOING DEPENDENCIES:
  dep: (52, 0) -> (51, 1);  time 4067 -> 0
46:4:23514:[0,4)
 INCOMING DEPENDENCIES:
  dep: (51, 0) -> (52, 0);  time 52 -> 0
34:8:23501:[0,8)
35:4:23502:[0,4)
36:4:23503:[0,4)
39:8:23506:[0,8)
40:8:23507:[0,8)
41:8:23508:[0,8)
42:8:23509:[0,8)
43:8:23510:[0,8)
44:8:23511:[0,8)
21:4:23512:[0,4)
46:4:23514:[0,4)
48:4:23516:[0,4)
49:4:23517:[0,4)
printing dependencies for unit id: (53, 0)
 OUTGOING DEPENDENCIES:
  dep: (53, 0) -> (51, 1);  time 3353 -> 12589
 INCOMING DEPENDENCIES:
  dep: (51, 0) -> (53, 0);  time 52 -> 0
34:8:23501:[0,8)
35:4:23502:[0,4)
36:4:23503:[0,4)
39:8:23506:[0,8)
40:8:23507:[0,8)
41:8:23508:[0,8)
42:8:23509:[0,8)
43:8:23510:[0,8)
44:8:23511:[0,8)
21:4:23512:[0,4)
47:4:23515:[0,4)
48:4:23516:[0,4)
49:4:23517:[0,4)
printing dependencies for unit id: (54, 0)
 OUTGOING DEPENDENCIES:
  dep: (54, 0) -> (55, 0);  time 52 -> 0
34:8:25446:[0,8)
35:4:25447:[0,4)
36:4:25448:[0,4)
39:8:25451:[0,8)
40:8:25452:[0,8)
41:8:25453:[0,8)
42:8:25454:[0,8)
43:8:25455:[0,8)
44:8:25456:[0,8)
21:4:25457:[0,4)
46:4:25459:[0,4)
48:4:25461:[0,4)
49:4:25462:[0,4)
  dep: (54, 0) -> (56, 0);  time 52 -> 0
34:8:25446:[0,8)
35:4:25447:[0,4)
36:4:25448:[0,4)
39:8:25451:[0,8)
40:8:25452:[0,8)
41:8:25453:[0,8)
42:8:25454:[0,8)
43:8:25455:[0,8)
44:8:25456:[0,8)
21:4:25457:[0,4)
47:4:25460:[0,4)
48:4:25461:[0,4)
49:4:25462:[0,4)
 INCOMING DEPENDENCIES:
  dep: (48, 1) -> (54, 0);  time 9 -> 0
34:8:22196:[0,8)
35:4:22197:[0,4)
36:4:22198:[0,4)
37:4:22199:[0,4)
38:4:22200:[0,4)
39:8:22201:[0,8)
40:8:22202:[0,8)
41:8:22203:[0,8)
42:8:22204:[0,8)
43:8:22205:[0,8)
44:8:22206:[0,8)
21:4:22207:[0,4)
printing dependencies for unit id: (54, 1)
 OUTGOING DEPENDENCIES:
  dep: (54, 1) -> (48, 2);  time 99226 -> 0
 INCOMING DEPENDENCIES:
  dep: (55, 0) -> (54, 1);  time 30761 -> 0
46:4:25459:[0,4)
  dep: (56, 0) -> (54, 1);  time 16448 -> 99226
printing dependencies for unit id: (55, 0)
 OUTGOING DEPENDENCIES:
  dep: (55, 0) -> (54, 1);  time 30761 -> 0
46:4:25459:[0,4)
 INCOMING DEPENDENCIES:
  dep: (54, 0) -> (55, 0);  time 52 -> 0
34:8:25446:[0,8)
35:4:25447:[0,4)
36:4:25448:[0,4)
39:8:25451:[0,8)
40:8:25452:[0,8)
41:8:25453:[0,8)
42:8:25454:[0,8)
43:8:25455:[0,8)
44:8:25456:[0,8)
21:4:25457:[0,4)
46:4:25459:[0,4)
48:4:25461:[0,4)
49:4:25462:[0,4)
printing dependencies for unit id: (56, 0)
 OUTGOING DEPENDENCIES:
  dep: (56, 0) -> (54, 1);  time 16448 -> 99226
 INCOMING DEPENDENCIES:
  dep: (54, 0) -> (56, 0);  time 52 -> 0
34:8:25446:[0,8)
35:4:25447:[0,4)
36:4:25448:[0,4)
39:8:25451:[0,8)
40:8:25452:[0,8)
41:8:25453:[0,8)
42:8:25454:[0,8)
43:8:25455:[0,8)
44:8:25456:[0,8)
21:4:25457:[0,4)
47:4:25460:[0,4)
48:4:25461:[0,4)
49:4:25462:[0,4)
printing dependencies for unit id: (57, 0)
 OUTGOING DEPENDENCIES:
  dep: (57, 0) -> (58, 0);  time 52 -> 0
34:8:27391:[0,8)
35:4:27392:[0,4)
36:4:27393:[0,4)
39:8:27396:[0,8)
40:8:27397:[0,8)
41:8:27398:[0,8)
42:8:27399:[0,8)
43:8:27400:[0,8)
44:8:27401:[0,8)
21:4:27402:[0,4)
46:4:27404:[0,4)
48:4:27406:[0,4)
49:4:27407:[0,4)
  dep: (57, 0) -> (59, 0);  time 52 -> 0
34:8:27391:[0,8)
35:4:27392:[0,4)
36:4:27393:[0,4)
39:8:27396:[0,8)
40:8:27397:[0,8)
41:8:27398:[0,8)
42:8:27399:[0,8)
43:8:27400:[0,8)
44:8:27401:[0,8)
21:4:27402:[0,4)
47:4:27405:[0,4)
48:4:27406:[0,4)
49:4:27407:[0,4)
 INCOMING DEPENDENCIES:
  dep: (48, 1) -> (57, 0);  time 9 -> 0
34:8:22196:[0,8)
35:4:22197:[0,4)
36:4:22198:[0,4)
37:4:22199:[0,4)
38:4:22200:[0,4)
39:8:22201:[0,8)
40:8:22202:[0,8)
41:8:22203:[0,8)
42:8:22204:[0,8)
43:8:22205:[0,8)
44:8:22206:[0,8)
21:4:22207:[0,4)
printing dependencies for unit id: (57, 1)
 OUTGOING DEPENDENCIES:
  dep: (57, 1) -> (48, 2);  time 2134 -> 0
 INCOMING DEPENDENCIES:
  dep: (58, 0) -> (57, 1);  time 2345 -> 0
46:4:27404:[0,4)
  dep: (59, 0) -> (57, 1);  time 2345 -> 0
33:4096:33:[3136,3140)
47:4:27405:[0,4)
printing dependencies for unit id: (58, 0)
 OUTGOING DEPENDENCIES:
  dep: (58, 0) -> (57, 1);  time 2345 -> 0
46:4:27404:[0,4)
 INCOMING DEPENDENCIES:
  dep: (57, 0) -> (58, 0);  time 52 -> 0
34:8:27391:[0,8)
35:4:27392:[0,4)
36:4:27393:[0,4)
39:8:27396:[0,8)
40:8:27397:[0,8)
41:8:27398:[0,8)
42:8:27399:[0,8)
43:8:27400:[0,8)
44:8:27401:[0,8)
21:4:27402:[0,4)
46:4:27404:[0,4)
48:4:27406:[0,4)
49:4:27407:[0,4)
printing dependencies for unit id: (59, 0)
 OUTGOING DEPENDENCIES:
  dep: (59, 0) -> (57, 1);  time 2345 -> 0
33:4096:33:[3136,3140)
47:4:27405:[0,4)
 INCOMING DEPENDENCIES:
  dep: (57, 0) -> (59, 0);  time 52 -> 0
34:8:27391:[0,8)
35:4:27392:[0,4)
36:4:27393:[0,4)
39:8:27396:[0,8)
40:8:27397:[0,8)
41:8:27398:[0,8)
42:8:27399:[0,8)
43:8:27400:[0,8)
44:8:27401:[0,8)
21:4:27402:[0,4)
47:4:27405:[0,4)
48:4:27406:[0,4)
49:4:27407:[0,4)
printing dependencies for unit id: (60, 0)
 OUTGOING DEPENDENCIES:
  dep: (60, 0) -> (61, 0);  time 52 -> 0
34:8:28056:[0,8)
35:4:28057:[0,4)
36:4:28058:[0,4)
39:8:28061:[0,8)
40:8:28062:[0,8)
41:8:28063:[0,8)
42:8:28064:[0,8)
43:8:28065:[0,8)
44:8:28066:[0,8)
21:4:28067:[0,4)
46:4:28069:[0,4)
48:4:28071:[0,4)
49:4:28072:[0,4)
  dep: (60, 0) -> (62, 0);  time 52 -> 0
34:8:28056:[0,8)
35:4:28057:[0,4)
36:4:28058:[0,4)
39:8:28061:[0,8)
40:8:28062:[0,8)
41:8:28063:[0,8)
42:8:28064:[0,8)
43:8:28065:[0,8)
44:8:28066:[0,8)
21:4:28067:[0,4)
47:4:28070:[0,4)
48:4:28071:[0,4)
49:4:28072:[0,4)
 INCOMING DEPENDENCIES:
  dep: (48, 1) -> (60, 0);  time 9 -> 0
34:8:22196:[0,8)
35:4:22197:[0,4)
36:4:22198:[0,4)
37:4:22199:[0,4)
38:4:22200:[0,4)
39:8:22201:[0,8)
40:8:22202:[0,8)
41:8:22203:[0,8)
42:8:22204:[0,8)
43:8:22205:[0,8)
44:8:22206:[0,8)
21:4:22207:[0,4)
printing dependencies for unit id: (60, 1)
 OUTGOING DEPENDENCIES:
  dep: (60, 1) -> (48, 2);  time 2137 -> 0
 INCOMING DEPENDENCIES:
  dep: (61, 0) -> (60, 1);  time 2345 -> 0
46:4:28069:[0,4)
  dep: (62, 0) -> (60, 1);  time 2345 -> 0
33:4096:33:[3168,3172)
47:4:28070:[0,4)
printing dependencies for unit id: (61, 0)
 OUTGOING DEPENDENCIES:
  dep: (61, 0) -> (60, 1);  time 2345 -> 0
46:4:28069:[0,4)
 INCOMING DEPENDENCIES:
  dep: (60, 0) -> (61, 0);  time 52 -> 0
34:8:28056:[0,8)
35:4:28057:[0,4)
36:4:28058:[0,4)
39:8:28061:[0,8)
40:8:28062:[0,8)
41:8:28063:[0,8)
42:8:28064:[0,8)
43:8:28065:[0,8)
44:8:28066:[0,8)
21:4:28067:[0,4)
46:4:28069:[0,4)
48:4:28071:[0,4)
49:4:28072:[0,4)
printing dependencies for unit id: (62, 0)
 OUTGOING DEPENDENCIES:
  dep: (62, 0) -> (60, 1);  time 2345 -> 0
33:4096:33:[3168,3172)
47:4:28070:[0,4)
 INCOMING DEPENDENCIES:
  dep: (60, 0) -> (62, 0);  time 52 -> 0
34:8:28056:[0,8)
35:4:28057:[0,4)
36:4:28058:[0,4)
39:8:28061:[0,8)
40:8:28062:[0,8)
41:8:28063:[0,8)
42:8:28064:[0,8)
43:8:28065:[0,8)
44:8:28066:[0,8)
21:4:28067:[0,4)
47:4:28070:[0,4)
48:4:28071:[0,4)
49:4:28072:[0,4)
