[{'dep_offset': 0,
  'name': 'MAIN_TAREADOR',
  'parent_ending_section': None,
  'parent_starting_section': None,
  'potential_children_tasks': [2, 4, 6, 36, 66, 96],
  'starting_section': 1,
  'task_id': 0,
  'task_sections_cnt': 3,
  'usage_offset': 0},
 {'dep_offset': 1791,
  'name': 'horizontal',
  'parent_ending_section': 125,
  'parent_starting_section': 1,
  'potential_children_tasks': [],
  'starting_section': 2,
  'task_id': 1,
  'task_sections_cnt': 1,
  'usage_offset': 1605},
 {'dep_offset': 2157,
  'name': 'vertical',
  'parent_ending_section': 125,
  'parent_starting_section': 1,
  'potential_children_tasks': [],
  'starting_section': 4,
  'task_id': 2,
  'task_sections_cnt': 1,
  'usage_offset': 2572},
 {'dep_offset': 2510,
  'name': 'case1',
  'parent_ending_section': 125,
  'parent_starting_section': 1,
  'potential_children_tasks': [7, 9, 11, 17, 23, 29],
  'starting_section': 6,
  'task_id': 3,
  'task_sections_cnt': 3,
  'usage_offset': 4193},
 {'dep_offset': 4704,
  'name': 'horizontal',
  'parent_ending_section': 34,
  'parent_starting_section': 6,
  'potential_children_tasks': [],
  'starting_section': 7,
  'task_id': 4,
  'task_sections_cnt': 1,
  'usage_offset': 6687},
 {'dep_offset': 5098,
  'name': 'vertical',
  'parent_ending_section': 34,
  'parent_starting_section': 6,
  'potential_children_tasks': [],
  'starting_section': 9,
  'task_id': 5,
  'task_sections_cnt': 1,
  'usage_offset': 7742},
 {'dep_offset': 5476,
  'name': 'case1',
  'parent_ending_section': 34,
  'parent_starting_section': 6,
  'potential_children_tasks': [12, 14],
  'starting_section': 11,
  'task_id': 6,
  'task_sections_cnt': 2,
  'usage_offset': 9389},
 {'dep_offset': 6552,
  'name': 'horizontal',
  'parent_ending_section': 15,
  'parent_starting_section': 11,
  'potential_children_tasks': [],
  'starting_section': 12,
  'task_id': 7,
  'task_sections_cnt': 1,
  'usage_offset': 11992},
 {'dep_offset': 6946,
  'name': 'vertical',
  'parent_ending_section': 15,
  'parent_starting_section': 11,
  'potential_children_tasks': [],
  'starting_section': 14,
  'task_id': 8,
  'task_sections_cnt': 1,
  'usage_offset': 13077},
 {'dep_offset': 7357,
  'name': 'case2',
  'parent_ending_section': 34,
  'parent_starting_section': 6,
  'potential_children_tasks': [18, 20],
  'starting_section': 17,
  'task_id': 9,
  'task_sections_cnt': 2,
  'usage_offset': 14406},
 {'dep_offset': 8439,
  'name': 'horizontal',
  'parent_ending_section': 21,
  'parent_starting_section': 17,
  'potential_children_tasks': [],
  'starting_section': 18,
  'task_id': 10,
  'task_sections_cnt': 1,
  'usage_offset': 17015},
 {'dep_offset': 8836,
  'name': 'vertical',
  'parent_ending_section': 21,
  'parent_starting_section': 17,
  'potential_children_tasks': [],
  'starting_section': 20,
  'task_id': 11,
  'task_sections_cnt': 1,
  'usage_offset': 18104},
 {'dep_offset': 9252,
  'name': 'case3',
  'parent_ending_section': 34,
  'parent_starting_section': 6,
  'potential_children_tasks': [24, 26],
  'starting_section': 23,
  'task_id': 12,
  'task_sections_cnt': 2,
  'usage_offset': 19439},
 {'dep_offset': 10346,
  'name': 'horizontal',
  'parent_ending_section': 27,
  'parent_starting_section': 23,
  'potential_children_tasks': [],
  'starting_section': 24,
  'task_id': 13,
  'task_sections_cnt': 1,
  'usage_offset': 22095},
 {'dep_offset': 10745,
  'name': 'vertical',
  'parent_ending_section': 27,
  'parent_starting_section': 23,
  'potential_children_tasks': [],
  'starting_section': 26,
  'task_id': 14,
  'task_sections_cnt': 1,
  'usage_offset': 23196},
 {'dep_offset': 11167,
  'name': 'case4',
  'parent_ending_section': 34,
  'parent_starting_section': 6,
  'potential_children_tasks': [30, 32],
  'starting_section': 29,
  'task_id': 15,
  'task_sections_cnt': 2,
  'usage_offset': 24603},
 {'dep_offset': 12225,
  'name': 'horizontal',
  'parent_ending_section': 33,
  'parent_starting_section': 29,
  'potential_children_tasks': [],
  'starting_section': 30,
  'task_id': 16,
  'task_sections_cnt': 1,
  'usage_offset': 27269},
 {'dep_offset': 12624,
  'name': 'vertical',
  'parent_ending_section': 33,
  'parent_starting_section': 29,
  'potential_children_tasks': [],
  'starting_section': 32,
  'task_id': 17,
  'task_sections_cnt': 1,
  'usage_offset': 28370},
 {'dep_offset': 13010,
  'name': 'case2',
  'parent_ending_section': 125,
  'parent_starting_section': 1,
  'potential_children_tasks': [37, 39, 41, 47, 53, 59],
  'starting_section': 36,
  'task_id': 18,
  'task_sections_cnt': 3,
  'usage_offset': 29777},
 {'dep_offset': 15235,
  'name': 'horizontal',
  'parent_ending_section': 64,
  'parent_starting_section': 36,
  'potential_children_tasks': [],
  'starting_section': 37,
  'task_id': 19,
  'task_sections_cnt': 1,
  'usage_offset': 32280},
 {'dep_offset': 15635,
  'name': 'vertical',
  'parent_ending_section': 64,
  'parent_starting_section': 36,
  'potential_children_tasks': [],
  'starting_section': 39,
  'task_id': 20,
  'task_sections_cnt': 1,
  'usage_offset': 33349},
 {'dep_offset': 16019,
  'name': 'case1',
  'parent_ending_section': 64,
  'parent_starting_section': 36,
  'potential_children_tasks': [42, 44],
  'starting_section': 41,
  'task_id': 21,
  'task_sections_cnt': 2,
  'usage_offset': 35018},
 {'dep_offset': 17079,
  'name': 'horizontal',
  'parent_ending_section': 45,
  'parent_starting_section': 41,
  'potential_children_tasks': [],
  'starting_section': 42,
  'task_id': 22,
  'task_sections_cnt': 1,
  'usage_offset': 37651},
 {'dep_offset': 17478,
  'name': 'vertical',
  'parent_ending_section': 45,
  'parent_starting_section': 41,
  'potential_children_tasks': [],
  'starting_section': 44,
  'task_id': 23,
  'task_sections_cnt': 1,
  'usage_offset': 38744},
 {'dep_offset': 17864,
  'name': 'case2',
  'parent_ending_section': 64,
  'parent_starting_section': 36,
  'potential_children_tasks': [48, 50],
  'starting_section': 47,
  'task_id': 24,
  'task_sections_cnt': 2,
  'usage_offset': 40083},
 {'dep_offset': 18954,
  'name': 'horizontal',
  'parent_ending_section': 51,
  'parent_starting_section': 47,
  'potential_children_tasks': [],
  'starting_section': 48,
  'task_id': 25,
  'task_sections_cnt': 1,
  'usage_offset': 42762},
 {'dep_offset': 19368,
  'name': 'vertical',
  'parent_ending_section': 51,
  'parent_starting_section': 47,
  'potential_children_tasks': [],
  'starting_section': 50,
  'task_id': 26,
  'task_sections_cnt': 1,
  'usage_offset': 43885},
 {'dep_offset': 19768,
  'name': 'case3',
  'parent_ending_section': 64,
  'parent_starting_section': 36,
  'potential_children_tasks': [54, 56],
  'starting_section': 53,
  'task_id': 27,
  'task_sections_cnt': 2,
  'usage_offset': 45260},
 {'dep_offset': 20859,
  'name': 'horizontal',
  'parent_ending_section': 57,
  'parent_starting_section': 53,
  'potential_children_tasks': [],
  'starting_section': 54,
  'task_id': 28,
  'task_sections_cnt': 1,
  'usage_offset': 47971},
 {'dep_offset': 21273,
  'name': 'vertical',
  'parent_ending_section': 57,
  'parent_starting_section': 53,
  'potential_children_tasks': [],
  'starting_section': 56,
  'task_id': 29,
  'task_sections_cnt': 1,
  'usage_offset': 49102},
 {'dep_offset': 21674,
  'name': 'case4',
  'parent_ending_section': 64,
  'parent_starting_section': 36,
  'potential_children_tasks': [60, 62],
  'starting_section': 59,
  'task_id': 30,
  'task_sections_cnt': 2,
  'usage_offset': 50539},
 {'dep_offset': 22767,
  'name': 'horizontal',
  'parent_ending_section': 63,
  'parent_starting_section': 59,
  'potential_children_tasks': [],
  'starting_section': 60,
  'task_id': 31,
  'task_sections_cnt': 1,
  'usage_offset': 53250},
 {'dep_offset': 23181,
  'name': 'vertical',
  'parent_ending_section': 63,
  'parent_starting_section': 59,
  'potential_children_tasks': [],
  'starting_section': 62,
  'task_id': 32,
  'task_sections_cnt': 1,
  'usage_offset': 54381},
 {'dep_offset': 23583,
  'name': 'case3',
  'parent_ending_section': 125,
  'parent_starting_section': 1,
  'potential_children_tasks': [67, 69, 71, 77, 83, 89],
  'starting_section': 66,
  'task_id': 33,
  'task_sections_cnt': 3,
  'usage_offset': 55818},
 {'dep_offset': 25877,
  'name': 'horizontal',
  'parent_ending_section': 94,
  'parent_starting_section': 66,
  'potential_children_tasks': [],
  'starting_section': 67,
  'task_id': 34,
  'task_sections_cnt': 1,
  'usage_offset': 58369},
 {'dep_offset': 26290,
  'name': 'vertical',
  'parent_ending_section': 94,
  'parent_starting_section': 66,
  'potential_children_tasks': [],
  'starting_section': 69,
  'task_id': 35,
  'task_sections_cnt': 1,
  'usage_offset': 59470},
 {'dep_offset': 26686,
  'name': 'case1',
  'parent_ending_section': 94,
  'parent_starting_section': 66,
  'potential_children_tasks': [72, 74],
  'starting_section': 71,
  'task_id': 36,
  'task_sections_cnt': 2,
  'usage_offset': 61229},
 {'dep_offset': 27822,
  'name': 'horizontal',
  'parent_ending_section': 75,
  'parent_starting_section': 71,
  'potential_children_tasks': [],
  'starting_section': 72,
  'task_id': 37,
  'task_sections_cnt': 1,
  'usage_offset': 63956},
 {'dep_offset': 28235,
  'name': 'vertical',
  'parent_ending_section': 75,
  'parent_starting_section': 71,
  'potential_children_tasks': [],
  'starting_section': 74,
  'task_id': 38,
  'task_sections_cnt': 1,
  'usage_offset': 65087},
 {'dep_offset': 28671,
  'name': 'case2',
  'parent_ending_section': 94,
  'parent_starting_section': 66,
  'potential_children_tasks': [78, 80],
  'starting_section': 77,
  'task_id': 39,
  'task_sections_cnt': 2,
  'usage_offset': 66524},
 {'dep_offset': 29770,
  'name': 'horizontal',
  'parent_ending_section': 81,
  'parent_starting_section': 77,
  'potential_children_tasks': [],
  'starting_section': 78,
  'task_id': 40,
  'task_sections_cnt': 1,
  'usage_offset': 69259},
 {'dep_offset': 30183,
  'name': 'vertical',
  'parent_ending_section': 81,
  'parent_starting_section': 77,
  'potential_children_tasks': [],
  'starting_section': 80,
  'task_id': 41,
  'task_sections_cnt': 1,
  'usage_offset': 70390},
 {'dep_offset': 30582,
  'name': 'case3',
  'parent_ending_section': 94,
  'parent_starting_section': 66,
  'potential_children_tasks': [84, 86],
  'starting_section': 83,
  'task_id': 42,
  'task_sections_cnt': 2,
  'usage_offset': 71827},
 {'dep_offset': 31718,
  'name': 'horizontal',
  'parent_ending_section': 87,
  'parent_starting_section': 83,
  'potential_children_tasks': [],
  'starting_section': 84,
  'task_id': 43,
  'task_sections_cnt': 1,
  'usage_offset': 74554},
 {'dep_offset': 32131,
  'name': 'vertical',
  'parent_ending_section': 87,
  'parent_starting_section': 83,
  'potential_children_tasks': [],
  'starting_section': 86,
  'task_id': 44,
  'task_sections_cnt': 1,
  'usage_offset': 75685},
 {'dep_offset': 32567,
  'name': 'case4',
  'parent_ending_section': 94,
  'parent_starting_section': 66,
  'potential_children_tasks': [90, 92],
  'starting_section': 89,
  'task_id': 45,
  'task_sections_cnt': 2,
  'usage_offset': 77122},
 {'dep_offset': 33703,
  'name': 'horizontal',
  'parent_ending_section': 93,
  'parent_starting_section': 89,
  'potential_children_tasks': [],
  'starting_section': 90,
  'task_id': 46,
  'task_sections_cnt': 1,
  'usage_offset': 79849},
 {'dep_offset': 34116,
  'name': 'vertical',
  'parent_ending_section': 93,
  'parent_starting_section': 89,
  'potential_children_tasks': [],
  'starting_section': 92,
  'task_id': 47,
  'task_sections_cnt': 1,
  'usage_offset': 80980},
 {'dep_offset': 34552,
  'name': 'case4',
  'parent_ending_section': 125,
  'parent_starting_section': 1,
  'potential_children_tasks': [97, 99, 101, 107, 113, 119],
  'starting_section': 96,
  'task_id': 48,
  'task_sections_cnt': 3,
  'usage_offset': 82417},
 {'dep_offset': 36850,
  'name': 'horizontal',
  'parent_ending_section': 124,
  'parent_starting_section': 96,
  'potential_children_tasks': [],
  'starting_section': 97,
  'task_id': 49,
  'task_sections_cnt': 1,
  'usage_offset': 84971},
 {'dep_offset': 37264,
  'name': 'vertical',
  'parent_ending_section': 124,
  'parent_starting_section': 96,
  'potential_children_tasks': [],
  'starting_section': 99,
  'task_id': 50,
  'task_sections_cnt': 1,
  'usage_offset': 86072},
 {'dep_offset': 37661,
  'name': 'case1',
  'parent_ending_section': 124,
  'parent_starting_section': 96,
  'potential_children_tasks': [102, 104],
  'starting_section': 101,
  'task_id': 51,
  'task_sections_cnt': 2,
  'usage_offset': 87831},
 {'dep_offset': 38762,
  'name': 'horizontal',
  'parent_ending_section': 105,
  'parent_starting_section': 101,
  'potential_children_tasks': [],
  'starting_section': 102,
  'task_id': 52,
  'task_sections_cnt': 1,
  'usage_offset': 90570},
 {'dep_offset': 39175,
  'name': 'vertical',
  'parent_ending_section': 105,
  'parent_starting_section': 101,
  'potential_children_tasks': [],
  'starting_section': 104,
  'task_id': 53,
  'task_sections_cnt': 1,
  'usage_offset': 91705},
 {'dep_offset': 39575,
  'name': 'case2',
  'parent_ending_section': 124,
  'parent_starting_section': 96,
  'potential_children_tasks': [108, 110],
  'starting_section': 107,
  'task_id': 54,
  'task_sections_cnt': 2,
  'usage_offset': 93146},
 {'dep_offset': 40678,
  'name': 'horizontal',
  'parent_ending_section': 111,
  'parent_starting_section': 107,
  'potential_children_tasks': [],
  'starting_section': 108,
  'task_id': 55,
  'task_sections_cnt': 1,
  'usage_offset': 95885},
 {'dep_offset': 41092,
  'name': 'vertical',
  'parent_ending_section': 111,
  'parent_starting_section': 107,
  'potential_children_tasks': [],
  'starting_section': 110,
  'task_id': 56,
  'task_sections_cnt': 1,
  'usage_offset': 97020},
 {'dep_offset': 41493,
  'name': 'case3',
  'parent_ending_section': 124,
  'parent_starting_section': 96,
  'potential_children_tasks': [114, 116],
  'starting_section': 113,
  'task_id': 57,
  'task_sections_cnt': 2,
  'usage_offset': 98461},
 {'dep_offset': 42629,
  'name': 'horizontal',
  'parent_ending_section': 117,
  'parent_starting_section': 113,
  'potential_children_tasks': [],
  'starting_section': 114,
  'task_id': 58,
  'task_sections_cnt': 1,
  'usage_offset': 101192},
 {'dep_offset': 43042,
  'name': 'vertical',
  'parent_ending_section': 117,
  'parent_starting_section': 113,
  'potential_children_tasks': [],
  'starting_section': 116,
  'task_id': 59,
  'task_sections_cnt': 1,
  'usage_offset': 102327},
 {'dep_offset': 43478,
  'name': 'case4',
  'parent_ending_section': 124,
  'parent_starting_section': 96,
  'potential_children_tasks': [120, 122],
  'starting_section': 119,
  'task_id': 60,
  'task_sections_cnt': 2,
  'usage_offset': 103768},
 {'dep_offset': 44614,
  'name': 'horizontal',
  'parent_ending_section': 123,
  'parent_starting_section': 119,
  'potential_children_tasks': [],
  'starting_section': 120,
  'task_id': 61,
  'task_sections_cnt': 1,
  'usage_offset': 106499},
 {'dep_offset': 45027,
  'name': 'vertical',
  'parent_ending_section': 123,
  'parent_starting_section': 119,
  'potential_children_tasks': [],
  'starting_section': 122,
  'task_id': 62,
  'task_sections_cnt': 1,
  'usage_offset': 107634}]
