printing dependencies for unit id: (0, 0)
 OUTGOING DEPENDENCIES:
  dep: (0, 0) -> (1, 0);  time 43 -> 0
35:8:37:[0,8)
36:8:38:[0,8)
37:8:39:[0,8)
38:8:40:[0,8)
39:8:41:[0,8)
40:8:42:[0,8)
21:4:43:[0,4)
  dep: (0, 0) -> (2, 0);  time 43 -> 0
35:8:37:[0,8)
36:8:38:[0,8)
37:8:39:[0,8)
38:8:40:[0,8)
39:8:41:[0,8)
40:8:42:[0,8)
21:4:43:[0,4)
 INCOMING DEPENDENCIES:
printing dependencies for unit id: (0, 1)
 OUTGOING DEPENDENCIES:
  dep: (0, 1) -> (3, 0);  time 30 -> 0
46:4:51:[0,4)
  dep: (0, 1) -> (4, 0);  time 40 -> 0
46:4:51:[0,4)
  dep: (0, 1) -> (5, 0);  time 50 -> 0
46:4:51:[0,4)
  dep: (0, 1) -> (6, 0);  time 60 -> 0
46:4:51:[0,4)
  dep: (0, 1) -> (7, 0);  time 70 -> 0
46:4:51:[0,4)
  dep: (0, 1) -> (8, 0);  time 80 -> 0
46:4:51:[0,4)
  dep: (0, 1) -> (9, 0);  time 90 -> 0
46:4:51:[0,4)
  dep: (0, 1) -> (10, 0);  time 100 -> 0
46:4:51:[0,4)
  dep: (0, 1) -> (11, 0);  time 122 -> 0
35:8:37:[0,8)
36:8:38:[0,8)
37:8:39:[0,8)
38:8:40:[0,8)
39:8:41:[0,8)
40:8:42:[0,8)
21:4:43:[0,4)
  dep: (0, 1) -> (12, 0);  time 122 -> 0
35:8:37:[0,8)
36:8:38:[0,8)
37:8:39:[0,8)
38:8:40:[0,8)
39:8:41:[0,8)
40:8:42:[0,8)
21:4:43:[0,4)
 INCOMING DEPENDENCIES:
  dep: (2, 0) -> (0, 1);  time 2313 -> 0
33:4096:33:[0,4)
printing dependencies for unit id: (0, 2)
 OUTGOING DEPENDENCIES:
  dep: (0, 2) -> (13, 0);  time 30 -> 0
46:4:51:[0,4)
  dep: (0, 2) -> (14, 0);  time 40 -> 0
46:4:51:[0,4)
  dep: (0, 2) -> (15, 0);  time 50 -> 0
46:4:51:[0,4)
  dep: (0, 2) -> (16, 0);  time 60 -> 0
46:4:51:[0,4)
  dep: (0, 2) -> (17, 0);  time 70 -> 0
46:4:51:[0,4)
  dep: (0, 2) -> (18, 0);  time 80 -> 0
46:4:51:[0,4)
  dep: (0, 2) -> (19, 0);  time 90 -> 0
46:4:51:[0,4)
  dep: (0, 2) -> (20, 0);  time 100 -> 0
46:4:51:[0,4)
  dep: (0, 2) -> (21, 0);  time 122 -> 0
35:8:37:[0,8)
36:8:38:[0,8)
37:8:39:[0,8)
38:8:40:[0,8)
39:8:41:[0,8)
40:8:42:[0,8)
21:4:43:[0,4)
  dep: (0, 2) -> (22, 0);  time 122 -> 0
35:8:37:[0,8)
36:8:38:[0,8)
37:8:39:[0,8)
38:8:40:[0,8)
39:8:41:[0,8)
40:8:42:[0,8)
21:4:43:[0,4)
  dep: (0, 2) -> (23, 0);  time 136 -> 0
35:8:37:[0,8)
36:8:38:[0,8)
37:8:39:[0,8)
38:8:40:[0,8)
39:8:41:[0,8)
40:8:42:[0,8)
21:4:43:[0,4)
46:4:53:[0,4)
  dep: (0, 2) -> (24, 0);  time 146 -> 0
35:8:37:[0,8)
36:8:38:[0,8)
37:8:39:[0,8)
38:8:40:[0,8)
39:8:41:[0,8)
40:8:42:[0,8)
21:4:43:[0,4)
46:4:53:[0,4)
  dep: (0, 2) -> (25, 0);  time 156 -> 0
35:8:37:[0,8)
36:8:38:[0,8)
37:8:39:[0,8)
38:8:40:[0,8)
39:8:41:[0,8)
40:8:42:[0,8)
21:4:43:[0,4)
46:4:53:[0,4)
  dep: (0, 2) -> (26, 0);  time 166 -> 0
35:8:37:[0,8)
36:8:38:[0,8)
37:8:39:[0,8)
38:8:40:[0,8)
39:8:41:[0,8)
40:8:42:[0,8)
21:4:43:[0,4)
46:4:53:[0,4)
  dep: (0, 2) -> (27, 0);  time 176 -> 0
35:8:37:[0,8)
36:8:38:[0,8)
37:8:39:[0,8)
38:8:40:[0,8)
39:8:41:[0,8)
40:8:42:[0,8)
21:4:43:[0,4)
46:4:53:[0,4)
  dep: (0, 2) -> (28, 0);  time 186 -> 0
35:8:37:[0,8)
36:8:38:[0,8)
37:8:39:[0,8)
38:8:40:[0,8)
39:8:41:[0,8)
40:8:42:[0,8)
21:4:43:[0,4)
46:4:53:[0,4)
  dep: (0, 2) -> (29, 0);  time 196 -> 0
35:8:37:[0,8)
36:8:38:[0,8)
37:8:39:[0,8)
38:8:40:[0,8)
39:8:41:[0,8)
40:8:42:[0,8)
21:4:43:[0,4)
46:4:53:[0,4)
  dep: (0, 2) -> (30, 0);  time 206 -> 0
35:8:37:[0,8)
36:8:38:[0,8)
37:8:39:[0,8)
38:8:40:[0,8)
39:8:41:[0,8)
40:8:42:[0,8)
21:4:43:[0,4)
46:4:53:[0,4)
  dep: (0, 2) -> (31, 0);  time 228 -> 0
35:8:37:[0,8)
36:8:38:[0,8)
37:8:39:[0,8)
38:8:40:[0,8)
39:8:41:[0,8)
40:8:42:[0,8)
21:4:43:[0,4)
  dep: (0, 2) -> (32, 0);  time 228 -> 0
35:8:37:[0,8)
36:8:38:[0,8)
37:8:39:[0,8)
38:8:40:[0,8)
39:8:41:[0,8)
40:8:42:[0,8)
21:4:43:[0,4)
  dep: (0, 2) -> (33, 0);  time 242 -> 0
35:8:37:[0,8)
36:8:38:[0,8)
37:8:39:[0,8)
38:8:40:[0,8)
39:8:41:[0,8)
40:8:42:[0,8)
21:4:43:[0,4)
46:4:53:[0,4)
  dep: (0, 2) -> (34, 0);  time 252 -> 0
35:8:37:[0,8)
36:8:38:[0,8)
37:8:39:[0,8)
38:8:40:[0,8)
39:8:41:[0,8)
40:8:42:[0,8)
21:4:43:[0,4)
46:4:53:[0,4)
  dep: (0, 2) -> (35, 0);  time 262 -> 0
35:8:37:[0,8)
36:8:38:[0,8)
37:8:39:[0,8)
38:8:40:[0,8)
39:8:41:[0,8)
40:8:42:[0,8)
21:4:43:[0,4)
46:4:53:[0,4)
  dep: (0, 2) -> (36, 0);  time 272 -> 0
35:8:37:[0,8)
36:8:38:[0,8)
37:8:39:[0,8)
38:8:40:[0,8)
39:8:41:[0,8)
40:8:42:[0,8)
21:4:43:[0,4)
46:4:53:[0,4)
  dep: (0, 2) -> (37, 0);  time 282 -> 0
35:8:37:[0,8)
36:8:38:[0,8)
37:8:39:[0,8)
38:8:40:[0,8)
39:8:41:[0,8)
40:8:42:[0,8)
21:4:43:[0,4)
46:4:53:[0,4)
  dep: (0, 2) -> (38, 0);  time 292 -> 0
35:8:37:[0,8)
36:8:38:[0,8)
37:8:39:[0,8)
38:8:40:[0,8)
39:8:41:[0,8)
40:8:42:[0,8)
21:4:43:[0,4)
46:4:53:[0,4)
  dep: (0, 2) -> (39, 0);  time 302 -> 0
35:8:37:[0,8)
36:8:38:[0,8)
37:8:39:[0,8)
38:8:40:[0,8)
39:8:41:[0,8)
40:8:42:[0,8)
21:4:43:[0,4)
46:4:53:[0,4)
  dep: (0, 2) -> (40, 0);  time 312 -> 0
35:8:37:[0,8)
36:8:38:[0,8)
37:8:39:[0,8)
38:8:40:[0,8)
39:8:41:[0,8)
40:8:42:[0,8)
21:4:43:[0,4)
46:4:53:[0,4)
  dep: (0, 2) -> (41, 0);  time 347 -> 0
35:8:37:[0,8)
36:8:38:[0,8)
37:8:39:[0,8)
38:8:40:[0,8)
39:8:41:[0,8)
40:8:42:[0,8)
21:4:43:[0,4)
  dep: (0, 2) -> (42, 0);  time 347 -> 0
35:8:37:[0,8)
36:8:38:[0,8)
37:8:39:[0,8)
38:8:40:[0,8)
39:8:41:[0,8)
40:8:42:[0,8)
21:4:43:[0,4)
 INCOMING DEPENDENCIES:
  dep: (12, 0) -> (0, 2);  time 2313 -> 0
33:4096:33:[32,36)
printing dependencies for unit id: (0, 3)
 OUTGOING DEPENDENCIES:
  dep: (0, 3) -> (43, 0);  time 30 -> 0
46:4:51:[0,4)
  dep: (0, 3) -> (44, 0);  time 40 -> 0
46:4:51:[0,4)
  dep: (0, 3) -> (45, 0);  time 50 -> 0
46:4:51:[0,4)
  dep: (0, 3) -> (46, 0);  time 60 -> 0
46:4:51:[0,4)
  dep: (0, 3) -> (47, 0);  time 70 -> 0
46:4:51:[0,4)
  dep: (0, 3) -> (48, 0);  time 80 -> 0
46:4:51:[0,4)
  dep: (0, 3) -> (49, 0);  time 90 -> 0
46:4:51:[0,4)
  dep: (0, 3) -> (50, 0);  time 100 -> 0
46:4:51:[0,4)
  dep: (0, 3) -> (51, 0);  time 122 -> 0
35:8:37:[0,8)
36:8:38:[0,8)
37:8:39:[0,8)
38:8:40:[0,8)
39:8:41:[0,8)
40:8:42:[0,8)
21:4:43:[0,4)
  dep: (0, 3) -> (52, 0);  time 122 -> 0
35:8:37:[0,8)
36:8:38:[0,8)
37:8:39:[0,8)
38:8:40:[0,8)
39:8:41:[0,8)
40:8:42:[0,8)
21:4:43:[0,4)
  dep: (0, 3) -> (53, 0);  time 136 -> 0
35:8:37:[0,8)
36:8:38:[0,8)
37:8:39:[0,8)
38:8:40:[0,8)
39:8:41:[0,8)
40:8:42:[0,8)
21:4:43:[0,4)
46:4:53:[0,4)
  dep: (0, 3) -> (54, 0);  time 146 -> 0
35:8:37:[0,8)
36:8:38:[0,8)
37:8:39:[0,8)
38:8:40:[0,8)
39:8:41:[0,8)
40:8:42:[0,8)
21:4:43:[0,4)
46:4:53:[0,4)
  dep: (0, 3) -> (55, 0);  time 156 -> 0
35:8:37:[0,8)
36:8:38:[0,8)
37:8:39:[0,8)
38:8:40:[0,8)
39:8:41:[0,8)
40:8:42:[0,8)
21:4:43:[0,4)
46:4:53:[0,4)
  dep: (0, 3) -> (56, 0);  time 166 -> 0
35:8:37:[0,8)
36:8:38:[0,8)
37:8:39:[0,8)
38:8:40:[0,8)
39:8:41:[0,8)
40:8:42:[0,8)
21:4:43:[0,4)
46:4:53:[0,4)
  dep: (0, 3) -> (57, 0);  time 176 -> 0
35:8:37:[0,8)
36:8:38:[0,8)
37:8:39:[0,8)
38:8:40:[0,8)
39:8:41:[0,8)
40:8:42:[0,8)
21:4:43:[0,4)
46:4:53:[0,4)
  dep: (0, 3) -> (58, 0);  time 186 -> 0
35:8:37:[0,8)
36:8:38:[0,8)
37:8:39:[0,8)
38:8:40:[0,8)
39:8:41:[0,8)
40:8:42:[0,8)
21:4:43:[0,4)
46:4:53:[0,4)
  dep: (0, 3) -> (59, 0);  time 196 -> 0
35:8:37:[0,8)
36:8:38:[0,8)
37:8:39:[0,8)
38:8:40:[0,8)
39:8:41:[0,8)
40:8:42:[0,8)
21:4:43:[0,4)
46:4:53:[0,4)
  dep: (0, 3) -> (60, 0);  time 206 -> 0
35:8:37:[0,8)
36:8:38:[0,8)
37:8:39:[0,8)
38:8:40:[0,8)
39:8:41:[0,8)
40:8:42:[0,8)
21:4:43:[0,4)
46:4:53:[0,4)
  dep: (0, 3) -> (61, 0);  time 228 -> 0
35:8:37:[0,8)
36:8:38:[0,8)
37:8:39:[0,8)
38:8:40:[0,8)
39:8:41:[0,8)
40:8:42:[0,8)
21:4:43:[0,4)
  dep: (0, 3) -> (62, 0);  time 228 -> 0
35:8:37:[0,8)
36:8:38:[0,8)
37:8:39:[0,8)
38:8:40:[0,8)
39:8:41:[0,8)
40:8:42:[0,8)
21:4:43:[0,4)
  dep: (0, 3) -> (63, 0);  time 242 -> 0
35:8:37:[0,8)
36:8:38:[0,8)
37:8:39:[0,8)
38:8:40:[0,8)
39:8:41:[0,8)
40:8:42:[0,8)
21:4:43:[0,4)
46:4:53:[0,4)
  dep: (0, 3) -> (64, 0);  time 252 -> 0
35:8:37:[0,8)
36:8:38:[0,8)
37:8:39:[0,8)
38:8:40:[0,8)
39:8:41:[0,8)
40:8:42:[0,8)
21:4:43:[0,4)
46:4:53:[0,4)
  dep: (0, 3) -> (65, 0);  time 262 -> 0
35:8:37:[0,8)
36:8:38:[0,8)
37:8:39:[0,8)
38:8:40:[0,8)
39:8:41:[0,8)
40:8:42:[0,8)
21:4:43:[0,4)
46:4:53:[0,4)
  dep: (0, 3) -> (66, 0);  time 272 -> 0
35:8:37:[0,8)
36:8:38:[0,8)
37:8:39:[0,8)
38:8:40:[0,8)
39:8:41:[0,8)
40:8:42:[0,8)
21:4:43:[0,4)
46:4:53:[0,4)
  dep: (0, 3) -> (67, 0);  time 282 -> 0
35:8:37:[0,8)
36:8:38:[0,8)
37:8:39:[0,8)
38:8:40:[0,8)
39:8:41:[0,8)
40:8:42:[0,8)
21:4:43:[0,4)
46:4:53:[0,4)
  dep: (0, 3) -> (68, 0);  time 292 -> 0
35:8:37:[0,8)
36:8:38:[0,8)
37:8:39:[0,8)
38:8:40:[0,8)
39:8:41:[0,8)
40:8:42:[0,8)
21:4:43:[0,4)
46:4:53:[0,4)
  dep: (0, 3) -> (69, 0);  time 302 -> 0
35:8:37:[0,8)
36:8:38:[0,8)
37:8:39:[0,8)
38:8:40:[0,8)
39:8:41:[0,8)
40:8:42:[0,8)
21:4:43:[0,4)
46:4:53:[0,4)
  dep: (0, 3) -> (70, 0);  time 312 -> 0
35:8:37:[0,8)
36:8:38:[0,8)
37:8:39:[0,8)
38:8:40:[0,8)
39:8:41:[0,8)
40:8:42:[0,8)
21:4:43:[0,4)
46:4:53:[0,4)
  dep: (0, 3) -> (71, 0);  time 334 -> 0
35:8:37:[0,8)
36:8:38:[0,8)
37:8:39:[0,8)
38:8:40:[0,8)
39:8:41:[0,8)
40:8:42:[0,8)
21:4:43:[0,4)
  dep: (0, 3) -> (72, 0);  time 334 -> 0
35:8:37:[0,8)
36:8:38:[0,8)
37:8:39:[0,8)
38:8:40:[0,8)
39:8:41:[0,8)
40:8:42:[0,8)
21:4:43:[0,4)
  dep: (0, 3) -> (73, 0);  time 348 -> 0
35:8:37:[0,8)
36:8:38:[0,8)
37:8:39:[0,8)
38:8:40:[0,8)
39:8:41:[0,8)
40:8:42:[0,8)
21:4:43:[0,4)
46:4:53:[0,4)
  dep: (0, 3) -> (74, 0);  time 358 -> 0
35:8:37:[0,8)
36:8:38:[0,8)
37:8:39:[0,8)
38:8:40:[0,8)
39:8:41:[0,8)
40:8:42:[0,8)
21:4:43:[0,4)
46:4:53:[0,4)
  dep: (0, 3) -> (75, 0);  time 368 -> 0
35:8:37:[0,8)
36:8:38:[0,8)
37:8:39:[0,8)
38:8:40:[0,8)
39:8:41:[0,8)
40:8:42:[0,8)
21:4:43:[0,4)
46:4:53:[0,4)
  dep: (0, 3) -> (76, 0);  time 378 -> 0
35:8:37:[0,8)
36:8:38:[0,8)
37:8:39:[0,8)
38:8:40:[0,8)
39:8:41:[0,8)
40:8:42:[0,8)
21:4:43:[0,4)
46:4:53:[0,4)
  dep: (0, 3) -> (77, 0);  time 388 -> 0
35:8:37:[0,8)
36:8:38:[0,8)
37:8:39:[0,8)
38:8:40:[0,8)
39:8:41:[0,8)
40:8:42:[0,8)
21:4:43:[0,4)
46:4:53:[0,4)
  dep: (0, 3) -> (78, 0);  time 398 -> 0
35:8:37:[0,8)
36:8:38:[0,8)
37:8:39:[0,8)
38:8:40:[0,8)
39:8:41:[0,8)
40:8:42:[0,8)
21:4:43:[0,4)
46:4:53:[0,4)
  dep: (0, 3) -> (79, 0);  time 408 -> 0
35:8:37:[0,8)
36:8:38:[0,8)
37:8:39:[0,8)
38:8:40:[0,8)
39:8:41:[0,8)
40:8:42:[0,8)
21:4:43:[0,4)
46:4:53:[0,4)
  dep: (0, 3) -> (80, 0);  time 418 -> 0
35:8:37:[0,8)
36:8:38:[0,8)
37:8:39:[0,8)
38:8:40:[0,8)
39:8:41:[0,8)
40:8:42:[0,8)
21:4:43:[0,4)
46:4:53:[0,4)
  dep: (0, 3) -> (81, 0);  time 453 -> 0
35:8:37:[0,8)
36:8:38:[0,8)
37:8:39:[0,8)
38:8:40:[0,8)
39:8:41:[0,8)
40:8:42:[0,8)
21:4:43:[0,4)
  dep: (0, 3) -> (82, 0);  time 453 -> 0
35:8:37:[0,8)
36:8:38:[0,8)
37:8:39:[0,8)
38:8:40:[0,8)
39:8:41:[0,8)
40:8:42:[0,8)
21:4:43:[0,4)
 INCOMING DEPENDENCIES:
  dep: (42, 0) -> (0, 3);  time 2313 -> 0
33:4096:33:[1024,1028)
printing dependencies for unit id: (0, 4)
 OUTGOING DEPENDENCIES:
  dep: (0, 4) -> (83, 0);  time 30 -> 0
46:4:51:[0,4)
  dep: (0, 4) -> (84, 0);  time 40 -> 0
46:4:51:[0,4)
  dep: (0, 4) -> (85, 0);  time 50 -> 0
46:4:51:[0,4)
  dep: (0, 4) -> (86, 0);  time 60 -> 0
46:4:51:[0,4)
  dep: (0, 4) -> (87, 0);  time 70 -> 0
46:4:51:[0,4)
  dep: (0, 4) -> (88, 0);  time 80 -> 0
46:4:51:[0,4)
  dep: (0, 4) -> (89, 0);  time 90 -> 0
46:4:51:[0,4)
  dep: (0, 4) -> (90, 0);  time 100 -> 0
46:4:51:[0,4)
  dep: (0, 4) -> (91, 0);  time 122 -> 0
35:8:37:[0,8)
36:8:38:[0,8)
37:8:39:[0,8)
38:8:40:[0,8)
39:8:41:[0,8)
40:8:42:[0,8)
21:4:43:[0,4)
  dep: (0, 4) -> (92, 0);  time 122 -> 0
35:8:37:[0,8)
36:8:38:[0,8)
37:8:39:[0,8)
38:8:40:[0,8)
39:8:41:[0,8)
40:8:42:[0,8)
21:4:43:[0,4)
  dep: (0, 4) -> (93, 0);  time 136 -> 0
35:8:37:[0,8)
36:8:38:[0,8)
37:8:39:[0,8)
38:8:40:[0,8)
39:8:41:[0,8)
40:8:42:[0,8)
21:4:43:[0,4)
46:4:53:[0,4)
  dep: (0, 4) -> (94, 0);  time 146 -> 0
35:8:37:[0,8)
36:8:38:[0,8)
37:8:39:[0,8)
38:8:40:[0,8)
39:8:41:[0,8)
40:8:42:[0,8)
21:4:43:[0,4)
46:4:53:[0,4)
  dep: (0, 4) -> (95, 0);  time 156 -> 0
35:8:37:[0,8)
36:8:38:[0,8)
37:8:39:[0,8)
38:8:40:[0,8)
39:8:41:[0,8)
40:8:42:[0,8)
21:4:43:[0,4)
46:4:53:[0,4)
  dep: (0, 4) -> (96, 0);  time 166 -> 0
35:8:37:[0,8)
36:8:38:[0,8)
37:8:39:[0,8)
38:8:40:[0,8)
39:8:41:[0,8)
40:8:42:[0,8)
21:4:43:[0,4)
46:4:53:[0,4)
  dep: (0, 4) -> (97, 0);  time 176 -> 0
35:8:37:[0,8)
36:8:38:[0,8)
37:8:39:[0,8)
38:8:40:[0,8)
39:8:41:[0,8)
40:8:42:[0,8)
21:4:43:[0,4)
46:4:53:[0,4)
  dep: (0, 4) -> (98, 0);  time 186 -> 0
35:8:37:[0,8)
36:8:38:[0,8)
37:8:39:[0,8)
38:8:40:[0,8)
39:8:41:[0,8)
40:8:42:[0,8)
21:4:43:[0,4)
46:4:53:[0,4)
  dep: (0, 4) -> (99, 0);  time 196 -> 0
35:8:37:[0,8)
36:8:38:[0,8)
37:8:39:[0,8)
38:8:40:[0,8)
39:8:41:[0,8)
40:8:42:[0,8)
21:4:43:[0,4)
46:4:53:[0,4)
  dep: (0, 4) -> (100, 0);  time 206 -> 0
35:8:37:[0,8)
36:8:38:[0,8)
37:8:39:[0,8)
38:8:40:[0,8)
39:8:41:[0,8)
40:8:42:[0,8)
21:4:43:[0,4)
46:4:53:[0,4)
  dep: (0, 4) -> (101, 0);  time 228 -> 0
35:8:37:[0,8)
36:8:38:[0,8)
37:8:39:[0,8)
38:8:40:[0,8)
39:8:41:[0,8)
40:8:42:[0,8)
21:4:43:[0,4)
  dep: (0, 4) -> (102, 0);  time 228 -> 0
35:8:37:[0,8)
36:8:38:[0,8)
37:8:39:[0,8)
38:8:40:[0,8)
39:8:41:[0,8)
40:8:42:[0,8)
21:4:43:[0,4)
  dep: (0, 4) -> (103, 0);  time 242 -> 0
35:8:37:[0,8)
36:8:38:[0,8)
37:8:39:[0,8)
38:8:40:[0,8)
39:8:41:[0,8)
40:8:42:[0,8)
21:4:43:[0,4)
46:4:53:[0,4)
  dep: (0, 4) -> (104, 0);  time 252 -> 0
35:8:37:[0,8)
36:8:38:[0,8)
37:8:39:[0,8)
38:8:40:[0,8)
39:8:41:[0,8)
40:8:42:[0,8)
21:4:43:[0,4)
46:4:53:[0,4)
  dep: (0, 4) -> (105, 0);  time 262 -> 0
35:8:37:[0,8)
36:8:38:[0,8)
37:8:39:[0,8)
38:8:40:[0,8)
39:8:41:[0,8)
40:8:42:[0,8)
21:4:43:[0,4)
46:4:53:[0,4)
  dep: (0, 4) -> (106, 0);  time 272 -> 0
35:8:37:[0,8)
36:8:38:[0,8)
37:8:39:[0,8)
38:8:40:[0,8)
39:8:41:[0,8)
40:8:42:[0,8)
21:4:43:[0,4)
46:4:53:[0,4)
  dep: (0, 4) -> (107, 0);  time 282 -> 0
35:8:37:[0,8)
36:8:38:[0,8)
37:8:39:[0,8)
38:8:40:[0,8)
39:8:41:[0,8)
40:8:42:[0,8)
21:4:43:[0,4)
46:4:53:[0,4)
  dep: (0, 4) -> (108, 0);  time 292 -> 0
35:8:37:[0,8)
36:8:38:[0,8)
37:8:39:[0,8)
38:8:40:[0,8)
39:8:41:[0,8)
40:8:42:[0,8)
21:4:43:[0,4)
46:4:53:[0,4)
  dep: (0, 4) -> (109, 0);  time 302 -> 0
35:8:37:[0,8)
36:8:38:[0,8)
37:8:39:[0,8)
38:8:40:[0,8)
39:8:41:[0,8)
40:8:42:[0,8)
21:4:43:[0,4)
46:4:53:[0,4)
  dep: (0, 4) -> (110, 0);  time 312 -> 0
35:8:37:[0,8)
36:8:38:[0,8)
37:8:39:[0,8)
38:8:40:[0,8)
39:8:41:[0,8)
40:8:42:[0,8)
21:4:43:[0,4)
46:4:53:[0,4)
  dep: (0, 4) -> (111, 0);  time 334 -> 0
35:8:37:[0,8)
36:8:38:[0,8)
37:8:39:[0,8)
38:8:40:[0,8)
39:8:41:[0,8)
40:8:42:[0,8)
21:4:43:[0,4)
  dep: (0, 4) -> (112, 0);  time 334 -> 0
35:8:37:[0,8)
36:8:38:[0,8)
37:8:39:[0,8)
38:8:40:[0,8)
39:8:41:[0,8)
40:8:42:[0,8)
21:4:43:[0,4)
  dep: (0, 4) -> (113, 0);  time 348 -> 0
35:8:37:[0,8)
36:8:38:[0,8)
37:8:39:[0,8)
38:8:40:[0,8)
39:8:41:[0,8)
40:8:42:[0,8)
21:4:43:[0,4)
46:4:53:[0,4)
  dep: (0, 4) -> (114, 0);  time 358 -> 0
35:8:37:[0,8)
36:8:38:[0,8)
37:8:39:[0,8)
38:8:40:[0,8)
39:8:41:[0,8)
40:8:42:[0,8)
21:4:43:[0,4)
46:4:53:[0,4)
  dep: (0, 4) -> (115, 0);  time 368 -> 0
35:8:37:[0,8)
36:8:38:[0,8)
37:8:39:[0,8)
38:8:40:[0,8)
39:8:41:[0,8)
40:8:42:[0,8)
21:4:43:[0,4)
46:4:53:[0,4)
  dep: (0, 4) -> (116, 0);  time 378 -> 0
35:8:37:[0,8)
36:8:38:[0,8)
37:8:39:[0,8)
38:8:40:[0,8)
39:8:41:[0,8)
40:8:42:[0,8)
21:4:43:[0,4)
46:4:53:[0,4)
  dep: (0, 4) -> (117, 0);  time 388 -> 0
35:8:37:[0,8)
36:8:38:[0,8)
37:8:39:[0,8)
38:8:40:[0,8)
39:8:41:[0,8)
40:8:42:[0,8)
21:4:43:[0,4)
46:4:53:[0,4)
  dep: (0, 4) -> (118, 0);  time 398 -> 0
35:8:37:[0,8)
36:8:38:[0,8)
37:8:39:[0,8)
38:8:40:[0,8)
39:8:41:[0,8)
40:8:42:[0,8)
21:4:43:[0,4)
46:4:53:[0,4)
  dep: (0, 4) -> (119, 0);  time 408 -> 0
35:8:37:[0,8)
36:8:38:[0,8)
37:8:39:[0,8)
38:8:40:[0,8)
39:8:41:[0,8)
40:8:42:[0,8)
21:4:43:[0,4)
46:4:53:[0,4)
  dep: (0, 4) -> (120, 0);  time 418 -> 0
35:8:37:[0,8)
36:8:38:[0,8)
37:8:39:[0,8)
38:8:40:[0,8)
39:8:41:[0,8)
40:8:42:[0,8)
21:4:43:[0,4)
46:4:53:[0,4)
  dep: (0, 4) -> (121, 0);  time 453 -> 0
35:8:37:[0,8)
36:8:38:[0,8)
37:8:39:[0,8)
38:8:40:[0,8)
39:8:41:[0,8)
40:8:42:[0,8)
21:4:43:[0,4)
  dep: (0, 4) -> (122, 0);  time 453 -> 0
35:8:37:[0,8)
36:8:38:[0,8)
37:8:39:[0,8)
38:8:40:[0,8)
39:8:41:[0,8)
40:8:42:[0,8)
21:4:43:[0,4)
 INCOMING DEPENDENCIES:
  dep: (82, 0) -> (0, 4);  time 2313 -> 0
33:4096:33:[2048,2052)
printing dependencies for unit id: (0, 5)
 OUTGOING DEPENDENCIES:
  dep: (0, 5) -> (123, 0);  time 30 -> 0
46:4:51:[0,4)
  dep: (0, 5) -> (124, 0);  time 40 -> 0
46:4:51:[0,4)
  dep: (0, 5) -> (125, 0);  time 50 -> 0
46:4:51:[0,4)
  dep: (0, 5) -> (126, 0);  time 60 -> 0
46:4:51:[0,4)
  dep: (0, 5) -> (127, 0);  time 70 -> 0
46:4:51:[0,4)
  dep: (0, 5) -> (128, 0);  time 80 -> 0
46:4:51:[0,4)
  dep: (0, 5) -> (129, 0);  time 90 -> 0
46:4:51:[0,4)
  dep: (0, 5) -> (130, 0);  time 100 -> 0
46:4:51:[0,4)
  dep: (0, 5) -> (131, 0);  time 122 -> 0
35:8:37:[0,8)
36:8:38:[0,8)
37:8:39:[0,8)
38:8:40:[0,8)
39:8:41:[0,8)
40:8:42:[0,8)
21:4:43:[0,4)
  dep: (0, 5) -> (132, 0);  time 122 -> 0
35:8:37:[0,8)
36:8:38:[0,8)
37:8:39:[0,8)
38:8:40:[0,8)
39:8:41:[0,8)
40:8:42:[0,8)
21:4:43:[0,4)
 INCOMING DEPENDENCIES:
  dep: (122, 0) -> (0, 5);  time 2313 -> 0
33:4096:33:[3072,3076)
printing dependencies for unit id: (0, 6)
 OUTGOING DEPENDENCIES:
  dep: (0, 6) -> (133, 0);  time 30 -> 0
46:4:51:[0,4)
  dep: (0, 6) -> (134, 0);  time 40 -> 0
46:4:51:[0,4)
  dep: (0, 6) -> (135, 0);  time 50 -> 0
46:4:51:[0,4)
  dep: (0, 6) -> (136, 0);  time 60 -> 0
46:4:51:[0,4)
  dep: (0, 6) -> (137, 0);  time 70 -> 0
46:4:51:[0,4)
  dep: (0, 6) -> (138, 0);  time 80 -> 0
46:4:51:[0,4)
  dep: (0, 6) -> (139, 0);  time 90 -> 0
46:4:51:[0,4)
  dep: (0, 6) -> (140, 0);  time 100 -> 0
46:4:51:[0,4)
  dep: (0, 6) -> (141, 0);  time 122 -> 0
35:8:37:[0,8)
36:8:38:[0,8)
37:8:39:[0,8)
38:8:40:[0,8)
39:8:41:[0,8)
40:8:42:[0,8)
21:4:43:[0,4)
  dep: (0, 6) -> (142, 0);  time 122 -> 0
35:8:37:[0,8)
36:8:38:[0,8)
37:8:39:[0,8)
38:8:40:[0,8)
39:8:41:[0,8)
40:8:42:[0,8)
21:4:43:[0,4)
 INCOMING DEPENDENCIES:
  dep: (132, 0) -> (0, 6);  time 2313 -> 0
33:4096:33:[3104,3108)
printing dependencies for unit id: (0, 7)
 OUTGOING DEPENDENCIES:
  dep: (0, 7) -> (143, 0);  time 30 -> 0
46:4:51:[0,4)
  dep: (0, 7) -> (144, 0);  time 40 -> 0
46:4:51:[0,4)
  dep: (0, 7) -> (145, 0);  time 50 -> 0
46:4:51:[0,4)
  dep: (0, 7) -> (146, 0);  time 60 -> 0
46:4:51:[0,4)
  dep: (0, 7) -> (147, 0);  time 70 -> 0
46:4:51:[0,4)
  dep: (0, 7) -> (148, 0);  time 80 -> 0
46:4:51:[0,4)
  dep: (0, 7) -> (149, 0);  time 90 -> 0
46:4:51:[0,4)
  dep: (0, 7) -> (150, 0);  time 100 -> 0
46:4:51:[0,4)
  dep: (0, 7) -> (151, 0);  time 122 -> 0
35:8:37:[0,8)
36:8:38:[0,8)
37:8:39:[0,8)
38:8:40:[0,8)
39:8:41:[0,8)
40:8:42:[0,8)
21:4:43:[0,4)
  dep: (0, 7) -> (152, 0);  time 122 -> 0
35:8:37:[0,8)
36:8:38:[0,8)
37:8:39:[0,8)
38:8:40:[0,8)
39:8:41:[0,8)
40:8:42:[0,8)
21:4:43:[0,4)
 INCOMING DEPENDENCIES:
  dep: (142, 0) -> (0, 7);  time 2313 -> 0
33:4096:33:[3136,3140)
printing dependencies for unit id: (0, 8)
 OUTGOING DEPENDENCIES:
  dep: (0, 8) -> (153, 0);  time 30 -> 0
46:4:51:[0,4)
  dep: (0, 8) -> (154, 0);  time 40 -> 0
46:4:51:[0,4)
  dep: (0, 8) -> (155, 0);  time 50 -> 0
46:4:51:[0,4)
  dep: (0, 8) -> (156, 0);  time 60 -> 0
46:4:51:[0,4)
  dep: (0, 8) -> (157, 0);  time 70 -> 0
46:4:51:[0,4)
  dep: (0, 8) -> (158, 0);  time 80 -> 0
46:4:51:[0,4)
  dep: (0, 8) -> (159, 0);  time 90 -> 0
46:4:51:[0,4)
  dep: (0, 8) -> (160, 0);  time 100 -> 0
46:4:51:[0,4)
 INCOMING DEPENDENCIES:
  dep: (152, 0) -> (0, 8);  time 2313 -> 0
33:4096:33:[3168,3172)
printing dependencies for unit id: (0, 9)
 OUTGOING DEPENDENCIES:
 INCOMING DEPENDENCIES:
  dep: (1, 0) -> (0, 9);  time 2313 -> 0
  dep: (4, 0) -> (0, 9);  time 240 -> 0
  dep: (5, 0) -> (0, 9);  time 240 -> 0
  dep: (6, 0) -> (0, 9);  time 240 -> 0
  dep: (7, 0) -> (0, 9);  time 240 -> 0
  dep: (8, 0) -> (0, 9);  time 240 -> 0
  dep: (9, 0) -> (0, 9);  time 240 -> 0
  dep: (10, 0) -> (0, 9);  time 240 -> 0
  dep: (11, 0) -> (0, 9);  time 2313 -> 0
  dep: (14, 0) -> (0, 9);  time 240 -> 0
  dep: (15, 0) -> (0, 9);  time 240 -> 0
  dep: (16, 0) -> (0, 9);  time 240 -> 0
  dep: (17, 0) -> (0, 9);  time 240 -> 0
  dep: (18, 0) -> (0, 9);  time 240 -> 0
  dep: (19, 0) -> (0, 9);  time 240 -> 0
  dep: (20, 0) -> (0, 9);  time 240 -> 0
  dep: (21, 0) -> (0, 9);  time 2607 -> 0
  dep: (22, 0) -> (0, 9);  time 2481 -> 0
  dep: (23, 0) -> (0, 9);  time 1056 -> 0
  dep: (24, 0) -> (0, 9);  time 1056 -> 0
  dep: (25, 0) -> (0, 9);  time 1056 -> 0
  dep: (26, 0) -> (0, 9);  time 1056 -> 0
  dep: (27, 0) -> (0, 9);  time 1182 -> 0
  dep: (28, 0) -> (0, 9);  time 1224 -> 0
  dep: (29, 0) -> (0, 9);  time 1308 -> 0
  dep: (30, 0) -> (0, 9);  time 1350 -> 0
  dep: (31, 0) -> (0, 9);  time 11547 -> 0
  dep: (32, 0) -> (0, 9);  time 3027 -> 0
  dep: (33, 0) -> (0, 9);  time 1056 -> 0
  dep: (34, 0) -> (0, 9);  time 1056 -> 0
  dep: (35, 0) -> (0, 9);  time 1056 -> 0
  dep: (36, 0) -> (0, 9);  time 1224 -> 0
  dep: (37, 0) -> (0, 9);  time 1476 -> 0
  dep: (38, 0) -> (0, 9);  time 1980 -> 0
  dep: (39, 0) -> (0, 9);  time 2316 -> 0
  dep: (40, 0) -> (0, 9);  time 10290 -> 0
  dep: (41, 0) -> (0, 9);  time 2313 -> 0
  dep: (44, 0) -> (0, 9);  time 240 -> 0
  dep: (45, 0) -> (0, 9);  time 240 -> 0
  dep: (46, 0) -> (0, 9);  time 240 -> 0
  dep: (47, 0) -> (0, 9);  time 240 -> 0
  dep: (48, 0) -> (0, 9);  time 240 -> 0
  dep: (49, 0) -> (0, 9);  time 240 -> 0
  dep: (50, 0) -> (0, 9);  time 240 -> 0
  dep: (51, 0) -> (0, 9);  time 2355 -> 0
  dep: (52, 0) -> (0, 9);  time 2691 -> 0
  dep: (53, 0) -> (0, 9);  time 1056 -> 0
  dep: (54, 0) -> (0, 9);  time 1056 -> 0
  dep: (55, 0) -> (0, 9);  time 1056 -> 0
  dep: (56, 0) -> (0, 9);  time 1098 -> 0
  dep: (57, 0) -> (0, 9);  time 1140 -> 0
  dep: (58, 0) -> (0, 9);  time 1182 -> 0
  dep: (59, 0) -> (0, 9);  time 1140 -> 0
  dep: (60, 0) -> (0, 9);  time 1098 -> 0
  dep: (61, 0) -> (0, 9);  time 12261 -> 0
  dep: (62, 0) -> (0, 9);  time 20781 -> 0
  dep: (63, 0) -> (0, 9);  time 1434 -> 0
  dep: (64, 0) -> (0, 9);  time 1602 -> 0
  dep: (65, 0) -> (0, 9);  time 1938 -> 0
  dep: (66, 0) -> (0, 9);  time 4290 -> 0
  dep: (67, 0) -> (0, 9);  time 12852 -> 0
  dep: (68, 0) -> (0, 9);  time 18726 -> 0
  dep: (69, 0) -> (0, 9);  time 15873 -> 0
  dep: (70, 0) -> (0, 9);  time 10626 -> 0
  dep: (71, 0) -> (0, 9);  time 41265 -> 0
  dep: (72, 0) -> (0, 9);  time 46341 -> 0
  dep: (73, 0) -> (0, 9);  time 9663 -> 0
  dep: (74, 0) -> (0, 9);  time 22965 -> 0
  dep: (75, 0) -> (0, 9);  time 26574 -> 0
  dep: (76, 0) -> (0, 9);  time 27456 -> 0
  dep: (77, 0) -> (0, 9);  time 34296 -> 0
  dep: (78, 0) -> (0, 9);  time 34296 -> 0
  dep: (79, 0) -> (0, 9);  time 34296 -> 0
  dep: (80, 0) -> (0, 9);  time 31401 -> 0
  dep: (81, 0) -> (0, 9);  time 2313 -> 0
  dep: (84, 0) -> (0, 9);  time 240 -> 0
  dep: (85, 0) -> (0, 9);  time 240 -> 0
  dep: (86, 0) -> (0, 9);  time 240 -> 0
  dep: (87, 0) -> (0, 9);  time 240 -> 0
  dep: (88, 0) -> (0, 9);  time 240 -> 0
  dep: (89, 0) -> (0, 9);  time 240 -> 0
  dep: (90, 0) -> (0, 9);  time 240 -> 0
  dep: (91, 0) -> (0, 9);  time 2355 -> 0
  dep: (92, 0) -> (0, 9);  time 2355 -> 0
  dep: (93, 0) -> (0, 9);  time 1098 -> 0
  dep: (94, 0) -> (0, 9);  time 1056 -> 0
  dep: (95, 0) -> (0, 9);  time 1056 -> 0
  dep: (96, 0) -> (0, 9);  time 1056 -> 0
  dep: (97, 0) -> (0, 9);  time 1056 -> 0
  dep: (98, 0) -> (0, 9);  time 1056 -> 0
  dep: (99, 0) -> (0, 9);  time 1056 -> 0
  dep: (100, 0) -> (0, 9);  time 1056 -> 0
  dep: (101, 0) -> (0, 9);  time 4035 -> 0
  dep: (102, 0) -> (0, 9);  time 3321 -> 0
  dep: (103, 0) -> (0, 9);  time 2694 -> 0
  dep: (104, 0) -> (0, 9);  time 1812 -> 0
  dep: (105, 0) -> (0, 9);  time 1560 -> 0
  dep: (106, 0) -> (0, 9);  time 1392 -> 0
  dep: (107, 0) -> (0, 9);  time 1308 -> 0
  dep: (108, 0) -> (0, 9);  time 1266 -> 0
  dep: (109, 0) -> (0, 9);  time 1224 -> 0
  dep: (110, 0) -> (0, 9);  time 1140 -> 0
  dep: (111, 0) -> (0, 9);  time 30729 -> 0
  dep: (112, 0) -> (0, 9);  time 16416 -> 0
  dep: (113, 0) -> (0, 9);  time 29136 -> 0
  dep: (114, 0) -> (0, 9);  time 26784 -> 0
  dep: (115, 0) -> (0, 9);  time 22716 -> 0
  dep: (116, 0) -> (0, 9);  time 10710 -> 0
  dep: (117, 0) -> (0, 9);  time 4206 -> 0
  dep: (118, 0) -> (0, 9);  time 2232 -> 0
  dep: (119, 0) -> (0, 9);  time 1854 -> 0
  dep: (120, 0) -> (0, 9);  time 1392 -> 0
  dep: (121, 0) -> (0, 9);  time 2313 -> 0
  dep: (124, 0) -> (0, 9);  time 240 -> 0
  dep: (125, 0) -> (0, 9);  time 240 -> 0
  dep: (126, 0) -> (0, 9);  time 240 -> 0
  dep: (127, 0) -> (0, 9);  time 240 -> 0
  dep: (128, 0) -> (0, 9);  time 240 -> 0
  dep: (129, 0) -> (0, 9);  time 240 -> 0
  dep: (130, 0) -> (0, 9);  time 240 -> 0
  dep: (131, 0) -> (0, 9);  time 2313 -> 0
  dep: (134, 0) -> (0, 9);  time 240 -> 0
  dep: (135, 0) -> (0, 9);  time 240 -> 0
  dep: (136, 0) -> (0, 9);  time 240 -> 0
  dep: (137, 0) -> (0, 9);  time 240 -> 0
  dep: (138, 0) -> (0, 9);  time 240 -> 0
  dep: (139, 0) -> (0, 9);  time 240 -> 0
  dep: (140, 0) -> (0, 9);  time 240 -> 0
  dep: (141, 0) -> (0, 9);  time 2313 -> 0
  dep: (144, 0) -> (0, 9);  time 240 -> 0
  dep: (145, 0) -> (0, 9);  time 240 -> 0
  dep: (146, 0) -> (0, 9);  time 240 -> 0
  dep: (147, 0) -> (0, 9);  time 240 -> 0
  dep: (148, 0) -> (0, 9);  time 240 -> 0
  dep: (149, 0) -> (0, 9);  time 240 -> 0
  dep: (150, 0) -> (0, 9);  time 240 -> 0
  dep: (151, 0) -> (0, 9);  time 2313 -> 0
  dep: (154, 0) -> (0, 9);  time 240 -> 0
  dep: (155, 0) -> (0, 9);  time 240 -> 0
  dep: (156, 0) -> (0, 9);  time 240 -> 0
  dep: (157, 0) -> (0, 9);  time 240 -> 0
  dep: (158, 0) -> (0, 9);  time 240 -> 0
  dep: (159, 0) -> (0, 9);  time 240 -> 0
  dep: (160, 0) -> (0, 9);  time 240 -> 0
printing dependencies for unit id: (1, 0)
 OUTGOING DEPENDENCIES:
  dep: (1, 0) -> (0, 9);  time 2313 -> 0
 INCOMING DEPENDENCIES:
  dep: (0, 0) -> (1, 0);  time 43 -> 0
35:8:37:[0,8)
36:8:38:[0,8)
37:8:39:[0,8)
38:8:40:[0,8)
39:8:41:[0,8)
40:8:42:[0,8)
21:4:43:[0,4)
printing dependencies for unit id: (2, 0)
 OUTGOING DEPENDENCIES:
  dep: (2, 0) -> (0, 1);  time 2313 -> 0
33:4096:33:[0,4)
  dep: (2, 0) -> (3, 0);  time 2313 -> 0
33:4096:33:[0,4)
 INCOMING DEPENDENCIES:
  dep: (0, 0) -> (2, 0);  time 43 -> 0
35:8:37:[0,8)
36:8:38:[0,8)
37:8:39:[0,8)
38:8:40:[0,8)
39:8:41:[0,8)
40:8:42:[0,8)
21:4:43:[0,4)
printing dependencies for unit id: (3, 0)
 OUTGOING DEPENDENCIES:
  dep: (3, 0) -> (4, 0);  time 240 -> 0
33:4096:33:[0,4)
  dep: (3, 0) -> (5, 0);  time 240 -> 0
33:4096:33:[0,4)
  dep: (3, 0) -> (6, 0);  time 240 -> 0
33:4096:33:[0,4)
  dep: (3, 0) -> (7, 0);  time 240 -> 0
33:4096:33:[0,4)
  dep: (3, 0) -> (8, 0);  time 240 -> 0
33:4096:33:[0,4)
  dep: (3, 0) -> (9, 0);  time 240 -> 0
33:4096:33:[0,4)
  dep: (3, 0) -> (10, 0);  time 240 -> 0
33:4096:33:[0,4)
 INCOMING DEPENDENCIES:
  dep: (0, 1) -> (3, 0);  time 30 -> 0
46:4:51:[0,4)
  dep: (2, 0) -> (3, 0);  time 2313 -> 0
33:4096:33:[0,4)
printing dependencies for unit id: (4, 0)
 OUTGOING DEPENDENCIES:
  dep: (4, 0) -> (0, 9);  time 240 -> 0
 INCOMING DEPENDENCIES:
  dep: (0, 1) -> (4, 0);  time 40 -> 0
46:4:51:[0,4)
  dep: (3, 0) -> (4, 0);  time 240 -> 0
33:4096:33:[0,4)
printing dependencies for unit id: (5, 0)
 OUTGOING DEPENDENCIES:
  dep: (5, 0) -> (0, 9);  time 240 -> 0
 INCOMING DEPENDENCIES:
  dep: (0, 1) -> (5, 0);  time 50 -> 0
46:4:51:[0,4)
  dep: (3, 0) -> (5, 0);  time 240 -> 0
33:4096:33:[0,4)
printing dependencies for unit id: (6, 0)
 OUTGOING DEPENDENCIES:
  dep: (6, 0) -> (0, 9);  time 240 -> 0
 INCOMING DEPENDENCIES:
  dep: (0, 1) -> (6, 0);  time 60 -> 0
46:4:51:[0,4)
  dep: (3, 0) -> (6, 0);  time 240 -> 0
33:4096:33:[0,4)
printing dependencies for unit id: (7, 0)
 OUTGOING DEPENDENCIES:
  dep: (7, 0) -> (0, 9);  time 240 -> 0
 INCOMING DEPENDENCIES:
  dep: (0, 1) -> (7, 0);  time 70 -> 0
46:4:51:[0,4)
  dep: (3, 0) -> (7, 0);  time 240 -> 0
33:4096:33:[0,4)
printing dependencies for unit id: (8, 0)
 OUTGOING DEPENDENCIES:
  dep: (8, 0) -> (0, 9);  time 240 -> 0
 INCOMING DEPENDENCIES:
  dep: (0, 1) -> (8, 0);  time 80 -> 0
46:4:51:[0,4)
  dep: (3, 0) -> (8, 0);  time 240 -> 0
33:4096:33:[0,4)
printing dependencies for unit id: (9, 0)
 OUTGOING DEPENDENCIES:
  dep: (9, 0) -> (0, 9);  time 240 -> 0
 INCOMING DEPENDENCIES:
  dep: (0, 1) -> (9, 0);  time 90 -> 0
46:4:51:[0,4)
  dep: (3, 0) -> (9, 0);  time 240 -> 0
33:4096:33:[0,4)
printing dependencies for unit id: (10, 0)
 OUTGOING DEPENDENCIES:
  dep: (10, 0) -> (0, 9);  time 240 -> 0
 INCOMING DEPENDENCIES:
  dep: (0, 1) -> (10, 0);  time 100 -> 0
46:4:51:[0,4)
  dep: (3, 0) -> (10, 0);  time 240 -> 0
33:4096:33:[0,4)
printing dependencies for unit id: (11, 0)
 OUTGOING DEPENDENCIES:
  dep: (11, 0) -> (0, 9);  time 2313 -> 0
 INCOMING DEPENDENCIES:
  dep: (0, 1) -> (11, 0);  time 122 -> 0
35:8:37:[0,8)
36:8:38:[0,8)
37:8:39:[0,8)
38:8:40:[0,8)
39:8:41:[0,8)
40:8:42:[0,8)
21:4:43:[0,4)
printing dependencies for unit id: (12, 0)
 OUTGOING DEPENDENCIES:
  dep: (12, 0) -> (0, 2);  time 2313 -> 0
33:4096:33:[32,36)
  dep: (12, 0) -> (13, 0);  time 2313 -> 0
33:4096:33:[32,36)
 INCOMING DEPENDENCIES:
  dep: (0, 1) -> (12, 0);  time 122 -> 0
35:8:37:[0,8)
36:8:38:[0,8)
37:8:39:[0,8)
38:8:40:[0,8)
39:8:41:[0,8)
40:8:42:[0,8)
21:4:43:[0,4)
printing dependencies for unit id: (13, 0)
 OUTGOING DEPENDENCIES:
  dep: (13, 0) -> (14, 0);  time 240 -> 0
33:4096:33:[32,36)
  dep: (13, 0) -> (15, 0);  time 240 -> 0
33:4096:33:[32,36)
  dep: (13, 0) -> (16, 0);  time 240 -> 0
33:4096:33:[32,36)
  dep: (13, 0) -> (17, 0);  time 240 -> 0
33:4096:33:[32,36)
  dep: (13, 0) -> (18, 0);  time 240 -> 0
33:4096:33:[32,36)
  dep: (13, 0) -> (19, 0);  time 240 -> 0
33:4096:33:[32,36)
  dep: (13, 0) -> (20, 0);  time 240 -> 0
33:4096:33:[32,36)
 INCOMING DEPENDENCIES:
  dep: (0, 2) -> (13, 0);  time 30 -> 0
46:4:51:[0,4)
  dep: (12, 0) -> (13, 0);  time 2313 -> 0
33:4096:33:[32,36)
printing dependencies for unit id: (14, 0)
 OUTGOING DEPENDENCIES:
  dep: (14, 0) -> (0, 9);  time 240 -> 0
 INCOMING DEPENDENCIES:
  dep: (0, 2) -> (14, 0);  time 40 -> 0
46:4:51:[0,4)
  dep: (13, 0) -> (14, 0);  time 240 -> 0
33:4096:33:[32,36)
printing dependencies for unit id: (15, 0)
 OUTGOING DEPENDENCIES:
  dep: (15, 0) -> (0, 9);  time 240 -> 0
 INCOMING DEPENDENCIES:
  dep: (0, 2) -> (15, 0);  time 50 -> 0
46:4:51:[0,4)
  dep: (13, 0) -> (15, 0);  time 240 -> 0
33:4096:33:[32,36)
printing dependencies for unit id: (16, 0)
 OUTGOING DEPENDENCIES:
  dep: (16, 0) -> (0, 9);  time 240 -> 0
 INCOMING DEPENDENCIES:
  dep: (0, 2) -> (16, 0);  time 60 -> 0
46:4:51:[0,4)
  dep: (13, 0) -> (16, 0);  time 240 -> 0
33:4096:33:[32,36)
printing dependencies for unit id: (17, 0)
 OUTGOING DEPENDENCIES:
  dep: (17, 0) -> (0, 9);  time 240 -> 0
 INCOMING DEPENDENCIES:
  dep: (0, 2) -> (17, 0);  time 70 -> 0
46:4:51:[0,4)
  dep: (13, 0) -> (17, 0);  time 240 -> 0
33:4096:33:[32,36)
printing dependencies for unit id: (18, 0)
 OUTGOING DEPENDENCIES:
  dep: (18, 0) -> (0, 9);  time 240 -> 0
 INCOMING DEPENDENCIES:
  dep: (0, 2) -> (18, 0);  time 80 -> 0
46:4:51:[0,4)
  dep: (13, 0) -> (18, 0);  time 240 -> 0
33:4096:33:[32,36)
printing dependencies for unit id: (19, 0)
 OUTGOING DEPENDENCIES:
  dep: (19, 0) -> (0, 9);  time 240 -> 0
 INCOMING DEPENDENCIES:
  dep: (0, 2) -> (19, 0);  time 90 -> 0
46:4:51:[0,4)
  dep: (13, 0) -> (19, 0);  time 240 -> 0
33:4096:33:[32,36)
printing dependencies for unit id: (20, 0)
 OUTGOING DEPENDENCIES:
  dep: (20, 0) -> (0, 9);  time 240 -> 0
 INCOMING DEPENDENCIES:
  dep: (0, 2) -> (20, 0);  time 100 -> 0
46:4:51:[0,4)
  dep: (13, 0) -> (20, 0);  time 240 -> 0
33:4096:33:[32,36)
printing dependencies for unit id: (21, 0)
 OUTGOING DEPENDENCIES:
  dep: (21, 0) -> (0, 9);  time 2607 -> 0
 INCOMING DEPENDENCIES:
  dep: (0, 2) -> (21, 0);  time 122 -> 0
35:8:37:[0,8)
36:8:38:[0,8)
37:8:39:[0,8)
38:8:40:[0,8)
39:8:41:[0,8)
40:8:42:[0,8)
21:4:43:[0,4)
printing dependencies for unit id: (22, 0)
 OUTGOING DEPENDENCIES:
  dep: (22, 0) -> (0, 9);  time 2481 -> 0
 INCOMING DEPENDENCIES:
  dep: (0, 2) -> (22, 0);  time 122 -> 0
35:8:37:[0,8)
36:8:38:[0,8)
37:8:39:[0,8)
38:8:40:[0,8)
39:8:41:[0,8)
40:8:42:[0,8)
21:4:43:[0,4)
printing dependencies for unit id: (23, 0)
 OUTGOING DEPENDENCIES:
  dep: (23, 0) -> (0, 9);  time 1056 -> 0
 INCOMING DEPENDENCIES:
  dep: (0, 2) -> (23, 0);  time 136 -> 0
35:8:37:[0,8)
36:8:38:[0,8)
37:8:39:[0,8)
38:8:40:[0,8)
39:8:41:[0,8)
40:8:42:[0,8)
21:4:43:[0,4)
46:4:53:[0,4)
printing dependencies for unit id: (24, 0)
 OUTGOING DEPENDENCIES:
  dep: (24, 0) -> (0, 9);  time 1056 -> 0
 INCOMING DEPENDENCIES:
  dep: (0, 2) -> (24, 0);  time 146 -> 0
35:8:37:[0,8)
36:8:38:[0,8)
37:8:39:[0,8)
38:8:40:[0,8)
39:8:41:[0,8)
40:8:42:[0,8)
21:4:43:[0,4)
46:4:53:[0,4)
printing dependencies for unit id: (25, 0)
 OUTGOING DEPENDENCIES:
  dep: (25, 0) -> (0, 9);  time 1056 -> 0
 INCOMING DEPENDENCIES:
  dep: (0, 2) -> (25, 0);  time 156 -> 0
35:8:37:[0,8)
36:8:38:[0,8)
37:8:39:[0,8)
38:8:40:[0,8)
39:8:41:[0,8)
40:8:42:[0,8)
21:4:43:[0,4)
46:4:53:[0,4)
printing dependencies for unit id: (26, 0)
 OUTGOING DEPENDENCIES:
  dep: (26, 0) -> (0, 9);  time 1056 -> 0
 INCOMING DEPENDENCIES:
  dep: (0, 2) -> (26, 0);  time 166 -> 0
35:8:37:[0,8)
36:8:38:[0,8)
37:8:39:[0,8)
38:8:40:[0,8)
39:8:41:[0,8)
40:8:42:[0,8)
21:4:43:[0,4)
46:4:53:[0,4)
printing dependencies for unit id: (27, 0)
 OUTGOING DEPENDENCIES:
  dep: (27, 0) -> (0, 9);  time 1182 -> 0
 INCOMING DEPENDENCIES:
  dep: (0, 2) -> (27, 0);  time 176 -> 0
35:8:37:[0,8)
36:8:38:[0,8)
37:8:39:[0,8)
38:8:40:[0,8)
39:8:41:[0,8)
40:8:42:[0,8)
21:4:43:[0,4)
46:4:53:[0,4)
printing dependencies for unit id: (28, 0)
 OUTGOING DEPENDENCIES:
  dep: (28, 0) -> (0, 9);  time 1224 -> 0
 INCOMING DEPENDENCIES:
  dep: (0, 2) -> (28, 0);  time 186 -> 0
35:8:37:[0,8)
36:8:38:[0,8)
37:8:39:[0,8)
38:8:40:[0,8)
39:8:41:[0,8)
40:8:42:[0,8)
21:4:43:[0,4)
46:4:53:[0,4)
printing dependencies for unit id: (29, 0)
 OUTGOING DEPENDENCIES:
  dep: (29, 0) -> (0, 9);  time 1308 -> 0
 INCOMING DEPENDENCIES:
  dep: (0, 2) -> (29, 0);  time 196 -> 0
35:8:37:[0,8)
36:8:38:[0,8)
37:8:39:[0,8)
38:8:40:[0,8)
39:8:41:[0,8)
40:8:42:[0,8)
21:4:43:[0,4)
46:4:53:[0,4)
printing dependencies for unit id: (30, 0)
 OUTGOING DEPENDENCIES:
  dep: (30, 0) -> (0, 9);  time 1350 -> 0
 INCOMING DEPENDENCIES:
  dep: (0, 2) -> (30, 0);  time 206 -> 0
35:8:37:[0,8)
36:8:38:[0,8)
37:8:39:[0,8)
38:8:40:[0,8)
39:8:41:[0,8)
40:8:42:[0,8)
21:4:43:[0,4)
46:4:53:[0,4)
printing dependencies for unit id: (31, 0)
 OUTGOING DEPENDENCIES:
  dep: (31, 0) -> (0, 9);  time 11547 -> 0
 INCOMING DEPENDENCIES:
  dep: (0, 2) -> (31, 0);  time 228 -> 0
35:8:37:[0,8)
36:8:38:[0,8)
37:8:39:[0,8)
38:8:40:[0,8)
39:8:41:[0,8)
40:8:42:[0,8)
21:4:43:[0,4)
printing dependencies for unit id: (32, 0)
 OUTGOING DEPENDENCIES:
  dep: (32, 0) -> (0, 9);  time 3027 -> 0
 INCOMING DEPENDENCIES:
  dep: (0, 2) -> (32, 0);  time 228 -> 0
35:8:37:[0,8)
36:8:38:[0,8)
37:8:39:[0,8)
38:8:40:[0,8)
39:8:41:[0,8)
40:8:42:[0,8)
21:4:43:[0,4)
printing dependencies for unit id: (33, 0)
 OUTGOING DEPENDENCIES:
  dep: (33, 0) -> (0, 9);  time 1056 -> 0
 INCOMING DEPENDENCIES:
  dep: (0, 2) -> (33, 0);  time 242 -> 0
35:8:37:[0,8)
36:8:38:[0,8)
37:8:39:[0,8)
38:8:40:[0,8)
39:8:41:[0,8)
40:8:42:[0,8)
21:4:43:[0,4)
46:4:53:[0,4)
printing dependencies for unit id: (34, 0)
 OUTGOING DEPENDENCIES:
  dep: (34, 0) -> (0, 9);  time 1056 -> 0
 INCOMING DEPENDENCIES:
  dep: (0, 2) -> (34, 0);  time 252 -> 0
35:8:37:[0,8)
36:8:38:[0,8)
37:8:39:[0,8)
38:8:40:[0,8)
39:8:41:[0,8)
40:8:42:[0,8)
21:4:43:[0,4)
46:4:53:[0,4)
printing dependencies for unit id: (35, 0)
 OUTGOING DEPENDENCIES:
  dep: (35, 0) -> (0, 9);  time 1056 -> 0
 INCOMING DEPENDENCIES:
  dep: (0, 2) -> (35, 0);  time 262 -> 0
35:8:37:[0,8)
36:8:38:[0,8)
37:8:39:[0,8)
38:8:40:[0,8)
39:8:41:[0,8)
40:8:42:[0,8)
21:4:43:[0,4)
46:4:53:[0,4)
printing dependencies for unit id: (36, 0)
 OUTGOING DEPENDENCIES:
  dep: (36, 0) -> (0, 9);  time 1224 -> 0
 INCOMING DEPENDENCIES:
  dep: (0, 2) -> (36, 0);  time 272 -> 0
35:8:37:[0,8)
36:8:38:[0,8)
37:8:39:[0,8)
38:8:40:[0,8)
39:8:41:[0,8)
40:8:42:[0,8)
21:4:43:[0,4)
46:4:53:[0,4)
printing dependencies for unit id: (37, 0)
 OUTGOING DEPENDENCIES:
  dep: (37, 0) -> (0, 9);  time 1476 -> 0
 INCOMING DEPENDENCIES:
  dep: (0, 2) -> (37, 0);  time 282 -> 0
35:8:37:[0,8)
36:8:38:[0,8)
37:8:39:[0,8)
38:8:40:[0,8)
39:8:41:[0,8)
40:8:42:[0,8)
21:4:43:[0,4)
46:4:53:[0,4)
printing dependencies for unit id: (38, 0)
 OUTGOING DEPENDENCIES:
  dep: (38, 0) -> (0, 9);  time 1980 -> 0
 INCOMING DEPENDENCIES:
  dep: (0, 2) -> (38, 0);  time 292 -> 0
35:8:37:[0,8)
36:8:38:[0,8)
37:8:39:[0,8)
38:8:40:[0,8)
39:8:41:[0,8)
40:8:42:[0,8)
21:4:43:[0,4)
46:4:53:[0,4)
printing dependencies for unit id: (39, 0)
 OUTGOING DEPENDENCIES:
  dep: (39, 0) -> (0, 9);  time 2316 -> 0
 INCOMING DEPENDENCIES:
  dep: (0, 2) -> (39, 0);  time 302 -> 0
35:8:37:[0,8)
36:8:38:[0,8)
37:8:39:[0,8)
38:8:40:[0,8)
39:8:41:[0,8)
40:8:42:[0,8)
21:4:43:[0,4)
46:4:53:[0,4)
printing dependencies for unit id: (40, 0)
 OUTGOING DEPENDENCIES:
  dep: (40, 0) -> (0, 9);  time 10290 -> 0
 INCOMING DEPENDENCIES:
  dep: (0, 2) -> (40, 0);  time 312 -> 0
35:8:37:[0,8)
36:8:38:[0,8)
37:8:39:[0,8)
38:8:40:[0,8)
39:8:41:[0,8)
40:8:42:[0,8)
21:4:43:[0,4)
46:4:53:[0,4)
printing dependencies for unit id: (41, 0)
 OUTGOING DEPENDENCIES:
  dep: (41, 0) -> (0, 9);  time 2313 -> 0
 INCOMING DEPENDENCIES:
  dep: (0, 2) -> (41, 0);  time 347 -> 0
35:8:37:[0,8)
36:8:38:[0,8)
37:8:39:[0,8)
38:8:40:[0,8)
39:8:41:[0,8)
40:8:42:[0,8)
21:4:43:[0,4)
printing dependencies for unit id: (42, 0)
 OUTGOING DEPENDENCIES:
  dep: (42, 0) -> (0, 3);  time 2313 -> 0
33:4096:33:[1024,1028)
  dep: (42, 0) -> (43, 0);  time 2313 -> 0
33:4096:33:[1024,1028)
 INCOMING DEPENDENCIES:
  dep: (0, 2) -> (42, 0);  time 347 -> 0
35:8:37:[0,8)
36:8:38:[0,8)
37:8:39:[0,8)
38:8:40:[0,8)
39:8:41:[0,8)
40:8:42:[0,8)
21:4:43:[0,4)
printing dependencies for unit id: (43, 0)
 OUTGOING DEPENDENCIES:
  dep: (43, 0) -> (44, 0);  time 240 -> 0
33:4096:33:[1024,1028)
  dep: (43, 0) -> (45, 0);  time 240 -> 0
33:4096:33:[1024,1028)
  dep: (43, 0) -> (46, 0);  time 240 -> 0
33:4096:33:[1024,1028)
  dep: (43, 0) -> (47, 0);  time 240 -> 0
33:4096:33:[1024,1028)
  dep: (43, 0) -> (48, 0);  time 240 -> 0
33:4096:33:[1024,1028)
  dep: (43, 0) -> (49, 0);  time 240 -> 0
33:4096:33:[1024,1028)
  dep: (43, 0) -> (50, 0);  time 240 -> 0
33:4096:33:[1024,1028)
 INCOMING DEPENDENCIES:
  dep: (0, 3) -> (43, 0);  time 30 -> 0
46:4:51:[0,4)
  dep: (42, 0) -> (43, 0);  time 2313 -> 0
33:4096:33:[1024,1028)
printing dependencies for unit id: (44, 0)
 OUTGOING DEPENDENCIES:
  dep: (44, 0) -> (0, 9);  time 240 -> 0
 INCOMING DEPENDENCIES:
  dep: (0, 3) -> (44, 0);  time 40 -> 0
46:4:51:[0,4)
  dep: (43, 0) -> (44, 0);  time 240 -> 0
33:4096:33:[1024,1028)
printing dependencies for unit id: (45, 0)
 OUTGOING DEPENDENCIES:
  dep: (45, 0) -> (0, 9);  time 240 -> 0
 INCOMING DEPENDENCIES:
  dep: (0, 3) -> (45, 0);  time 50 -> 0
46:4:51:[0,4)
  dep: (43, 0) -> (45, 0);  time 240 -> 0
33:4096:33:[1024,1028)
printing dependencies for unit id: (46, 0)
 OUTGOING DEPENDENCIES:
  dep: (46, 0) -> (0, 9);  time 240 -> 0
 INCOMING DEPENDENCIES:
  dep: (0, 3) -> (46, 0);  time 60 -> 0
46:4:51:[0,4)
  dep: (43, 0) -> (46, 0);  time 240 -> 0
33:4096:33:[1024,1028)
printing dependencies for unit id: (47, 0)
 OUTGOING DEPENDENCIES:
  dep: (47, 0) -> (0, 9);  time 240 -> 0
 INCOMING DEPENDENCIES:
  dep: (0, 3) -> (47, 0);  time 70 -> 0
46:4:51:[0,4)
  dep: (43, 0) -> (47, 0);  time 240 -> 0
33:4096:33:[1024,1028)
printing dependencies for unit id: (48, 0)
 OUTGOING DEPENDENCIES:
  dep: (48, 0) -> (0, 9);  time 240 -> 0
 INCOMING DEPENDENCIES:
  dep: (0, 3) -> (48, 0);  time 80 -> 0
46:4:51:[0,4)
  dep: (43, 0) -> (48, 0);  time 240 -> 0
33:4096:33:[1024,1028)
printing dependencies for unit id: (49, 0)
 OUTGOING DEPENDENCIES:
  dep: (49, 0) -> (0, 9);  time 240 -> 0
 INCOMING DEPENDENCIES:
  dep: (0, 3) -> (49, 0);  time 90 -> 0
46:4:51:[0,4)
  dep: (43, 0) -> (49, 0);  time 240 -> 0
33:4096:33:[1024,1028)
printing dependencies for unit id: (50, 0)
 OUTGOING DEPENDENCIES:
  dep: (50, 0) -> (0, 9);  time 240 -> 0
 INCOMING DEPENDENCIES:
  dep: (0, 3) -> (50, 0);  time 100 -> 0
46:4:51:[0,4)
  dep: (43, 0) -> (50, 0);  time 240 -> 0
33:4096:33:[1024,1028)
printing dependencies for unit id: (51, 0)
 OUTGOING DEPENDENCIES:
  dep: (51, 0) -> (0, 9);  time 2355 -> 0
 INCOMING DEPENDENCIES:
  dep: (0, 3) -> (51, 0);  time 122 -> 0
35:8:37:[0,8)
36:8:38:[0,8)
37:8:39:[0,8)
38:8:40:[0,8)
39:8:41:[0,8)
40:8:42:[0,8)
21:4:43:[0,4)
printing dependencies for unit id: (52, 0)
 OUTGOING DEPENDENCIES:
  dep: (52, 0) -> (0, 9);  time 2691 -> 0
 INCOMING DEPENDENCIES:
  dep: (0, 3) -> (52, 0);  time 122 -> 0
35:8:37:[0,8)
36:8:38:[0,8)
37:8:39:[0,8)
38:8:40:[0,8)
39:8:41:[0,8)
40:8:42:[0,8)
21:4:43:[0,4)
printing dependencies for unit id: (53, 0)
 OUTGOING DEPENDENCIES:
  dep: (53, 0) -> (0, 9);  time 1056 -> 0
 INCOMING DEPENDENCIES:
  dep: (0, 3) -> (53, 0);  time 136 -> 0
35:8:37:[0,8)
36:8:38:[0,8)
37:8:39:[0,8)
38:8:40:[0,8)
39:8:41:[0,8)
40:8:42:[0,8)
21:4:43:[0,4)
46:4:53:[0,4)
printing dependencies for unit id: (54, 0)
 OUTGOING DEPENDENCIES:
  dep: (54, 0) -> (0, 9);  time 1056 -> 0
 INCOMING DEPENDENCIES:
  dep: (0, 3) -> (54, 0);  time 146 -> 0
35:8:37:[0,8)
36:8:38:[0,8)
37:8:39:[0,8)
38:8:40:[0,8)
39:8:41:[0,8)
40:8:42:[0,8)
21:4:43:[0,4)
46:4:53:[0,4)
printing dependencies for unit id: (55, 0)
 OUTGOING DEPENDENCIES:
  dep: (55, 0) -> (0, 9);  time 1056 -> 0
 INCOMING DEPENDENCIES:
  dep: (0, 3) -> (55, 0);  time 156 -> 0
35:8:37:[0,8)
36:8:38:[0,8)
37:8:39:[0,8)
38:8:40:[0,8)
39:8:41:[0,8)
40:8:42:[0,8)
21:4:43:[0,4)
46:4:53:[0,4)
printing dependencies for unit id: (56, 0)
 OUTGOING DEPENDENCIES:
  dep: (56, 0) -> (0, 9);  time 1098 -> 0
 INCOMING DEPENDENCIES:
  dep: (0, 3) -> (56, 0);  time 166 -> 0
35:8:37:[0,8)
36:8:38:[0,8)
37:8:39:[0,8)
38:8:40:[0,8)
39:8:41:[0,8)
40:8:42:[0,8)
21:4:43:[0,4)
46:4:53:[0,4)
printing dependencies for unit id: (57, 0)
 OUTGOING DEPENDENCIES:
  dep: (57, 0) -> (0, 9);  time 1140 -> 0
 INCOMING DEPENDENCIES:
  dep: (0, 3) -> (57, 0);  time 176 -> 0
35:8:37:[0,8)
36:8:38:[0,8)
37:8:39:[0,8)
38:8:40:[0,8)
39:8:41:[0,8)
40:8:42:[0,8)
21:4:43:[0,4)
46:4:53:[0,4)
printing dependencies for unit id: (58, 0)
 OUTGOING DEPENDENCIES:
  dep: (58, 0) -> (0, 9);  time 1182 -> 0
 INCOMING DEPENDENCIES:
  dep: (0, 3) -> (58, 0);  time 186 -> 0
35:8:37:[0,8)
36:8:38:[0,8)
37:8:39:[0,8)
38:8:40:[0,8)
39:8:41:[0,8)
40:8:42:[0,8)
21:4:43:[0,4)
46:4:53:[0,4)
printing dependencies for unit id: (59, 0)
 OUTGOING DEPENDENCIES:
  dep: (59, 0) -> (0, 9);  time 1140 -> 0
 INCOMING DEPENDENCIES:
  dep: (0, 3) -> (59, 0);  time 196 -> 0
35:8:37:[0,8)
36:8:38:[0,8)
37:8:39:[0,8)
38:8:40:[0,8)
39:8:41:[0,8)
40:8:42:[0,8)
21:4:43:[0,4)
46:4:53:[0,4)
printing dependencies for unit id: (60, 0)
 OUTGOING DEPENDENCIES:
  dep: (60, 0) -> (0, 9);  time 1098 -> 0
 INCOMING DEPENDENCIES:
  dep: (0, 3) -> (60, 0);  time 206 -> 0
35:8:37:[0,8)
36:8:38:[0,8)
37:8:39:[0,8)
38:8:40:[0,8)
39:8:41:[0,8)
40:8:42:[0,8)
21:4:43:[0,4)
46:4:53:[0,4)
printing dependencies for unit id: (61, 0)
 OUTGOING DEPENDENCIES:
  dep: (61, 0) -> (0, 9);  time 12261 -> 0
 INCOMING DEPENDENCIES:
  dep: (0, 3) -> (61, 0);  time 228 -> 0
35:8:37:[0,8)
36:8:38:[0,8)
37:8:39:[0,8)
38:8:40:[0,8)
39:8:41:[0,8)
40:8:42:[0,8)
21:4:43:[0,4)
printing dependencies for unit id: (62, 0)
 OUTGOING DEPENDENCIES:
  dep: (62, 0) -> (0, 9);  time 20781 -> 0
 INCOMING DEPENDENCIES:
  dep: (0, 3) -> (62, 0);  time 228 -> 0
35:8:37:[0,8)
36:8:38:[0,8)
37:8:39:[0,8)
38:8:40:[0,8)
39:8:41:[0,8)
40:8:42:[0,8)
21:4:43:[0,4)
printing dependencies for unit id: (63, 0)
 OUTGOING DEPENDENCIES:
  dep: (63, 0) -> (0, 9);  time 1434 -> 0
 INCOMING DEPENDENCIES:
  dep: (0, 3) -> (63, 0);  time 242 -> 0
35:8:37:[0,8)
36:8:38:[0,8)
37:8:39:[0,8)
38:8:40:[0,8)
39:8:41:[0,8)
40:8:42:[0,8)
21:4:43:[0,4)
46:4:53:[0,4)
printing dependencies for unit id: (64, 0)
 OUTGOING DEPENDENCIES:
  dep: (64, 0) -> (0, 9);  time 1602 -> 0
 INCOMING DEPENDENCIES:
  dep: (0, 3) -> (64, 0);  time 252 -> 0
35:8:37:[0,8)
36:8:38:[0,8)
37:8:39:[0,8)
38:8:40:[0,8)
39:8:41:[0,8)
40:8:42:[0,8)
21:4:43:[0,4)
46:4:53:[0,4)
printing dependencies for unit id: (65, 0)
 OUTGOING DEPENDENCIES:
  dep: (65, 0) -> (0, 9);  time 1938 -> 0
 INCOMING DEPENDENCIES:
  dep: (0, 3) -> (65, 0);  time 262 -> 0
35:8:37:[0,8)
36:8:38:[0,8)
37:8:39:[0,8)
38:8:40:[0,8)
39:8:41:[0,8)
40:8:42:[0,8)
21:4:43:[0,4)
46:4:53:[0,4)
printing dependencies for unit id: (66, 0)
 OUTGOING DEPENDENCIES:
  dep: (66, 0) -> (0, 9);  time 4290 -> 0
 INCOMING DEPENDENCIES:
  dep: (0, 3) -> (66, 0);  time 272 -> 0
35:8:37:[0,8)
36:8:38:[0,8)
37:8:39:[0,8)
38:8:40:[0,8)
39:8:41:[0,8)
40:8:42:[0,8)
21:4:43:[0,4)
46:4:53:[0,4)
printing dependencies for unit id: (67, 0)
 OUTGOING DEPENDENCIES:
  dep: (67, 0) -> (0, 9);  time 12852 -> 0
 INCOMING DEPENDENCIES:
  dep: (0, 3) -> (67, 0);  time 282 -> 0
35:8:37:[0,8)
36:8:38:[0,8)
37:8:39:[0,8)
38:8:40:[0,8)
39:8:41:[0,8)
40:8:42:[0,8)
21:4:43:[0,4)
46:4:53:[0,4)
printing dependencies for unit id: (68, 0)
 OUTGOING DEPENDENCIES:
  dep: (68, 0) -> (0, 9);  time 18726 -> 0
 INCOMING DEPENDENCIES:
  dep: (0, 3) -> (68, 0);  time 292 -> 0
35:8:37:[0,8)
36:8:38:[0,8)
37:8:39:[0,8)
38:8:40:[0,8)
39:8:41:[0,8)
40:8:42:[0,8)
21:4:43:[0,4)
46:4:53:[0,4)
printing dependencies for unit id: (69, 0)
 OUTGOING DEPENDENCIES:
  dep: (69, 0) -> (0, 9);  time 15873 -> 0
 INCOMING DEPENDENCIES:
  dep: (0, 3) -> (69, 0);  time 302 -> 0
35:8:37:[0,8)
36:8:38:[0,8)
37:8:39:[0,8)
38:8:40:[0,8)
39:8:41:[0,8)
40:8:42:[0,8)
21:4:43:[0,4)
46:4:53:[0,4)
printing dependencies for unit id: (70, 0)
 OUTGOING DEPENDENCIES:
  dep: (70, 0) -> (0, 9);  time 10626 -> 0
 INCOMING DEPENDENCIES:
  dep: (0, 3) -> (70, 0);  time 312 -> 0
35:8:37:[0,8)
36:8:38:[0,8)
37:8:39:[0,8)
38:8:40:[0,8)
39:8:41:[0,8)
40:8:42:[0,8)
21:4:43:[0,4)
46:4:53:[0,4)
printing dependencies for unit id: (71, 0)
 OUTGOING DEPENDENCIES:
  dep: (71, 0) -> (0, 9);  time 41265 -> 0
 INCOMING DEPENDENCIES:
  dep: (0, 3) -> (71, 0);  time 334 -> 0
35:8:37:[0,8)
36:8:38:[0,8)
37:8:39:[0,8)
38:8:40:[0,8)
39:8:41:[0,8)
40:8:42:[0,8)
21:4:43:[0,4)
printing dependencies for unit id: (72, 0)
 OUTGOING DEPENDENCIES:
  dep: (72, 0) -> (0, 9);  time 46341 -> 0
 INCOMING DEPENDENCIES:
  dep: (0, 3) -> (72, 0);  time 334 -> 0
35:8:37:[0,8)
36:8:38:[0,8)
37:8:39:[0,8)
38:8:40:[0,8)
39:8:41:[0,8)
40:8:42:[0,8)
21:4:43:[0,4)
printing dependencies for unit id: (73, 0)
 OUTGOING DEPENDENCIES:
  dep: (73, 0) -> (0, 9);  time 9663 -> 0
 INCOMING DEPENDENCIES:
  dep: (0, 3) -> (73, 0);  time 348 -> 0
35:8:37:[0,8)
36:8:38:[0,8)
37:8:39:[0,8)
38:8:40:[0,8)
39:8:41:[0,8)
40:8:42:[0,8)
21:4:43:[0,4)
46:4:53:[0,4)
printing dependencies for unit id: (74, 0)
 OUTGOING DEPENDENCIES:
  dep: (74, 0) -> (0, 9);  time 22965 -> 0
 INCOMING DEPENDENCIES:
  dep: (0, 3) -> (74, 0);  time 358 -> 0
35:8:37:[0,8)
36:8:38:[0,8)
37:8:39:[0,8)
38:8:40:[0,8)
39:8:41:[0,8)
40:8:42:[0,8)
21:4:43:[0,4)
46:4:53:[0,4)
printing dependencies for unit id: (75, 0)
 OUTGOING DEPENDENCIES:
  dep: (75, 0) -> (0, 9);  time 26574 -> 0
 INCOMING DEPENDENCIES:
  dep: (0, 3) -> (75, 0);  time 368 -> 0
35:8:37:[0,8)
36:8:38:[0,8)
37:8:39:[0,8)
38:8:40:[0,8)
39:8:41:[0,8)
40:8:42:[0,8)
21:4:43:[0,4)
46:4:53:[0,4)
printing dependencies for unit id: (76, 0)
 OUTGOING DEPENDENCIES:
  dep: (76, 0) -> (0, 9);  time 27456 -> 0
 INCOMING DEPENDENCIES:
  dep: (0, 3) -> (76, 0);  time 378 -> 0
35:8:37:[0,8)
36:8:38:[0,8)
37:8:39:[0,8)
38:8:40:[0,8)
39:8:41:[0,8)
40:8:42:[0,8)
21:4:43:[0,4)
46:4:53:[0,4)
printing dependencies for unit id: (77, 0)
 OUTGOING DEPENDENCIES:
  dep: (77, 0) -> (0, 9);  time 34296 -> 0
 INCOMING DEPENDENCIES:
  dep: (0, 3) -> (77, 0);  time 388 -> 0
35:8:37:[0,8)
36:8:38:[0,8)
37:8:39:[0,8)
38:8:40:[0,8)
39:8:41:[0,8)
40:8:42:[0,8)
21:4:43:[0,4)
46:4:53:[0,4)
printing dependencies for unit id: (78, 0)
 OUTGOING DEPENDENCIES:
  dep: (78, 0) -> (0, 9);  time 34296 -> 0
 INCOMING DEPENDENCIES:
  dep: (0, 3) -> (78, 0);  time 398 -> 0
35:8:37:[0,8)
36:8:38:[0,8)
37:8:39:[0,8)
38:8:40:[0,8)
39:8:41:[0,8)
40:8:42:[0,8)
21:4:43:[0,4)
46:4:53:[0,4)
printing dependencies for unit id: (79, 0)
 OUTGOING DEPENDENCIES:
  dep: (79, 0) -> (0, 9);  time 34296 -> 0
 INCOMING DEPENDENCIES:
  dep: (0, 3) -> (79, 0);  time 408 -> 0
35:8:37:[0,8)
36:8:38:[0,8)
37:8:39:[0,8)
38:8:40:[0,8)
39:8:41:[0,8)
40:8:42:[0,8)
21:4:43:[0,4)
46:4:53:[0,4)
printing dependencies for unit id: (80, 0)
 OUTGOING DEPENDENCIES:
  dep: (80, 0) -> (0, 9);  time 31401 -> 0
 INCOMING DEPENDENCIES:
  dep: (0, 3) -> (80, 0);  time 418 -> 0
35:8:37:[0,8)
36:8:38:[0,8)
37:8:39:[0,8)
38:8:40:[0,8)
39:8:41:[0,8)
40:8:42:[0,8)
21:4:43:[0,4)
46:4:53:[0,4)
printing dependencies for unit id: (81, 0)
 OUTGOING DEPENDENCIES:
  dep: (81, 0) -> (0, 9);  time 2313 -> 0
 INCOMING DEPENDENCIES:
  dep: (0, 3) -> (81, 0);  time 453 -> 0
35:8:37:[0,8)
36:8:38:[0,8)
37:8:39:[0,8)
38:8:40:[0,8)
39:8:41:[0,8)
40:8:42:[0,8)
21:4:43:[0,4)
printing dependencies for unit id: (82, 0)
 OUTGOING DEPENDENCIES:
  dep: (82, 0) -> (0, 4);  time 2313 -> 0
33:4096:33:[2048,2052)
  dep: (82, 0) -> (83, 0);  time 2313 -> 0
33:4096:33:[2048,2052)
 INCOMING DEPENDENCIES:
  dep: (0, 3) -> (82, 0);  time 453 -> 0
35:8:37:[0,8)
36:8:38:[0,8)
37:8:39:[0,8)
38:8:40:[0,8)
39:8:41:[0,8)
40:8:42:[0,8)
21:4:43:[0,4)
printing dependencies for unit id: (83, 0)
 OUTGOING DEPENDENCIES:
  dep: (83, 0) -> (84, 0);  time 240 -> 0
33:4096:33:[2048,2052)
  dep: (83, 0) -> (85, 0);  time 240 -> 0
33:4096:33:[2048,2052)
  dep: (83, 0) -> (86, 0);  time 240 -> 0
33:4096:33:[2048,2052)
  dep: (83, 0) -> (87, 0);  time 240 -> 0
33:4096:33:[2048,2052)
  dep: (83, 0) -> (88, 0);  time 240 -> 0
33:4096:33:[2048,2052)
  dep: (83, 0) -> (89, 0);  time 240 -> 0
33:4096:33:[2048,2052)
  dep: (83, 0) -> (90, 0);  time 240 -> 0
33:4096:33:[2048,2052)
 INCOMING DEPENDENCIES:
  dep: (0, 4) -> (83, 0);  time 30 -> 0
46:4:51:[0,4)
  dep: (82, 0) -> (83, 0);  time 2313 -> 0
33:4096:33:[2048,2052)
printing dependencies for unit id: (84, 0)
 OUTGOING DEPENDENCIES:
  dep: (84, 0) -> (0, 9);  time 240 -> 0
 INCOMING DEPENDENCIES:
  dep: (0, 4) -> (84, 0);  time 40 -> 0
46:4:51:[0,4)
  dep: (83, 0) -> (84, 0);  time 240 -> 0
33:4096:33:[2048,2052)
printing dependencies for unit id: (85, 0)
 OUTGOING DEPENDENCIES:
  dep: (85, 0) -> (0, 9);  time 240 -> 0
 INCOMING DEPENDENCIES:
  dep: (0, 4) -> (85, 0);  time 50 -> 0
46:4:51:[0,4)
  dep: (83, 0) -> (85, 0);  time 240 -> 0
33:4096:33:[2048,2052)
printing dependencies for unit id: (86, 0)
 OUTGOING DEPENDENCIES:
  dep: (86, 0) -> (0, 9);  time 240 -> 0
 INCOMING DEPENDENCIES:
  dep: (0, 4) -> (86, 0);  time 60 -> 0
46:4:51:[0,4)
  dep: (83, 0) -> (86, 0);  time 240 -> 0
33:4096:33:[2048,2052)
printing dependencies for unit id: (87, 0)
 OUTGOING DEPENDENCIES:
  dep: (87, 0) -> (0, 9);  time 240 -> 0
 INCOMING DEPENDENCIES:
  dep: (0, 4) -> (87, 0);  time 70 -> 0
46:4:51:[0,4)
  dep: (83, 0) -> (87, 0);  time 240 -> 0
33:4096:33:[2048,2052)
printing dependencies for unit id: (88, 0)
 OUTGOING DEPENDENCIES:
  dep: (88, 0) -> (0, 9);  time 240 -> 0
 INCOMING DEPENDENCIES:
  dep: (0, 4) -> (88, 0);  time 80 -> 0
46:4:51:[0,4)
  dep: (83, 0) -> (88, 0);  time 240 -> 0
33:4096:33:[2048,2052)
printing dependencies for unit id: (89, 0)
 OUTGOING DEPENDENCIES:
  dep: (89, 0) -> (0, 9);  time 240 -> 0
 INCOMING DEPENDENCIES:
  dep: (0, 4) -> (89, 0);  time 90 -> 0
46:4:51:[0,4)
  dep: (83, 0) -> (89, 0);  time 240 -> 0
33:4096:33:[2048,2052)
printing dependencies for unit id: (90, 0)
 OUTGOING DEPENDENCIES:
  dep: (90, 0) -> (0, 9);  time 240 -> 0
 INCOMING DEPENDENCIES:
  dep: (0, 4) -> (90, 0);  time 100 -> 0
46:4:51:[0,4)
  dep: (83, 0) -> (90, 0);  time 240 -> 0
33:4096:33:[2048,2052)
printing dependencies for unit id: (91, 0)
 OUTGOING DEPENDENCIES:
  dep: (91, 0) -> (0, 9);  time 2355 -> 0
 INCOMING DEPENDENCIES:
  dep: (0, 4) -> (91, 0);  time 122 -> 0
35:8:37:[0,8)
36:8:38:[0,8)
37:8:39:[0,8)
38:8:40:[0,8)
39:8:41:[0,8)
40:8:42:[0,8)
21:4:43:[0,4)
printing dependencies for unit id: (92, 0)
 OUTGOING DEPENDENCIES:
  dep: (92, 0) -> (0, 9);  time 2355 -> 0
 INCOMING DEPENDENCIES:
  dep: (0, 4) -> (92, 0);  time 122 -> 0
35:8:37:[0,8)
36:8:38:[0,8)
37:8:39:[0,8)
38:8:40:[0,8)
39:8:41:[0,8)
40:8:42:[0,8)
21:4:43:[0,4)
printing dependencies for unit id: (93, 0)
 OUTGOING DEPENDENCIES:
  dep: (93, 0) -> (0, 9);  time 1098 -> 0
 INCOMING DEPENDENCIES:
  dep: (0, 4) -> (93, 0);  time 136 -> 0
35:8:37:[0,8)
36:8:38:[0,8)
37:8:39:[0,8)
38:8:40:[0,8)
39:8:41:[0,8)
40:8:42:[0,8)
21:4:43:[0,4)
46:4:53:[0,4)
printing dependencies for unit id: (94, 0)
 OUTGOING DEPENDENCIES:
  dep: (94, 0) -> (0, 9);  time 1056 -> 0
 INCOMING DEPENDENCIES:
  dep: (0, 4) -> (94, 0);  time 146 -> 0
35:8:37:[0,8)
36:8:38:[0,8)
37:8:39:[0,8)
38:8:40:[0,8)
39:8:41:[0,8)
40:8:42:[0,8)
21:4:43:[0,4)
46:4:53:[0,4)
printing dependencies for unit id: (95, 0)
 OUTGOING DEPENDENCIES:
  dep: (95, 0) -> (0, 9);  time 1056 -> 0
 INCOMING DEPENDENCIES:
  dep: (0, 4) -> (95, 0);  time 156 -> 0
35:8:37:[0,8)
36:8:38:[0,8)
37:8:39:[0,8)
38:8:40:[0,8)
39:8:41:[0,8)
40:8:42:[0,8)
21:4:43:[0,4)
46:4:53:[0,4)
printing dependencies for unit id: (96, 0)
 OUTGOING DEPENDENCIES:
  dep: (96, 0) -> (0, 9);  time 1056 -> 0
 INCOMING DEPENDENCIES:
  dep: (0, 4) -> (96, 0);  time 166 -> 0
35:8:37:[0,8)
36:8:38:[0,8)
37:8:39:[0,8)
38:8:40:[0,8)
39:8:41:[0,8)
40:8:42:[0,8)
21:4:43:[0,4)
46:4:53:[0,4)
printing dependencies for unit id: (97, 0)
 OUTGOING DEPENDENCIES:
  dep: (97, 0) -> (0, 9);  time 1056 -> 0
 INCOMING DEPENDENCIES:
  dep: (0, 4) -> (97, 0);  time 176 -> 0
35:8:37:[0,8)
36:8:38:[0,8)
37:8:39:[0,8)
38:8:40:[0,8)
39:8:41:[0,8)
40:8:42:[0,8)
21:4:43:[0,4)
46:4:53:[0,4)
printing dependencies for unit id: (98, 0)
 OUTGOING DEPENDENCIES:
  dep: (98, 0) -> (0, 9);  time 1056 -> 0
 INCOMING DEPENDENCIES:
  dep: (0, 4) -> (98, 0);  time 186 -> 0
35:8:37:[0,8)
36:8:38:[0,8)
37:8:39:[0,8)
38:8:40:[0,8)
39:8:41:[0,8)
40:8:42:[0,8)
21:4:43:[0,4)
46:4:53:[0,4)
printing dependencies for unit id: (99, 0)
 OUTGOING DEPENDENCIES:
  dep: (99, 0) -> (0, 9);  time 1056 -> 0
 INCOMING DEPENDENCIES:
  dep: (0, 4) -> (99, 0);  time 196 -> 0
35:8:37:[0,8)
36:8:38:[0,8)
37:8:39:[0,8)
38:8:40:[0,8)
39:8:41:[0,8)
40:8:42:[0,8)
21:4:43:[0,4)
46:4:53:[0,4)
printing dependencies for unit id: (100, 0)
 OUTGOING DEPENDENCIES:
  dep: (100, 0) -> (0, 9);  time 1056 -> 0
 INCOMING DEPENDENCIES:
  dep: (0, 4) -> (100, 0);  time 206 -> 0
35:8:37:[0,8)
36:8:38:[0,8)
37:8:39:[0,8)
38:8:40:[0,8)
39:8:41:[0,8)
40:8:42:[0,8)
21:4:43:[0,4)
46:4:53:[0,4)
printing dependencies for unit id: (101, 0)
 OUTGOING DEPENDENCIES:
  dep: (101, 0) -> (0, 9);  time 4035 -> 0
 INCOMING DEPENDENCIES:
  dep: (0, 4) -> (101, 0);  time 228 -> 0
35:8:37:[0,8)
36:8:38:[0,8)
37:8:39:[0,8)
38:8:40:[0,8)
39:8:41:[0,8)
40:8:42:[0,8)
21:4:43:[0,4)
printing dependencies for unit id: (102, 0)
 OUTGOING DEPENDENCIES:
  dep: (102, 0) -> (0, 9);  time 3321 -> 0
 INCOMING DEPENDENCIES:
  dep: (0, 4) -> (102, 0);  time 228 -> 0
35:8:37:[0,8)
36:8:38:[0,8)
37:8:39:[0,8)
38:8:40:[0,8)
39:8:41:[0,8)
40:8:42:[0,8)
21:4:43:[0,4)
printing dependencies for unit id: (103, 0)
 OUTGOING DEPENDENCIES:
  dep: (103, 0) -> (0, 9);  time 2694 -> 0
 INCOMING DEPENDENCIES:
  dep: (0, 4) -> (103, 0);  time 242 -> 0
35:8:37:[0,8)
36:8:38:[0,8)
37:8:39:[0,8)
38:8:40:[0,8)
39:8:41:[0,8)
40:8:42:[0,8)
21:4:43:[0,4)
46:4:53:[0,4)
printing dependencies for unit id: (104, 0)
 OUTGOING DEPENDENCIES:
  dep: (104, 0) -> (0, 9);  time 1812 -> 0
 INCOMING DEPENDENCIES:
  dep: (0, 4) -> (104, 0);  time 252 -> 0
35:8:37:[0,8)
36:8:38:[0,8)
37:8:39:[0,8)
38:8:40:[0,8)
39:8:41:[0,8)
40:8:42:[0,8)
21:4:43:[0,4)
46:4:53:[0,4)
printing dependencies for unit id: (105, 0)
 OUTGOING DEPENDENCIES:
  dep: (105, 0) -> (0, 9);  time 1560 -> 0
 INCOMING DEPENDENCIES:
  dep: (0, 4) -> (105, 0);  time 262 -> 0
35:8:37:[0,8)
36:8:38:[0,8)
37:8:39:[0,8)
38:8:40:[0,8)
39:8:41:[0,8)
40:8:42:[0,8)
21:4:43:[0,4)
46:4:53:[0,4)
printing dependencies for unit id: (106, 0)
 OUTGOING DEPENDENCIES:
  dep: (106, 0) -> (0, 9);  time 1392 -> 0
 INCOMING DEPENDENCIES:
  dep: (0, 4) -> (106, 0);  time 272 -> 0
35:8:37:[0,8)
36:8:38:[0,8)
37:8:39:[0,8)
38:8:40:[0,8)
39:8:41:[0,8)
40:8:42:[0,8)
21:4:43:[0,4)
46:4:53:[0,4)
printing dependencies for unit id: (107, 0)
 OUTGOING DEPENDENCIES:
  dep: (107, 0) -> (0, 9);  time 1308 -> 0
 INCOMING DEPENDENCIES:
  dep: (0, 4) -> (107, 0);  time 282 -> 0
35:8:37:[0,8)
36:8:38:[0,8)
37:8:39:[0,8)
38:8:40:[0,8)
39:8:41:[0,8)
40:8:42:[0,8)
21:4:43:[0,4)
46:4:53:[0,4)
printing dependencies for unit id: (108, 0)
 OUTGOING DEPENDENCIES:
  dep: (108, 0) -> (0, 9);  time 1266 -> 0
 INCOMING DEPENDENCIES:
  dep: (0, 4) -> (108, 0);  time 292 -> 0
35:8:37:[0,8)
36:8:38:[0,8)
37:8:39:[0,8)
38:8:40:[0,8)
39:8:41:[0,8)
40:8:42:[0,8)
21:4:43:[0,4)
46:4:53:[0,4)
printing dependencies for unit id: (109, 0)
 OUTGOING DEPENDENCIES:
  dep: (109, 0) -> (0, 9);  time 1224 -> 0
 INCOMING DEPENDENCIES:
  dep: (0, 4) -> (109, 0);  time 302 -> 0
35:8:37:[0,8)
36:8:38:[0,8)
37:8:39:[0,8)
38:8:40:[0,8)
39:8:41:[0,8)
40:8:42:[0,8)
21:4:43:[0,4)
46:4:53:[0,4)
printing dependencies for unit id: (110, 0)
 OUTGOING DEPENDENCIES:
  dep: (110, 0) -> (0, 9);  time 1140 -> 0
 INCOMING DEPENDENCIES:
  dep: (0, 4) -> (110, 0);  time 312 -> 0
35:8:37:[0,8)
36:8:38:[0,8)
37:8:39:[0,8)
38:8:40:[0,8)
39:8:41:[0,8)
40:8:42:[0,8)
21:4:43:[0,4)
46:4:53:[0,4)
printing dependencies for unit id: (111, 0)
 OUTGOING DEPENDENCIES:
  dep: (111, 0) -> (0, 9);  time 30729 -> 0
 INCOMING DEPENDENCIES:
  dep: (0, 4) -> (111, 0);  time 334 -> 0
35:8:37:[0,8)
36:8:38:[0,8)
37:8:39:[0,8)
38:8:40:[0,8)
39:8:41:[0,8)
40:8:42:[0,8)
21:4:43:[0,4)
printing dependencies for unit id: (112, 0)
 OUTGOING DEPENDENCIES:
  dep: (112, 0) -> (0, 9);  time 16416 -> 0
 INCOMING DEPENDENCIES:
  dep: (0, 4) -> (112, 0);  time 334 -> 0
35:8:37:[0,8)
36:8:38:[0,8)
37:8:39:[0,8)
38:8:40:[0,8)
39:8:41:[0,8)
40:8:42:[0,8)
21:4:43:[0,4)
printing dependencies for unit id: (113, 0)
 OUTGOING DEPENDENCIES:
  dep: (113, 0) -> (0, 9);  time 29136 -> 0
 INCOMING DEPENDENCIES:
  dep: (0, 4) -> (113, 0);  time 348 -> 0
35:8:37:[0,8)
36:8:38:[0,8)
37:8:39:[0,8)
38:8:40:[0,8)
39:8:41:[0,8)
40:8:42:[0,8)
21:4:43:[0,4)
46:4:53:[0,4)
printing dependencies for unit id: (114, 0)
 OUTGOING DEPENDENCIES:
  dep: (114, 0) -> (0, 9);  time 26784 -> 0
 INCOMING DEPENDENCIES:
  dep: (0, 4) -> (114, 0);  time 358 -> 0
35:8:37:[0,8)
36:8:38:[0,8)
37:8:39:[0,8)
38:8:40:[0,8)
39:8:41:[0,8)
40:8:42:[0,8)
21:4:43:[0,4)
46:4:53:[0,4)
printing dependencies for unit id: (115, 0)
 OUTGOING DEPENDENCIES:
  dep: (115, 0) -> (0, 9);  time 22716 -> 0
 INCOMING DEPENDENCIES:
  dep: (0, 4) -> (115, 0);  time 368 -> 0
35:8:37:[0,8)
36:8:38:[0,8)
37:8:39:[0,8)
38:8:40:[0,8)
39:8:41:[0,8)
40:8:42:[0,8)
21:4:43:[0,4)
46:4:53:[0,4)
printing dependencies for unit id: (116, 0)
 OUTGOING DEPENDENCIES:
  dep: (116, 0) -> (0, 9);  time 10710 -> 0
 INCOMING DEPENDENCIES:
  dep: (0, 4) -> (116, 0);  time 378 -> 0
35:8:37:[0,8)
36:8:38:[0,8)
37:8:39:[0,8)
38:8:40:[0,8)
39:8:41:[0,8)
40:8:42:[0,8)
21:4:43:[0,4)
46:4:53:[0,4)
printing dependencies for unit id: (117, 0)
 OUTGOING DEPENDENCIES:
  dep: (117, 0) -> (0, 9);  time 4206 -> 0
 INCOMING DEPENDENCIES:
  dep: (0, 4) -> (117, 0);  time 388 -> 0
35:8:37:[0,8)
36:8:38:[0,8)
37:8:39:[0,8)
38:8:40:[0,8)
39:8:41:[0,8)
40:8:42:[0,8)
21:4:43:[0,4)
46:4:53:[0,4)
printing dependencies for unit id: (118, 0)
 OUTGOING DEPENDENCIES:
  dep: (118, 0) -> (0, 9);  time 2232 -> 0
 INCOMING DEPENDENCIES:
  dep: (0, 4) -> (118, 0);  time 398 -> 0
35:8:37:[0,8)
36:8:38:[0,8)
37:8:39:[0,8)
38:8:40:[0,8)
39:8:41:[0,8)
40:8:42:[0,8)
21:4:43:[0,4)
46:4:53:[0,4)
printing dependencies for unit id: (119, 0)
 OUTGOING DEPENDENCIES:
  dep: (119, 0) -> (0, 9);  time 1854 -> 0
 INCOMING DEPENDENCIES:
  dep: (0, 4) -> (119, 0);  time 408 -> 0
35:8:37:[0,8)
36:8:38:[0,8)
37:8:39:[0,8)
38:8:40:[0,8)
39:8:41:[0,8)
40:8:42:[0,8)
21:4:43:[0,4)
46:4:53:[0,4)
printing dependencies for unit id: (120, 0)
 OUTGOING DEPENDENCIES:
  dep: (120, 0) -> (0, 9);  time 1392 -> 0
 INCOMING DEPENDENCIES:
  dep: (0, 4) -> (120, 0);  time 418 -> 0
35:8:37:[0,8)
36:8:38:[0,8)
37:8:39:[0,8)
38:8:40:[0,8)
39:8:41:[0,8)
40:8:42:[0,8)
21:4:43:[0,4)
46:4:53:[0,4)
printing dependencies for unit id: (121, 0)
 OUTGOING DEPENDENCIES:
  dep: (121, 0) -> (0, 9);  time 2313 -> 0
 INCOMING DEPENDENCIES:
  dep: (0, 4) -> (121, 0);  time 453 -> 0
35:8:37:[0,8)
36:8:38:[0,8)
37:8:39:[0,8)
38:8:40:[0,8)
39:8:41:[0,8)
40:8:42:[0,8)
21:4:43:[0,4)
printing dependencies for unit id: (122, 0)
 OUTGOING DEPENDENCIES:
  dep: (122, 0) -> (0, 5);  time 2313 -> 0
33:4096:33:[3072,3076)
  dep: (122, 0) -> (123, 0);  time 2313 -> 0
33:4096:33:[3072,3076)
 INCOMING DEPENDENCIES:
  dep: (0, 4) -> (122, 0);  time 453 -> 0
35:8:37:[0,8)
36:8:38:[0,8)
37:8:39:[0,8)
38:8:40:[0,8)
39:8:41:[0,8)
40:8:42:[0,8)
21:4:43:[0,4)
printing dependencies for unit id: (123, 0)
 OUTGOING DEPENDENCIES:
  dep: (123, 0) -> (124, 0);  time 240 -> 0
33:4096:33:[3072,3076)
  dep: (123, 0) -> (125, 0);  time 240 -> 0
33:4096:33:[3072,3076)
  dep: (123, 0) -> (126, 0);  time 240 -> 0
33:4096:33:[3072,3076)
  dep: (123, 0) -> (127, 0);  time 240 -> 0
33:4096:33:[3072,3076)
  dep: (123, 0) -> (128, 0);  time 240 -> 0
33:4096:33:[3072,3076)
  dep: (123, 0) -> (129, 0);  time 240 -> 0
33:4096:33:[3072,3076)
  dep: (123, 0) -> (130, 0);  time 240 -> 0
33:4096:33:[3072,3076)
 INCOMING DEPENDENCIES:
  dep: (0, 5) -> (123, 0);  time 30 -> 0
46:4:51:[0,4)
  dep: (122, 0) -> (123, 0);  time 2313 -> 0
33:4096:33:[3072,3076)
printing dependencies for unit id: (124, 0)
 OUTGOING DEPENDENCIES:
  dep: (124, 0) -> (0, 9);  time 240 -> 0
 INCOMING DEPENDENCIES:
  dep: (0, 5) -> (124, 0);  time 40 -> 0
46:4:51:[0,4)
  dep: (123, 0) -> (124, 0);  time 240 -> 0
33:4096:33:[3072,3076)
printing dependencies for unit id: (125, 0)
 OUTGOING DEPENDENCIES:
  dep: (125, 0) -> (0, 9);  time 240 -> 0
 INCOMING DEPENDENCIES:
  dep: (0, 5) -> (125, 0);  time 50 -> 0
46:4:51:[0,4)
  dep: (123, 0) -> (125, 0);  time 240 -> 0
33:4096:33:[3072,3076)
printing dependencies for unit id: (126, 0)
 OUTGOING DEPENDENCIES:
  dep: (126, 0) -> (0, 9);  time 240 -> 0
 INCOMING DEPENDENCIES:
  dep: (0, 5) -> (126, 0);  time 60 -> 0
46:4:51:[0,4)
  dep: (123, 0) -> (126, 0);  time 240 -> 0
33:4096:33:[3072,3076)
printing dependencies for unit id: (127, 0)
 OUTGOING DEPENDENCIES:
  dep: (127, 0) -> (0, 9);  time 240 -> 0
 INCOMING DEPENDENCIES:
  dep: (0, 5) -> (127, 0);  time 70 -> 0
46:4:51:[0,4)
  dep: (123, 0) -> (127, 0);  time 240 -> 0
33:4096:33:[3072,3076)
printing dependencies for unit id: (128, 0)
 OUTGOING DEPENDENCIES:
  dep: (128, 0) -> (0, 9);  time 240 -> 0
 INCOMING DEPENDENCIES:
  dep: (0, 5) -> (128, 0);  time 80 -> 0
46:4:51:[0,4)
  dep: (123, 0) -> (128, 0);  time 240 -> 0
33:4096:33:[3072,3076)
printing dependencies for unit id: (129, 0)
 OUTGOING DEPENDENCIES:
  dep: (129, 0) -> (0, 9);  time 240 -> 0
 INCOMING DEPENDENCIES:
  dep: (0, 5) -> (129, 0);  time 90 -> 0
46:4:51:[0,4)
  dep: (123, 0) -> (129, 0);  time 240 -> 0
33:4096:33:[3072,3076)
printing dependencies for unit id: (130, 0)
 OUTGOING DEPENDENCIES:
  dep: (130, 0) -> (0, 9);  time 240 -> 0
 INCOMING DEPENDENCIES:
  dep: (0, 5) -> (130, 0);  time 100 -> 0
46:4:51:[0,4)
  dep: (123, 0) -> (130, 0);  time 240 -> 0
33:4096:33:[3072,3076)
printing dependencies for unit id: (131, 0)
 OUTGOING DEPENDENCIES:
  dep: (131, 0) -> (0, 9);  time 2313 -> 0
 INCOMING DEPENDENCIES:
  dep: (0, 5) -> (131, 0);  time 122 -> 0
35:8:37:[0,8)
36:8:38:[0,8)
37:8:39:[0,8)
38:8:40:[0,8)
39:8:41:[0,8)
40:8:42:[0,8)
21:4:43:[0,4)
printing dependencies for unit id: (132, 0)
 OUTGOING DEPENDENCIES:
  dep: (132, 0) -> (0, 6);  time 2313 -> 0
33:4096:33:[3104,3108)
  dep: (132, 0) -> (133, 0);  time 2313 -> 0
33:4096:33:[3104,3108)
 INCOMING DEPENDENCIES:
  dep: (0, 5) -> (132, 0);  time 122 -> 0
35:8:37:[0,8)
36:8:38:[0,8)
37:8:39:[0,8)
38:8:40:[0,8)
39:8:41:[0,8)
40:8:42:[0,8)
21:4:43:[0,4)
printing dependencies for unit id: (133, 0)
 OUTGOING DEPENDENCIES:
  dep: (133, 0) -> (134, 0);  time 240 -> 0
33:4096:33:[3104,3108)
  dep: (133, 0) -> (135, 0);  time 240 -> 0
33:4096:33:[3104,3108)
  dep: (133, 0) -> (136, 0);  time 240 -> 0
33:4096:33:[3104,3108)
  dep: (133, 0) -> (137, 0);  time 240 -> 0
33:4096:33:[3104,3108)
  dep: (133, 0) -> (138, 0);  time 240 -> 0
33:4096:33:[3104,3108)
  dep: (133, 0) -> (139, 0);  time 240 -> 0
33:4096:33:[3104,3108)
  dep: (133, 0) -> (140, 0);  time 240 -> 0
33:4096:33:[3104,3108)
 INCOMING DEPENDENCIES:
  dep: (0, 6) -> (133, 0);  time 30 -> 0
46:4:51:[0,4)
  dep: (132, 0) -> (133, 0);  time 2313 -> 0
33:4096:33:[3104,3108)
printing dependencies for unit id: (134, 0)
 OUTGOING DEPENDENCIES:
  dep: (134, 0) -> (0, 9);  time 240 -> 0
 INCOMING DEPENDENCIES:
  dep: (0, 6) -> (134, 0);  time 40 -> 0
46:4:51:[0,4)
  dep: (133, 0) -> (134, 0);  time 240 -> 0
33:4096:33:[3104,3108)
printing dependencies for unit id: (135, 0)
 OUTGOING DEPENDENCIES:
  dep: (135, 0) -> (0, 9);  time 240 -> 0
 INCOMING DEPENDENCIES:
  dep: (0, 6) -> (135, 0);  time 50 -> 0
46:4:51:[0,4)
  dep: (133, 0) -> (135, 0);  time 240 -> 0
33:4096:33:[3104,3108)
printing dependencies for unit id: (136, 0)
 OUTGOING DEPENDENCIES:
  dep: (136, 0) -> (0, 9);  time 240 -> 0
 INCOMING DEPENDENCIES:
  dep: (0, 6) -> (136, 0);  time 60 -> 0
46:4:51:[0,4)
  dep: (133, 0) -> (136, 0);  time 240 -> 0
33:4096:33:[3104,3108)
printing dependencies for unit id: (137, 0)
 OUTGOING DEPENDENCIES:
  dep: (137, 0) -> (0, 9);  time 240 -> 0
 INCOMING DEPENDENCIES:
  dep: (0, 6) -> (137, 0);  time 70 -> 0
46:4:51:[0,4)
  dep: (133, 0) -> (137, 0);  time 240 -> 0
33:4096:33:[3104,3108)
printing dependencies for unit id: (138, 0)
 OUTGOING DEPENDENCIES:
  dep: (138, 0) -> (0, 9);  time 240 -> 0
 INCOMING DEPENDENCIES:
  dep: (0, 6) -> (138, 0);  time 80 -> 0
46:4:51:[0,4)
  dep: (133, 0) -> (138, 0);  time 240 -> 0
33:4096:33:[3104,3108)
printing dependencies for unit id: (139, 0)
 OUTGOING DEPENDENCIES:
  dep: (139, 0) -> (0, 9);  time 240 -> 0
 INCOMING DEPENDENCIES:
  dep: (0, 6) -> (139, 0);  time 90 -> 0
46:4:51:[0,4)
  dep: (133, 0) -> (139, 0);  time 240 -> 0
33:4096:33:[3104,3108)
printing dependencies for unit id: (140, 0)
 OUTGOING DEPENDENCIES:
  dep: (140, 0) -> (0, 9);  time 240 -> 0
 INCOMING DEPENDENCIES:
  dep: (0, 6) -> (140, 0);  time 100 -> 0
46:4:51:[0,4)
  dep: (133, 0) -> (140, 0);  time 240 -> 0
33:4096:33:[3104,3108)
printing dependencies for unit id: (141, 0)
 OUTGOING DEPENDENCIES:
  dep: (141, 0) -> (0, 9);  time 2313 -> 0
 INCOMING DEPENDENCIES:
  dep: (0, 6) -> (141, 0);  time 122 -> 0
35:8:37:[0,8)
36:8:38:[0,8)
37:8:39:[0,8)
38:8:40:[0,8)
39:8:41:[0,8)
40:8:42:[0,8)
21:4:43:[0,4)
printing dependencies for unit id: (142, 0)
 OUTGOING DEPENDENCIES:
  dep: (142, 0) -> (0, 7);  time 2313 -> 0
33:4096:33:[3136,3140)
  dep: (142, 0) -> (143, 0);  time 2313 -> 0
33:4096:33:[3136,3140)
 INCOMING DEPENDENCIES:
  dep: (0, 6) -> (142, 0);  time 122 -> 0
35:8:37:[0,8)
36:8:38:[0,8)
37:8:39:[0,8)
38:8:40:[0,8)
39:8:41:[0,8)
40:8:42:[0,8)
21:4:43:[0,4)
printing dependencies for unit id: (143, 0)
 OUTGOING DEPENDENCIES:
  dep: (143, 0) -> (144, 0);  time 240 -> 0
33:4096:33:[3136,3140)
  dep: (143, 0) -> (145, 0);  time 240 -> 0
33:4096:33:[3136,3140)
  dep: (143, 0) -> (146, 0);  time 240 -> 0
33:4096:33:[3136,3140)
  dep: (143, 0) -> (147, 0);  time 240 -> 0
33:4096:33:[3136,3140)
  dep: (143, 0) -> (148, 0);  time 240 -> 0
33:4096:33:[3136,3140)
  dep: (143, 0) -> (149, 0);  time 240 -> 0
33:4096:33:[3136,3140)
  dep: (143, 0) -> (150, 0);  time 240 -> 0
33:4096:33:[3136,3140)
 INCOMING DEPENDENCIES:
  dep: (0, 7) -> (143, 0);  time 30 -> 0
46:4:51:[0,4)
  dep: (142, 0) -> (143, 0);  time 2313 -> 0
33:4096:33:[3136,3140)
printing dependencies for unit id: (144, 0)
 OUTGOING DEPENDENCIES:
  dep: (144, 0) -> (0, 9);  time 240 -> 0
 INCOMING DEPENDENCIES:
  dep: (0, 7) -> (144, 0);  time 40 -> 0
46:4:51:[0,4)
  dep: (143, 0) -> (144, 0);  time 240 -> 0
33:4096:33:[3136,3140)
printing dependencies for unit id: (145, 0)
 OUTGOING DEPENDENCIES:
  dep: (145, 0) -> (0, 9);  time 240 -> 0
 INCOMING DEPENDENCIES:
  dep: (0, 7) -> (145, 0);  time 50 -> 0
46:4:51:[0,4)
  dep: (143, 0) -> (145, 0);  time 240 -> 0
33:4096:33:[3136,3140)
printing dependencies for unit id: (146, 0)
 OUTGOING DEPENDENCIES:
  dep: (146, 0) -> (0, 9);  time 240 -> 0
 INCOMING DEPENDENCIES:
  dep: (0, 7) -> (146, 0);  time 60 -> 0
46:4:51:[0,4)
  dep: (143, 0) -> (146, 0);  time 240 -> 0
33:4096:33:[3136,3140)
printing dependencies for unit id: (147, 0)
 OUTGOING DEPENDENCIES:
  dep: (147, 0) -> (0, 9);  time 240 -> 0
 INCOMING DEPENDENCIES:
  dep: (0, 7) -> (147, 0);  time 70 -> 0
46:4:51:[0,4)
  dep: (143, 0) -> (147, 0);  time 240 -> 0
33:4096:33:[3136,3140)
printing dependencies for unit id: (148, 0)
 OUTGOING DEPENDENCIES:
  dep: (148, 0) -> (0, 9);  time 240 -> 0
 INCOMING DEPENDENCIES:
  dep: (0, 7) -> (148, 0);  time 80 -> 0
46:4:51:[0,4)
  dep: (143, 0) -> (148, 0);  time 240 -> 0
33:4096:33:[3136,3140)
printing dependencies for unit id: (149, 0)
 OUTGOING DEPENDENCIES:
  dep: (149, 0) -> (0, 9);  time 240 -> 0
 INCOMING DEPENDENCIES:
  dep: (0, 7) -> (149, 0);  time 90 -> 0
46:4:51:[0,4)
  dep: (143, 0) -> (149, 0);  time 240 -> 0
33:4096:33:[3136,3140)
printing dependencies for unit id: (150, 0)
 OUTGOING DEPENDENCIES:
  dep: (150, 0) -> (0, 9);  time 240 -> 0
 INCOMING DEPENDENCIES:
  dep: (0, 7) -> (150, 0);  time 100 -> 0
46:4:51:[0,4)
  dep: (143, 0) -> (150, 0);  time 240 -> 0
33:4096:33:[3136,3140)
printing dependencies for unit id: (151, 0)
 OUTGOING DEPENDENCIES:
  dep: (151, 0) -> (0, 9);  time 2313 -> 0
 INCOMING DEPENDENCIES:
  dep: (0, 7) -> (151, 0);  time 122 -> 0
35:8:37:[0,8)
36:8:38:[0,8)
37:8:39:[0,8)
38:8:40:[0,8)
39:8:41:[0,8)
40:8:42:[0,8)
21:4:43:[0,4)
printing dependencies for unit id: (152, 0)
 OUTGOING DEPENDENCIES:
  dep: (152, 0) -> (0, 8);  time 2313 -> 0
33:4096:33:[3168,3172)
  dep: (152, 0) -> (153, 0);  time 2313 -> 0
33:4096:33:[3168,3172)
 INCOMING DEPENDENCIES:
  dep: (0, 7) -> (152, 0);  time 122 -> 0
35:8:37:[0,8)
36:8:38:[0,8)
37:8:39:[0,8)
38:8:40:[0,8)
39:8:41:[0,8)
40:8:42:[0,8)
21:4:43:[0,4)
printing dependencies for unit id: (153, 0)
 OUTGOING DEPENDENCIES:
  dep: (153, 0) -> (154, 0);  time 240 -> 0
33:4096:33:[3168,3172)
  dep: (153, 0) -> (155, 0);  time 240 -> 0
33:4096:33:[3168,3172)
  dep: (153, 0) -> (156, 0);  time 240 -> 0
33:4096:33:[3168,3172)
  dep: (153, 0) -> (157, 0);  time 240 -> 0
33:4096:33:[3168,3172)
  dep: (153, 0) -> (158, 0);  time 240 -> 0
33:4096:33:[3168,3172)
  dep: (153, 0) -> (159, 0);  time 240 -> 0
33:4096:33:[3168,3172)
  dep: (153, 0) -> (160, 0);  time 240 -> 0
33:4096:33:[3168,3172)
 INCOMING DEPENDENCIES:
  dep: (0, 8) -> (153, 0);  time 30 -> 0
46:4:51:[0,4)
  dep: (152, 0) -> (153, 0);  time 2313 -> 0
33:4096:33:[3168,3172)
printing dependencies for unit id: (154, 0)
 OUTGOING DEPENDENCIES:
  dep: (154, 0) -> (0, 9);  time 240 -> 0
 INCOMING DEPENDENCIES:
  dep: (0, 8) -> (154, 0);  time 40 -> 0
46:4:51:[0,4)
  dep: (153, 0) -> (154, 0);  time 240 -> 0
33:4096:33:[3168,3172)
printing dependencies for unit id: (155, 0)
 OUTGOING DEPENDENCIES:
  dep: (155, 0) -> (0, 9);  time 240 -> 0
 INCOMING DEPENDENCIES:
  dep: (0, 8) -> (155, 0);  time 50 -> 0
46:4:51:[0,4)
  dep: (153, 0) -> (155, 0);  time 240 -> 0
33:4096:33:[3168,3172)
printing dependencies for unit id: (156, 0)
 OUTGOING DEPENDENCIES:
  dep: (156, 0) -> (0, 9);  time 240 -> 0
 INCOMING DEPENDENCIES:
  dep: (0, 8) -> (156, 0);  time 60 -> 0
46:4:51:[0,4)
  dep: (153, 0) -> (156, 0);  time 240 -> 0
33:4096:33:[3168,3172)
printing dependencies for unit id: (157, 0)
 OUTGOING DEPENDENCIES:
  dep: (157, 0) -> (0, 9);  time 240 -> 0
 INCOMING DEPENDENCIES:
  dep: (0, 8) -> (157, 0);  time 70 -> 0
46:4:51:[0,4)
  dep: (153, 0) -> (157, 0);  time 240 -> 0
33:4096:33:[3168,3172)
printing dependencies for unit id: (158, 0)
 OUTGOING DEPENDENCIES:
  dep: (158, 0) -> (0, 9);  time 240 -> 0
 INCOMING DEPENDENCIES:
  dep: (0, 8) -> (158, 0);  time 80 -> 0
46:4:51:[0,4)
  dep: (153, 0) -> (158, 0);  time 240 -> 0
33:4096:33:[3168,3172)
printing dependencies for unit id: (159, 0)
 OUTGOING DEPENDENCIES:
  dep: (159, 0) -> (0, 9);  time 240 -> 0
 INCOMING DEPENDENCIES:
  dep: (0, 8) -> (159, 0);  time 90 -> 0
46:4:51:[0,4)
  dep: (153, 0) -> (159, 0);  time 240 -> 0
33:4096:33:[3168,3172)
printing dependencies for unit id: (160, 0)
 OUTGOING DEPENDENCIES:
  dep: (160, 0) -> (0, 9);  time 240 -> 0
 INCOMING DEPENDENCIES:
  dep: (0, 8) -> (160, 0);  time 100 -> 0
46:4:51:[0,4)
  dep: (153, 0) -> (160, 0);  time 240 -> 0
33:4096:33:[3168,3172)
