<<<0:global:X11_COLOR_fake:/scratch/nas/1/par0/Soft/X11/Xlib.h:4029>>>
<<<1:global:display:mandel-seq-iter-tar.c:93>>>
<<<2:global:fp:mandel-seq-iter-tar.c:89>>>
<<<3:global:gc:mandel-seq-iter-tar.c:95>>>
<<<4:global:histogram:mandel-seq-iter-tar.c:103>>>
<<<5:global:max_color:mandel-seq-iter-tar.c:97>>>
<<<6:global:min_color:mandel-seq-iter-tar.c:97>>>
<<<7:global:output2display:mandel-seq-iter-tar.c:92>>>
<<<8:global:output2file:mandel-seq-iter-tar.c:88>>>
<<<9:global:output2histogram:mandel-seq-iter-tar.c:102>>>
<<<10:global:scale_color:mandel-seq-iter-tar.c:98>>>
<<<11:global:scale_imag:mandel-seq-iter-tar.c:99>>>
<<<12:global:scale_real:mandel-seq-iter-tar.c:99>>>
<<<13:global:setup_return:mandel-seq-iter-tar.c:96>>>
<<<14:global:stamp:mandel-seq-iter-tar.c:58>>>
<<<15:global:user_param:mandel-seq-iter-tar.c:106>>>
<<<16:global:win:mandel-seq-iter-tar.c:94>>>
<<<17:stack:argv[0]>>>
<<<18:stack:unknown_name>>>
<<<19:stack:argc>>>
<<<20:stack:argv>>>
<<<21:stack:maxiter>>>
<<<22:stack:real_min>>>
<<<23:stack:real_max>>>
<<<24:stack:imag_min>>>
<<<25:stack:imag_max>>>
<<<26:stack:width>>>
<<<27:stack:height>>>
<<<28:stack:size>>>
<<<29:stack:x0>>>
<<<30:stack:y0>>>
<<<31:stack:Hmatrix>>>
<<<32:stack:i>>>
<<<33:heap:uncast(*(Hmatrix))::main:/scratch/nas/1/par2117/lab3/mandel-seq-iter-tar.c:293>>>
<<<34:stack:M>>>
<<<35:stack:CminR>>>
<<<36:stack:CminI>>>
<<<37:stack:CmaxR>>>
<<<38:stack:CmaxI>>>
<<<39:stack:scale_real>>>
<<<40:stack:scale_imag>>>
<<<41:stack:equal1>>>
<<<42:stack:equal2>>>
<<<43:stack:y>>>
<<<44:stack:x>>>
<<<45:stack:px>>>
<<<46:stack:py>>>
<<<47:stack:color>>>
