[{'dep_offset': 0,
  'name': 'MAIN_TAREADOR',
  'parent_ending_section': None,
  'parent_starting_section': None,
  'potential_children_tasks': [2,
                               4,
                               6,
                               8,
                               10,
                               12,
                               14,
                               16,
                               18,
                               20,
                               22,
                               24,
                               26,
                               28,
                               30,
                               32,
                               34,
                               36,
                               38,
                               40,
                               42,
                               44,
                               46,
                               48,
                               50,
                               52,
                               54,
                               56,
                               58,
                               60,
                               62,
                               64,
                               66,
                               68,
                               70,
                               72,
                               74,
                               76,
                               78,
                               80,
                               82,
                               84,
                               86,
                               88,
                               90,
                               92,
                               94,
                               96,
                               98,
                               100,
                               102,
                               104,
                               106,
                               108,
                               110,
                               112,
                               114,
                               116,
                               118,
                               120,
                               122,
                               124,
                               126,
                               128,
                               130,
                               132,
                               134,
                               136,
                               138,
                               140,
                               142,
                               144,
                               146,
                               148,
                               150,
                               152,
                               154,
                               156,
                               158,
                               160,
                               162,
                               164,
                               166,
                               168,
                               170,
                               172,
                               174,
                               176,
                               178,
                               180,
                               182,
                               184,
                               186,
                               188,
                               190,
                               192,
                               194,
                               196,
                               198,
                               200,
                               202,
                               204,
                               206,
                               208,
                               210,
                               212,
                               214,
                               216,
                               218,
                               220,
                               222,
                               224,
                               226,
                               228,
                               230,
                               232,
                               234,
                               236,
                               238,
                               240,
                               242,
                               244,
                               246,
                               248,
                               250,
                               252,
                               254,
                               256,
                               258,
                               260,
                               262,
                               264,
                               266,
                               268,
                               270,
                               272,
                               274,
                               276,
                               278,
                               280,
                               282,
                               284,
                               286,
                               288,
                               290,
                               292,
                               294,
                               296,
                               298,
                               300,
                               302,
                               304,
                               306,
                               308,
                               310,
                               312,
                               314,
                               316,
                               318,
                               320],
  'starting_section': 1,
  'task_id': 0,
  'task_sections_cnt': 10,
  'usage_offset': 0},
 {'dep_offset': 25228,
  'name': 'horizontal_border',
  'parent_ending_section': 321,
  'parent_starting_section': 1,
  'potential_children_tasks': [],
  'starting_section': 2,
  'task_id': 1,
  'task_sections_cnt': 1,
  'usage_offset': 1920},
 {'dep_offset': 25496,
  'name': 'vertical_border',
  'parent_ending_section': 321,
  'parent_starting_section': 1,
  'potential_children_tasks': [],
  'starting_section': 4,
  'task_id': 2,
  'task_sections_cnt': 1,
  'usage_offset': 2506},
 {'dep_offset': 25839,
  'name': 'fill_py',
  'parent_ending_section': 321,
  'parent_starting_section': 1,
  'potential_children_tasks': [],
  'starting_section': 6,
  'task_id': 3,
  'task_sections_cnt': 1,
  'usage_offset': 3340},
 {'dep_offset': 26440,
  'name': 'fill_py',
  'parent_ending_section': 321,
  'parent_starting_section': 1,
  'potential_children_tasks': [],
  'starting_section': 8,
  'task_id': 4,
  'task_sections_cnt': 1,
  'usage_offset': 3540},
 {'dep_offset': 26680,
  'name': 'fill_py',
  'parent_ending_section': 321,
  'parent_starting_section': 1,
  'potential_children_tasks': [],
  'starting_section': 10,
  'task_id': 5,
  'task_sections_cnt': 1,
  'usage_offset': 3746},
 {'dep_offset': 26920,
  'name': 'fill_py',
  'parent_ending_section': 321,
  'parent_starting_section': 1,
  'potential_children_tasks': [],
  'starting_section': 12,
  'task_id': 6,
  'task_sections_cnt': 1,
  'usage_offset': 3956},
 {'dep_offset': 27160,
  'name': 'fill_py',
  'parent_ending_section': 321,
  'parent_starting_section': 1,
  'potential_children_tasks': [],
  'starting_section': 14,
  'task_id': 7,
  'task_sections_cnt': 1,
  'usage_offset': 4166},
 {'dep_offset': 27400,
  'name': 'fill_py',
  'parent_ending_section': 321,
  'parent_starting_section': 1,
  'potential_children_tasks': [],
  'starting_section': 16,
  'task_id': 8,
  'task_sections_cnt': 1,
  'usage_offset': 4376},
 {'dep_offset': 27640,
  'name': 'fill_py',
  'parent_ending_section': 321,
  'parent_starting_section': 1,
  'potential_children_tasks': [],
  'starting_section': 18,
  'task_id': 9,
  'task_sections_cnt': 1,
  'usage_offset': 4586},
 {'dep_offset': 27880,
  'name': 'fill_py',
  'parent_ending_section': 321,
  'parent_starting_section': 1,
  'potential_children_tasks': [],
  'starting_section': 20,
  'task_id': 10,
  'task_sections_cnt': 1,
  'usage_offset': 4796},
 {'dep_offset': 28125,
  'name': 'horizontal_border',
  'parent_ending_section': 321,
  'parent_starting_section': 1,
  'potential_children_tasks': [],
  'starting_section': 22,
  'task_id': 11,
  'task_sections_cnt': 1,
  'usage_offset': 5008},
 {'dep_offset': 28397,
  'name': 'vertical_border',
  'parent_ending_section': 321,
  'parent_starting_section': 1,
  'potential_children_tasks': [],
  'starting_section': 24,
  'task_id': 12,
  'task_sections_cnt': 1,
  'usage_offset': 5606},
 {'dep_offset': 28750,
  'name': 'fill_py',
  'parent_ending_section': 321,
  'parent_starting_section': 1,
  'potential_children_tasks': [],
  'starting_section': 26,
  'task_id': 13,
  'task_sections_cnt': 1,
  'usage_offset': 6452},
 {'dep_offset': 29384,
  'name': 'fill_py',
  'parent_ending_section': 321,
  'parent_starting_section': 1,
  'potential_children_tasks': [],
  'starting_section': 28,
  'task_id': 14,
  'task_sections_cnt': 1,
  'usage_offset': 6668},
 {'dep_offset': 29631,
  'name': 'fill_py',
  'parent_ending_section': 321,
  'parent_starting_section': 1,
  'potential_children_tasks': [],
  'starting_section': 30,
  'task_id': 15,
  'task_sections_cnt': 1,
  'usage_offset': 6888},
 {'dep_offset': 29878,
  'name': 'fill_py',
  'parent_ending_section': 321,
  'parent_starting_section': 1,
  'potential_children_tasks': [],
  'starting_section': 32,
  'task_id': 16,
  'task_sections_cnt': 1,
  'usage_offset': 7108},
 {'dep_offset': 30125,
  'name': 'fill_py',
  'parent_ending_section': 321,
  'parent_starting_section': 1,
  'potential_children_tasks': [],
  'starting_section': 34,
  'task_id': 17,
  'task_sections_cnt': 1,
  'usage_offset': 7328},
 {'dep_offset': 30372,
  'name': 'fill_py',
  'parent_ending_section': 321,
  'parent_starting_section': 1,
  'potential_children_tasks': [],
  'starting_section': 36,
  'task_id': 18,
  'task_sections_cnt': 1,
  'usage_offset': 7548},
 {'dep_offset': 30619,
  'name': 'fill_py',
  'parent_ending_section': 321,
  'parent_starting_section': 1,
  'potential_children_tasks': [],
  'starting_section': 38,
  'task_id': 19,
  'task_sections_cnt': 1,
  'usage_offset': 7768},
 {'dep_offset': 30866,
  'name': 'fill_py',
  'parent_ending_section': 321,
  'parent_starting_section': 1,
  'potential_children_tasks': [],
  'starting_section': 40,
  'task_id': 20,
  'task_sections_cnt': 1,
  'usage_offset': 7988},
 {'dep_offset': 31114,
  'name': 'horizontal_border',
  'parent_ending_section': 321,
  'parent_starting_section': 1,
  'potential_children_tasks': [],
  'starting_section': 42,
  'task_id': 21,
  'task_sections_cnt': 1,
  'usage_offset': 8208},
 {'dep_offset': 31386,
  'name': 'vertical_border',
  'parent_ending_section': 321,
  'parent_starting_section': 1,
  'potential_children_tasks': [],
  'starting_section': 44,
  'task_id': 22,
  'task_sections_cnt': 1,
  'usage_offset': 8810},
 {'dep_offset': 31658,
  'name': 'compute_py',
  'parent_ending_section': 321,
  'parent_starting_section': 1,
  'potential_children_tasks': [],
  'starting_section': 46,
  'task_id': 23,
  'task_sections_cnt': 1,
  'usage_offset': 9658},
 {'dep_offset': 31944,
  'name': 'compute_py',
  'parent_ending_section': 321,
  'parent_starting_section': 1,
  'potential_children_tasks': [],
  'starting_section': 48,
  'task_id': 24,
  'task_sections_cnt': 1,
  'usage_offset': 10297},
 {'dep_offset': 32230,
  'name': 'compute_py',
  'parent_ending_section': 321,
  'parent_starting_section': 1,
  'potential_children_tasks': [],
  'starting_section': 50,
  'task_id': 25,
  'task_sections_cnt': 1,
  'usage_offset': 10940},
 {'dep_offset': 32516,
  'name': 'compute_py',
  'parent_ending_section': 321,
  'parent_starting_section': 1,
  'potential_children_tasks': [],
  'starting_section': 52,
  'task_id': 26,
  'task_sections_cnt': 1,
  'usage_offset': 11583},
 {'dep_offset': 32802,
  'name': 'compute_py',
  'parent_ending_section': 321,
  'parent_starting_section': 1,
  'potential_children_tasks': [],
  'starting_section': 54,
  'task_id': 27,
  'task_sections_cnt': 1,
  'usage_offset': 12226},
 {'dep_offset': 33088,
  'name': 'compute_py',
  'parent_ending_section': 321,
  'parent_starting_section': 1,
  'potential_children_tasks': [],
  'starting_section': 56,
  'task_id': 28,
  'task_sections_cnt': 1,
  'usage_offset': 12869},
 {'dep_offset': 33374,
  'name': 'compute_py',
  'parent_ending_section': 321,
  'parent_starting_section': 1,
  'potential_children_tasks': [],
  'starting_section': 58,
  'task_id': 29,
  'task_sections_cnt': 1,
  'usage_offset': 13512},
 {'dep_offset': 33660,
  'name': 'compute_py',
  'parent_ending_section': 321,
  'parent_starting_section': 1,
  'potential_children_tasks': [],
  'starting_section': 60,
  'task_id': 30,
  'task_sections_cnt': 1,
  'usage_offset': 14155},
 {'dep_offset': 33946,
  'name': 'horizontal_border',
  'parent_ending_section': 321,
  'parent_starting_section': 1,
  'potential_children_tasks': [],
  'starting_section': 62,
  'task_id': 31,
  'task_sections_cnt': 1,
  'usage_offset': 14798},
 {'dep_offset': 34219,
  'name': 'vertical_border',
  'parent_ending_section': 321,
  'parent_starting_section': 1,
  'potential_children_tasks': [],
  'starting_section': 64,
  'task_id': 32,
  'task_sections_cnt': 1,
  'usage_offset': 15404},
 {'dep_offset': 34491,
  'name': 'compute_py',
  'parent_ending_section': 321,
  'parent_starting_section': 1,
  'potential_children_tasks': [],
  'starting_section': 66,
  'task_id': 33,
  'task_sections_cnt': 1,
  'usage_offset': 16262},
 {'dep_offset': 34777,
  'name': 'compute_py',
  'parent_ending_section': 321,
  'parent_starting_section': 1,
  'potential_children_tasks': [],
  'starting_section': 68,
  'task_id': 34,
  'task_sections_cnt': 1,
  'usage_offset': 16903},
 {'dep_offset': 35063,
  'name': 'compute_py',
  'parent_ending_section': 321,
  'parent_starting_section': 1,
  'potential_children_tasks': [],
  'starting_section': 70,
  'task_id': 35,
  'task_sections_cnt': 1,
  'usage_offset': 17546},
 {'dep_offset': 35349,
  'name': 'compute_py',
  'parent_ending_section': 321,
  'parent_starting_section': 1,
  'potential_children_tasks': [],
  'starting_section': 72,
  'task_id': 36,
  'task_sections_cnt': 1,
  'usage_offset': 18189},
 {'dep_offset': 35635,
  'name': 'compute_py',
  'parent_ending_section': 321,
  'parent_starting_section': 1,
  'potential_children_tasks': [],
  'starting_section': 74,
  'task_id': 37,
  'task_sections_cnt': 1,
  'usage_offset': 18832},
 {'dep_offset': 35921,
  'name': 'compute_py',
  'parent_ending_section': 321,
  'parent_starting_section': 1,
  'potential_children_tasks': [],
  'starting_section': 76,
  'task_id': 38,
  'task_sections_cnt': 1,
  'usage_offset': 19475},
 {'dep_offset': 36207,
  'name': 'compute_py',
  'parent_ending_section': 321,
  'parent_starting_section': 1,
  'potential_children_tasks': [],
  'starting_section': 78,
  'task_id': 39,
  'task_sections_cnt': 1,
  'usage_offset': 20118},
 {'dep_offset': 36493,
  'name': 'compute_py',
  'parent_ending_section': 321,
  'parent_starting_section': 1,
  'potential_children_tasks': [],
  'starting_section': 80,
  'task_id': 40,
  'task_sections_cnt': 1,
  'usage_offset': 20761},
 {'dep_offset': 36780,
  'name': 'horizontal_border',
  'parent_ending_section': 321,
  'parent_starting_section': 1,
  'potential_children_tasks': [],
  'starting_section': 82,
  'task_id': 41,
  'task_sections_cnt': 1,
  'usage_offset': 21406},
 {'dep_offset': 37052,
  'name': 'vertical_border',
  'parent_ending_section': 321,
  'parent_starting_section': 1,
  'potential_children_tasks': [],
  'starting_section': 84,
  'task_id': 42,
  'task_sections_cnt': 1,
  'usage_offset': 22020},
 {'dep_offset': 37413,
  'name': 'fill_py',
  'parent_ending_section': 321,
  'parent_starting_section': 1,
  'potential_children_tasks': [],
  'starting_section': 86,
  'task_id': 43,
  'task_sections_cnt': 1,
  'usage_offset': 22940},
 {'dep_offset': 38079,
  'name': 'fill_py',
  'parent_ending_section': 321,
  'parent_starting_section': 1,
  'potential_children_tasks': [],
  'starting_section': 88,
  'task_id': 44,
  'task_sections_cnt': 1,
  'usage_offset': 23172},
 {'dep_offset': 38330,
  'name': 'fill_py',
  'parent_ending_section': 321,
  'parent_starting_section': 1,
  'potential_children_tasks': [],
  'starting_section': 90,
  'task_id': 45,
  'task_sections_cnt': 1,
  'usage_offset': 23404},
 {'dep_offset': 38581,
  'name': 'fill_py',
  'parent_ending_section': 321,
  'parent_starting_section': 1,
  'potential_children_tasks': [],
  'starting_section': 92,
  'task_id': 46,
  'task_sections_cnt': 1,
  'usage_offset': 23636},
 {'dep_offset': 38832,
  'name': 'fill_py',
  'parent_ending_section': 321,
  'parent_starting_section': 1,
  'potential_children_tasks': [],
  'starting_section': 94,
  'task_id': 47,
  'task_sections_cnt': 1,
  'usage_offset': 23868},
 {'dep_offset': 39083,
  'name': 'fill_py',
  'parent_ending_section': 321,
  'parent_starting_section': 1,
  'potential_children_tasks': [],
  'starting_section': 96,
  'task_id': 48,
  'task_sections_cnt': 1,
  'usage_offset': 24100},
 {'dep_offset': 39334,
  'name': 'fill_py',
  'parent_ending_section': 321,
  'parent_starting_section': 1,
  'potential_children_tasks': [],
  'starting_section': 98,
  'task_id': 49,
  'task_sections_cnt': 1,
  'usage_offset': 24332},
 {'dep_offset': 39585,
  'name': 'fill_py',
  'parent_ending_section': 321,
  'parent_starting_section': 1,
  'potential_children_tasks': [],
  'starting_section': 100,
  'task_id': 50,
  'task_sections_cnt': 1,
  'usage_offset': 24564},
 {'dep_offset': 39837,
  'name': 'horizontal_border',
  'parent_ending_section': 321,
  'parent_starting_section': 1,
  'potential_children_tasks': [],
  'starting_section': 102,
  'task_id': 51,
  'task_sections_cnt': 1,
  'usage_offset': 24800},
 {'dep_offset': 40109,
  'name': 'vertical_border',
  'parent_ending_section': 321,
  'parent_starting_section': 1,
  'potential_children_tasks': [],
  'starting_section': 104,
  'task_id': 52,
  'task_sections_cnt': 1,
  'usage_offset': 25418},
 {'dep_offset': 40381,
  'name': 'compute_py',
  'parent_ending_section': 321,
  'parent_starting_section': 1,
  'potential_children_tasks': [],
  'starting_section': 106,
  'task_id': 53,
  'task_sections_cnt': 1,
  'usage_offset': 26342},
 {'dep_offset': 40667,
  'name': 'compute_py',
  'parent_ending_section': 321,
  'parent_starting_section': 1,
  'potential_children_tasks': [],
  'starting_section': 108,
  'task_id': 54,
  'task_sections_cnt': 1,
  'usage_offset': 26993},
 {'dep_offset': 40953,
  'name': 'compute_py',
  'parent_ending_section': 321,
  'parent_starting_section': 1,
  'potential_children_tasks': [],
  'starting_section': 110,
  'task_id': 55,
  'task_sections_cnt': 1,
  'usage_offset': 27644},
 {'dep_offset': 41239,
  'name': 'compute_py',
  'parent_ending_section': 321,
  'parent_starting_section': 1,
  'potential_children_tasks': [],
  'starting_section': 112,
  'task_id': 56,
  'task_sections_cnt': 1,
  'usage_offset': 28295},
 {'dep_offset': 41525,
  'name': 'compute_py',
  'parent_ending_section': 321,
  'parent_starting_section': 1,
  'potential_children_tasks': [],
  'starting_section': 114,
  'task_id': 57,
  'task_sections_cnt': 1,
  'usage_offset': 28946},
 {'dep_offset': 41811,
  'name': 'compute_py',
  'parent_ending_section': 321,
  'parent_starting_section': 1,
  'potential_children_tasks': [],
  'starting_section': 116,
  'task_id': 58,
  'task_sections_cnt': 1,
  'usage_offset': 29597},
 {'dep_offset': 42097,
  'name': 'compute_py',
  'parent_ending_section': 321,
  'parent_starting_section': 1,
  'potential_children_tasks': [],
  'starting_section': 118,
  'task_id': 59,
  'task_sections_cnt': 1,
  'usage_offset': 30248},
 {'dep_offset': 42383,
  'name': 'compute_py',
  'parent_ending_section': 321,
  'parent_starting_section': 1,
  'potential_children_tasks': [],
  'starting_section': 120,
  'task_id': 60,
  'task_sections_cnt': 1,
  'usage_offset': 30899},
 {'dep_offset': 42669,
  'name': 'horizontal_border',
  'parent_ending_section': 321,
  'parent_starting_section': 1,
  'potential_children_tasks': [],
  'starting_section': 122,
  'task_id': 61,
  'task_sections_cnt': 1,
  'usage_offset': 31550},
 {'dep_offset': 42942,
  'name': 'vertical_border',
  'parent_ending_section': 321,
  'parent_starting_section': 1,
  'potential_children_tasks': [],
  'starting_section': 124,
  'task_id': 62,
  'task_sections_cnt': 1,
  'usage_offset': 32168},
 {'dep_offset': 43215,
  'name': 'compute_py',
  'parent_ending_section': 321,
  'parent_starting_section': 1,
  'potential_children_tasks': [],
  'starting_section': 126,
  'task_id': 63,
  'task_sections_cnt': 1,
  'usage_offset': 33094},
 {'dep_offset': 43501,
  'name': 'compute_py',
  'parent_ending_section': 321,
  'parent_starting_section': 1,
  'potential_children_tasks': [],
  'starting_section': 128,
  'task_id': 64,
  'task_sections_cnt': 1,
  'usage_offset': 33749},
 {'dep_offset': 43787,
  'name': 'compute_py',
  'parent_ending_section': 321,
  'parent_starting_section': 1,
  'potential_children_tasks': [],
  'starting_section': 130,
  'task_id': 65,
  'task_sections_cnt': 1,
  'usage_offset': 34404},
 {'dep_offset': 44073,
  'name': 'compute_py',
  'parent_ending_section': 321,
  'parent_starting_section': 1,
  'potential_children_tasks': [],
  'starting_section': 132,
  'task_id': 66,
  'task_sections_cnt': 1,
  'usage_offset': 35059},
 {'dep_offset': 44359,
  'name': 'compute_py',
  'parent_ending_section': 321,
  'parent_starting_section': 1,
  'potential_children_tasks': [],
  'starting_section': 134,
  'task_id': 67,
  'task_sections_cnt': 1,
  'usage_offset': 35714},
 {'dep_offset': 44646,
  'name': 'compute_py',
  'parent_ending_section': 321,
  'parent_starting_section': 1,
  'potential_children_tasks': [],
  'starting_section': 136,
  'task_id': 68,
  'task_sections_cnt': 1,
  'usage_offset': 36369},
 {'dep_offset': 44933,
  'name': 'compute_py',
  'parent_ending_section': 321,
  'parent_starting_section': 1,
  'potential_children_tasks': [],
  'starting_section': 138,
  'task_id': 69,
  'task_sections_cnt': 1,
  'usage_offset': 37024},
 {'dep_offset': 45220,
  'name': 'compute_py',
  'parent_ending_section': 321,
  'parent_starting_section': 1,
  'potential_children_tasks': [],
  'starting_section': 140,
  'task_id': 70,
  'task_sections_cnt': 1,
  'usage_offset': 37679},
 {'dep_offset': 45507,
  'name': 'horizontal_border',
  'parent_ending_section': 321,
  'parent_starting_section': 1,
  'potential_children_tasks': [],
  'starting_section': 142,
  'task_id': 71,
  'task_sections_cnt': 1,
  'usage_offset': 38334},
 {'dep_offset': 45780,
  'name': 'vertical_border',
  'parent_ending_section': 321,
  'parent_starting_section': 1,
  'potential_children_tasks': [],
  'starting_section': 144,
  'task_id': 72,
  'task_sections_cnt': 1,
  'usage_offset': 38956},
 {'dep_offset': 46053,
  'name': 'compute_py',
  'parent_ending_section': 321,
  'parent_starting_section': 1,
  'potential_children_tasks': [],
  'starting_section': 146,
  'task_id': 73,
  'task_sections_cnt': 1,
  'usage_offset': 39884},
 {'dep_offset': 46339,
  'name': 'compute_py',
  'parent_ending_section': 321,
  'parent_starting_section': 1,
  'potential_children_tasks': [],
  'starting_section': 148,
  'task_id': 74,
  'task_sections_cnt': 1,
  'usage_offset': 40539},
 {'dep_offset': 46626,
  'name': 'compute_py',
  'parent_ending_section': 321,
  'parent_starting_section': 1,
  'potential_children_tasks': [],
  'starting_section': 150,
  'task_id': 75,
  'task_sections_cnt': 1,
  'usage_offset': 41194},
 {'dep_offset': 46913,
  'name': 'compute_py',
  'parent_ending_section': 321,
  'parent_starting_section': 1,
  'potential_children_tasks': [],
  'starting_section': 152,
  'task_id': 76,
  'task_sections_cnt': 1,
  'usage_offset': 41849},
 {'dep_offset': 47200,
  'name': 'compute_py',
  'parent_ending_section': 321,
  'parent_starting_section': 1,
  'potential_children_tasks': [],
  'starting_section': 154,
  'task_id': 77,
  'task_sections_cnt': 1,
  'usage_offset': 42504},
 {'dep_offset': 47487,
  'name': 'compute_py',
  'parent_ending_section': 321,
  'parent_starting_section': 1,
  'potential_children_tasks': [],
  'starting_section': 156,
  'task_id': 78,
  'task_sections_cnt': 1,
  'usage_offset': 43159},
 {'dep_offset': 47774,
  'name': 'compute_py',
  'parent_ending_section': 321,
  'parent_starting_section': 1,
  'potential_children_tasks': [],
  'starting_section': 158,
  'task_id': 79,
  'task_sections_cnt': 1,
  'usage_offset': 43814},
 {'dep_offset': 48061,
  'name': 'compute_py',
  'parent_ending_section': 321,
  'parent_starting_section': 1,
  'potential_children_tasks': [],
  'starting_section': 160,
  'task_id': 80,
  'task_sections_cnt': 1,
  'usage_offset': 44469},
 {'dep_offset': 48348,
  'name': 'horizontal_border',
  'parent_ending_section': 321,
  'parent_starting_section': 1,
  'potential_children_tasks': [],
  'starting_section': 162,
  'task_id': 81,
  'task_sections_cnt': 1,
  'usage_offset': 45124},
 {'dep_offset': 48620,
  'name': 'vertical_border',
  'parent_ending_section': 321,
  'parent_starting_section': 1,
  'potential_children_tasks': [],
  'starting_section': 164,
  'task_id': 82,
  'task_sections_cnt': 1,
  'usage_offset': 45746},
 {'dep_offset': 48981,
  'name': 'fill_py',
  'parent_ending_section': 321,
  'parent_starting_section': 1,
  'potential_children_tasks': [],
  'starting_section': 166,
  'task_id': 83,
  'task_sections_cnt': 1,
  'usage_offset': 46674},
 {'dep_offset': 49647,
  'name': 'fill_py',
  'parent_ending_section': 321,
  'parent_starting_section': 1,
  'potential_children_tasks': [],
  'starting_section': 168,
  'task_id': 84,
  'task_sections_cnt': 1,
  'usage_offset': 46914},
 {'dep_offset': 49898,
  'name': 'fill_py',
  'parent_ending_section': 321,
  'parent_starting_section': 1,
  'potential_children_tasks': [],
  'starting_section': 170,
  'task_id': 85,
  'task_sections_cnt': 1,
  'usage_offset': 47154},
 {'dep_offset': 50149,
  'name': 'fill_py',
  'parent_ending_section': 321,
  'parent_starting_section': 1,
  'potential_children_tasks': [],
  'starting_section': 172,
  'task_id': 86,
  'task_sections_cnt': 1,
  'usage_offset': 47394},
 {'dep_offset': 50400,
  'name': 'fill_py',
  'parent_ending_section': 321,
  'parent_starting_section': 1,
  'potential_children_tasks': [],
  'starting_section': 174,
  'task_id': 87,
  'task_sections_cnt': 1,
  'usage_offset': 47634},
 {'dep_offset': 50651,
  'name': 'fill_py',
  'parent_ending_section': 321,
  'parent_starting_section': 1,
  'potential_children_tasks': [],
  'starting_section': 176,
  'task_id': 88,
  'task_sections_cnt': 1,
  'usage_offset': 47874},
 {'dep_offset': 50902,
  'name': 'fill_py',
  'parent_ending_section': 321,
  'parent_starting_section': 1,
  'potential_children_tasks': [],
  'starting_section': 178,
  'task_id': 89,
  'task_sections_cnt': 1,
  'usage_offset': 48114},
 {'dep_offset': 51153,
  'name': 'fill_py',
  'parent_ending_section': 321,
  'parent_starting_section': 1,
  'potential_children_tasks': [],
  'starting_section': 180,
  'task_id': 90,
  'task_sections_cnt': 1,
  'usage_offset': 48354},
 {'dep_offset': 51405,
  'name': 'horizontal_border',
  'parent_ending_section': 321,
  'parent_starting_section': 1,
  'potential_children_tasks': [],
  'starting_section': 182,
  'task_id': 91,
  'task_sections_cnt': 1,
  'usage_offset': 48594},
 {'dep_offset': 51677,
  'name': 'vertical_border',
  'parent_ending_section': 321,
  'parent_starting_section': 1,
  'potential_children_tasks': [],
  'starting_section': 184,
  'task_id': 92,
  'task_sections_cnt': 1,
  'usage_offset': 49216},
 {'dep_offset': 51949,
  'name': 'compute_py',
  'parent_ending_section': 321,
  'parent_starting_section': 1,
  'potential_children_tasks': [],
  'starting_section': 186,
  'task_id': 93,
  'task_sections_cnt': 1,
  'usage_offset': 50144},
 {'dep_offset': 52235,
  'name': 'compute_py',
  'parent_ending_section': 321,
  'parent_starting_section': 1,
  'potential_children_tasks': [],
  'starting_section': 188,
  'task_id': 94,
  'task_sections_cnt': 1,
  'usage_offset': 50799},
 {'dep_offset': 52521,
  'name': 'compute_py',
  'parent_ending_section': 321,
  'parent_starting_section': 1,
  'potential_children_tasks': [],
  'starting_section': 190,
  'task_id': 95,
  'task_sections_cnt': 1,
  'usage_offset': 51454},
 {'dep_offset': 52807,
  'name': 'compute_py',
  'parent_ending_section': 321,
  'parent_starting_section': 1,
  'potential_children_tasks': [],
  'starting_section': 192,
  'task_id': 96,
  'task_sections_cnt': 1,
  'usage_offset': 52109},
 {'dep_offset': 53093,
  'name': 'compute_py',
  'parent_ending_section': 321,
  'parent_starting_section': 1,
  'potential_children_tasks': [],
  'starting_section': 194,
  'task_id': 97,
  'task_sections_cnt': 1,
  'usage_offset': 52764},
 {'dep_offset': 53379,
  'name': 'compute_py',
  'parent_ending_section': 321,
  'parent_starting_section': 1,
  'potential_children_tasks': [],
  'starting_section': 196,
  'task_id': 98,
  'task_sections_cnt': 1,
  'usage_offset': 53419},
 {'dep_offset': 53665,
  'name': 'compute_py',
  'parent_ending_section': 321,
  'parent_starting_section': 1,
  'potential_children_tasks': [],
  'starting_section': 198,
  'task_id': 99,
  'task_sections_cnt': 1,
  'usage_offset': 54074},
 {'dep_offset': 53951,
  'name': 'compute_py',
  'parent_ending_section': 321,
  'parent_starting_section': 1,
  'potential_children_tasks': [],
  'starting_section': 200,
  'task_id': 100,
  'task_sections_cnt': 1,
  'usage_offset': 54729},
 {'dep_offset': 54240,
  'name': 'horizontal_border',
  'parent_ending_section': 321,
  'parent_starting_section': 1,
  'potential_children_tasks': [],
  'starting_section': 202,
  'task_id': 101,
  'task_sections_cnt': 1,
  'usage_offset': 55386},
 {'dep_offset': 54515,
  'name': 'vertical_border',
  'parent_ending_section': 321,
  'parent_starting_section': 1,
  'potential_children_tasks': [],
  'starting_section': 204,
  'task_id': 102,
  'task_sections_cnt': 1,
  'usage_offset': 56010},
 {'dep_offset': 54790,
  'name': 'compute_py',
  'parent_ending_section': 321,
  'parent_starting_section': 1,
  'potential_children_tasks': [],
  'starting_section': 206,
  'task_id': 103,
  'task_sections_cnt': 1,
  'usage_offset': 56940},
 {'dep_offset': 55079,
  'name': 'compute_py',
  'parent_ending_section': 321,
  'parent_starting_section': 1,
  'potential_children_tasks': [],
  'starting_section': 208,
  'task_id': 104,
  'task_sections_cnt': 1,
  'usage_offset': 57597},
 {'dep_offset': 55368,
  'name': 'compute_py',
  'parent_ending_section': 321,
  'parent_starting_section': 1,
  'potential_children_tasks': [],
  'starting_section': 210,
  'task_id': 105,
  'task_sections_cnt': 1,
  'usage_offset': 58254},
 {'dep_offset': 55657,
  'name': 'compute_py',
  'parent_ending_section': 321,
  'parent_starting_section': 1,
  'potential_children_tasks': [],
  'starting_section': 212,
  'task_id': 106,
  'task_sections_cnt': 1,
  'usage_offset': 58911},
 {'dep_offset': 55946,
  'name': 'compute_py',
  'parent_ending_section': 321,
  'parent_starting_section': 1,
  'potential_children_tasks': [],
  'starting_section': 214,
  'task_id': 107,
  'task_sections_cnt': 1,
  'usage_offset': 59568},
 {'dep_offset': 56235,
  'name': 'compute_py',
  'parent_ending_section': 321,
  'parent_starting_section': 1,
  'potential_children_tasks': [],
  'starting_section': 216,
  'task_id': 108,
  'task_sections_cnt': 1,
  'usage_offset': 60225},
 {'dep_offset': 56524,
  'name': 'compute_py',
  'parent_ending_section': 321,
  'parent_starting_section': 1,
  'potential_children_tasks': [],
  'starting_section': 218,
  'task_id': 109,
  'task_sections_cnt': 1,
  'usage_offset': 60882},
 {'dep_offset': 56813,
  'name': 'compute_py',
  'parent_ending_section': 321,
  'parent_starting_section': 1,
  'potential_children_tasks': [],
  'starting_section': 220,
  'task_id': 110,
  'task_sections_cnt': 1,
  'usage_offset': 61539},
 {'dep_offset': 57102,
  'name': 'horizontal_border',
  'parent_ending_section': 321,
  'parent_starting_section': 1,
  'potential_children_tasks': [],
  'starting_section': 222,
  'task_id': 111,
  'task_sections_cnt': 1,
  'usage_offset': 62196},
 {'dep_offset': 57378,
  'name': 'vertical_border',
  'parent_ending_section': 321,
  'parent_starting_section': 1,
  'potential_children_tasks': [],
  'starting_section': 224,
  'task_id': 112,
  'task_sections_cnt': 1,
  'usage_offset': 62820},
 {'dep_offset': 57654,
  'name': 'compute_py',
  'parent_ending_section': 321,
  'parent_starting_section': 1,
  'potential_children_tasks': [],
  'starting_section': 226,
  'task_id': 113,
  'task_sections_cnt': 1,
  'usage_offset': 63750},
 {'dep_offset': 57944,
  'name': 'compute_py',
  'parent_ending_section': 321,
  'parent_starting_section': 1,
  'potential_children_tasks': [],
  'starting_section': 228,
  'task_id': 114,
  'task_sections_cnt': 1,
  'usage_offset': 64407},
 {'dep_offset': 58234,
  'name': 'compute_py',
  'parent_ending_section': 321,
  'parent_starting_section': 1,
  'potential_children_tasks': [],
  'starting_section': 230,
  'task_id': 115,
  'task_sections_cnt': 1,
  'usage_offset': 65064},
 {'dep_offset': 58524,
  'name': 'compute_py',
  'parent_ending_section': 321,
  'parent_starting_section': 1,
  'potential_children_tasks': [],
  'starting_section': 232,
  'task_id': 116,
  'task_sections_cnt': 1,
  'usage_offset': 65721},
 {'dep_offset': 58814,
  'name': 'compute_py',
  'parent_ending_section': 321,
  'parent_starting_section': 1,
  'potential_children_tasks': [],
  'starting_section': 234,
  'task_id': 117,
  'task_sections_cnt': 1,
  'usage_offset': 66378},
 {'dep_offset': 59103,
  'name': 'compute_py',
  'parent_ending_section': 321,
  'parent_starting_section': 1,
  'potential_children_tasks': [],
  'starting_section': 236,
  'task_id': 118,
  'task_sections_cnt': 1,
  'usage_offset': 67035},
 {'dep_offset': 59392,
  'name': 'compute_py',
  'parent_ending_section': 321,
  'parent_starting_section': 1,
  'potential_children_tasks': [],
  'starting_section': 238,
  'task_id': 119,
  'task_sections_cnt': 1,
  'usage_offset': 67692},
 {'dep_offset': 59681,
  'name': 'compute_py',
  'parent_ending_section': 321,
  'parent_starting_section': 1,
  'potential_children_tasks': [],
  'starting_section': 240,
  'task_id': 120,
  'task_sections_cnt': 1,
  'usage_offset': 68349},
 {'dep_offset': 59970,
  'name': 'horizontal_border',
  'parent_ending_section': 321,
  'parent_starting_section': 1,
  'potential_children_tasks': [],
  'starting_section': 242,
  'task_id': 121,
  'task_sections_cnt': 1,
  'usage_offset': 69006},
 {'dep_offset': 60245,
  'name': 'vertical_border',
  'parent_ending_section': 321,
  'parent_starting_section': 1,
  'potential_children_tasks': [],
  'starting_section': 244,
  'task_id': 122,
  'task_sections_cnt': 1,
  'usage_offset': 69630},
 {'dep_offset': 60611,
  'name': 'fill_py',
  'parent_ending_section': 321,
  'parent_starting_section': 1,
  'potential_children_tasks': [],
  'starting_section': 246,
  'task_id': 123,
  'task_sections_cnt': 1,
  'usage_offset': 70560},
 {'dep_offset': 61295,
  'name': 'fill_py',
  'parent_ending_section': 321,
  'parent_starting_section': 1,
  'potential_children_tasks': [],
  'starting_section': 248,
  'task_id': 124,
  'task_sections_cnt': 1,
  'usage_offset': 70802},
 {'dep_offset': 61551,
  'name': 'fill_py',
  'parent_ending_section': 321,
  'parent_starting_section': 1,
  'potential_children_tasks': [],
  'starting_section': 250,
  'task_id': 125,
  'task_sections_cnt': 1,
  'usage_offset': 71044},
 {'dep_offset': 61807,
  'name': 'fill_py',
  'parent_ending_section': 321,
  'parent_starting_section': 1,
  'potential_children_tasks': [],
  'starting_section': 252,
  'task_id': 126,
  'task_sections_cnt': 1,
  'usage_offset': 71286},
 {'dep_offset': 62063,
  'name': 'fill_py',
  'parent_ending_section': 321,
  'parent_starting_section': 1,
  'potential_children_tasks': [],
  'starting_section': 254,
  'task_id': 127,
  'task_sections_cnt': 1,
  'usage_offset': 71528},
 {'dep_offset': 62319,
  'name': 'fill_py',
  'parent_ending_section': 321,
  'parent_starting_section': 1,
  'potential_children_tasks': [],
  'starting_section': 256,
  'task_id': 128,
  'task_sections_cnt': 1,
  'usage_offset': 71770},
 {'dep_offset': 62575,
  'name': 'fill_py',
  'parent_ending_section': 321,
  'parent_starting_section': 1,
  'potential_children_tasks': [],
  'starting_section': 258,
  'task_id': 129,
  'task_sections_cnt': 1,
  'usage_offset': 72012},
 {'dep_offset': 62831,
  'name': 'fill_py',
  'parent_ending_section': 321,
  'parent_starting_section': 1,
  'potential_children_tasks': [],
  'starting_section': 260,
  'task_id': 130,
  'task_sections_cnt': 1,
  'usage_offset': 72254},
 {'dep_offset': 63088,
  'name': 'horizontal_border',
  'parent_ending_section': 321,
  'parent_starting_section': 1,
  'potential_children_tasks': [],
  'starting_section': 262,
  'task_id': 131,
  'task_sections_cnt': 1,
  'usage_offset': 72496},
 {'dep_offset': 63363,
  'name': 'vertical_border',
  'parent_ending_section': 321,
  'parent_starting_section': 1,
  'potential_children_tasks': [],
  'starting_section': 264,
  'task_id': 132,
  'task_sections_cnt': 1,
  'usage_offset': 73120},
 {'dep_offset': 63729,
  'name': 'fill_py',
  'parent_ending_section': 321,
  'parent_starting_section': 1,
  'potential_children_tasks': [],
  'starting_section': 266,
  'task_id': 133,
  'task_sections_cnt': 1,
  'usage_offset': 74050},
 {'dep_offset': 64413,
  'name': 'fill_py',
  'parent_ending_section': 321,
  'parent_starting_section': 1,
  'potential_children_tasks': [],
  'starting_section': 268,
  'task_id': 134,
  'task_sections_cnt': 1,
  'usage_offset': 74292},
 {'dep_offset': 64669,
  'name': 'fill_py',
  'parent_ending_section': 321,
  'parent_starting_section': 1,
  'potential_children_tasks': [],
  'starting_section': 270,
  'task_id': 135,
  'task_sections_cnt': 1,
  'usage_offset': 74534},
 {'dep_offset': 64925,
  'name': 'fill_py',
  'parent_ending_section': 321,
  'parent_starting_section': 1,
  'potential_children_tasks': [],
  'starting_section': 272,
  'task_id': 136,
  'task_sections_cnt': 1,
  'usage_offset': 74776},
 {'dep_offset': 65181,
  'name': 'fill_py',
  'parent_ending_section': 321,
  'parent_starting_section': 1,
  'potential_children_tasks': [],
  'starting_section': 274,
  'task_id': 137,
  'task_sections_cnt': 1,
  'usage_offset': 75018},
 {'dep_offset': 65437,
  'name': 'fill_py',
  'parent_ending_section': 321,
  'parent_starting_section': 1,
  'potential_children_tasks': [],
  'starting_section': 276,
  'task_id': 138,
  'task_sections_cnt': 1,
  'usage_offset': 75260},
 {'dep_offset': 65693,
  'name': 'fill_py',
  'parent_ending_section': 321,
  'parent_starting_section': 1,
  'potential_children_tasks': [],
  'starting_section': 278,
  'task_id': 139,
  'task_sections_cnt': 1,
  'usage_offset': 75502},
 {'dep_offset': 65949,
  'name': 'fill_py',
  'parent_ending_section': 321,
  'parent_starting_section': 1,
  'potential_children_tasks': [],
  'starting_section': 280,
  'task_id': 140,
  'task_sections_cnt': 1,
  'usage_offset': 75744},
 {'dep_offset': 66206,
  'name': 'horizontal_border',
  'parent_ending_section': 321,
  'parent_starting_section': 1,
  'potential_children_tasks': [],
  'starting_section': 282,
  'task_id': 141,
  'task_sections_cnt': 1,
  'usage_offset': 75986},
 {'dep_offset': 66481,
  'name': 'vertical_border',
  'parent_ending_section': 321,
  'parent_starting_section': 1,
  'potential_children_tasks': [],
  'starting_section': 284,
  'task_id': 142,
  'task_sections_cnt': 1,
  'usage_offset': 76610},
 {'dep_offset': 66847,
  'name': 'fill_py',
  'parent_ending_section': 321,
  'parent_starting_section': 1,
  'potential_children_tasks': [],
  'starting_section': 286,
  'task_id': 143,
  'task_sections_cnt': 1,
  'usage_offset': 77540},
 {'dep_offset': 67531,
  'name': 'fill_py',
  'parent_ending_section': 321,
  'parent_starting_section': 1,
  'potential_children_tasks': [],
  'starting_section': 288,
  'task_id': 144,
  'task_sections_cnt': 1,
  'usage_offset': 77782},
 {'dep_offset': 67787,
  'name': 'fill_py',
  'parent_ending_section': 321,
  'parent_starting_section': 1,
  'potential_children_tasks': [],
  'starting_section': 290,
  'task_id': 145,
  'task_sections_cnt': 1,
  'usage_offset': 78024},
 {'dep_offset': 68043,
  'name': 'fill_py',
  'parent_ending_section': 321,
  'parent_starting_section': 1,
  'potential_children_tasks': [],
  'starting_section': 292,
  'task_id': 146,
  'task_sections_cnt': 1,
  'usage_offset': 78266},
 {'dep_offset': 68299,
  'name': 'fill_py',
  'parent_ending_section': 321,
  'parent_starting_section': 1,
  'potential_children_tasks': [],
  'starting_section': 294,
  'task_id': 147,
  'task_sections_cnt': 1,
  'usage_offset': 78508},
 {'dep_offset': 68555,
  'name': 'fill_py',
  'parent_ending_section': 321,
  'parent_starting_section': 1,
  'potential_children_tasks': [],
  'starting_section': 296,
  'task_id': 148,
  'task_sections_cnt': 1,
  'usage_offset': 78750},
 {'dep_offset': 68811,
  'name': 'fill_py',
  'parent_ending_section': 321,
  'parent_starting_section': 1,
  'potential_children_tasks': [],
  'starting_section': 298,
  'task_id': 149,
  'task_sections_cnt': 1,
  'usage_offset': 78992},
 {'dep_offset': 69067,
  'name': 'fill_py',
  'parent_ending_section': 321,
  'parent_starting_section': 1,
  'potential_children_tasks': [],
  'starting_section': 300,
  'task_id': 150,
  'task_sections_cnt': 1,
  'usage_offset': 79234},
 {'dep_offset': 69324,
  'name': 'horizontal_border',
  'parent_ending_section': 321,
  'parent_starting_section': 1,
  'potential_children_tasks': [],
  'starting_section': 302,
  'task_id': 151,
  'task_sections_cnt': 1,
  'usage_offset': 79476},
 {'dep_offset': 69599,
  'name': 'vertical_border',
  'parent_ending_section': 321,
  'parent_starting_section': 1,
  'potential_children_tasks': [],
  'starting_section': 304,
  'task_id': 152,
  'task_sections_cnt': 1,
  'usage_offset': 80100},
 {'dep_offset': 69965,
  'name': 'fill_py',
  'parent_ending_section': 321,
  'parent_starting_section': 1,
  'potential_children_tasks': [],
  'starting_section': 306,
  'task_id': 153,
  'task_sections_cnt': 1,
  'usage_offset': 81030},
 {'dep_offset': 70649,
  'name': 'fill_py',
  'parent_ending_section': 321,
  'parent_starting_section': 1,
  'potential_children_tasks': [],
  'starting_section': 308,
  'task_id': 154,
  'task_sections_cnt': 1,
  'usage_offset': 81272},
 {'dep_offset': 70905,
  'name': 'fill_py',
  'parent_ending_section': 321,
  'parent_starting_section': 1,
  'potential_children_tasks': [],
  'starting_section': 310,
  'task_id': 155,
  'task_sections_cnt': 1,
  'usage_offset': 81514},
 {'dep_offset': 71161,
  'name': 'fill_py',
  'parent_ending_section': 321,
  'parent_starting_section': 1,
  'potential_children_tasks': [],
  'starting_section': 312,
  'task_id': 156,
  'task_sections_cnt': 1,
  'usage_offset': 81756},
 {'dep_offset': 71417,
  'name': 'fill_py',
  'parent_ending_section': 321,
  'parent_starting_section': 1,
  'potential_children_tasks': [],
  'starting_section': 314,
  'task_id': 157,
  'task_sections_cnt': 1,
  'usage_offset': 81998},
 {'dep_offset': 71673,
  'name': 'fill_py',
  'parent_ending_section': 321,
  'parent_starting_section': 1,
  'potential_children_tasks': [],
  'starting_section': 316,
  'task_id': 158,
  'task_sections_cnt': 1,
  'usage_offset': 82240},
 {'dep_offset': 71929,
  'name': 'fill_py',
  'parent_ending_section': 321,
  'parent_starting_section': 1,
  'potential_children_tasks': [],
  'starting_section': 318,
  'task_id': 159,
  'task_sections_cnt': 1,
  'usage_offset': 82482},
 {'dep_offset': 72185,
  'name': 'fill_py',
  'parent_ending_section': 321,
  'parent_starting_section': 1,
  'potential_children_tasks': [],
  'starting_section': 320,
  'task_id': 160,
  'task_sections_cnt': 1,
  'usage_offset': 82724}]
