TASK:0:MAIN_TAREADOR:1:321:0:705631
 33:4096:33:loads:[0,4)[32,36)[1024,1028)[2048,2052)[3072,3076)[3104,3108)[3136,3140)[3168,3172):stores:
 35:8:37:loads::stores:[0,8)
 36:8:38:loads::stores:[0,8)
 37:8:39:loads::stores:[0,8)
 38:8:40:loads::stores:[0,8)
 39:8:41:loads::stores:[0,8)
 40:8:42:loads::stores:[0,8)
 21:4:43:loads::stores:[0,4)
 46:4:51:loads::stores:[0,4)
 46:4:53:loads::stores:[0,4)
 section:0:0:1:None:0:None
   35:8:37:loads::stores:[0,8)
   36:8:38:loads::stores:[0,8)
   37:8:39:loads::stores:[0,8)
   38:8:40:loads::stores:[0,8)
   39:8:41:loads::stores:[0,8)
   40:8:42:loads::stores:[0,8)
   21:4:43:loads::stores:[0,4)
   46:4:51:loads::stores:[0,4)
   46:4:53:loads::stores:[0,4)
 section:0:1:None:None:4669:None
   33:4096:33:loads:[0,4):stores:
   46:4:51:loads::stores:[0,4)
 section:0:2:None:None:11337:None
   33:4096:33:loads:[32,36):stores:
   46:4:51:loads::stores:[0,4)
   46:4:53:loads::stores:[0,4)
 section:0:3:None:None:67634:None
   33:4096:33:loads:[1024,1028):stores:
   46:4:51:loads::stores:[0,4)
   46:4:53:loads::stores:[0,4)
 section:0:4:None:None:497441:None
   33:4096:33:loads:[2048,2052):stores:
   46:4:51:loads::stores:[0,4)
   46:4:53:loads::stores:[0,4)
 section:0:5:None:None:683567:None
   33:4096:33:loads:[3072,3076):stores:
   46:4:51:loads::stores:[0,4)
 section:0:6:None:None:690235:None
   33:4096:33:loads:[3104,3108):stores:
   46:4:51:loads::stores:[0,4)
 section:0:7:None:None:696903:None
   33:4096:33:loads:[3136,3140):stores:
   46:4:51:loads::stores:[0,4)
 section:0:8:None:321:703571:705631
   33:4096:33:loads:[3168,3172):stores:
   35:8:37:loads::stores:[0,8)
   36:8:38:loads::stores:[0,8)
   37:8:39:loads::stores:[0,8)
   38:8:40:loads::stores:[0,8)
   39:8:41:loads::stores:[0,8)
   40:8:42:loads::stores:[0,8)
   21:4:43:loads::stores:[0,4)
   46:4:51:loads::stores:[0,4)
   46:4:53:loads::stores:[0,4)
 section:0:9:None:321:705631:705631
 TASK:1:horizontal_border:2:2:43:2356
  33:4096:33:loads::stores:[0,32)[896,928)
  35:8:37:loads:[0,8):stores:
  36:8:38:loads:[0,8):stores:
  37:8:39:loads:[0,8):stores:
  38:8:40:loads:[0,8):stores:
  39:8:41:loads:[0,8):stores:
  40:8:42:loads:[0,8):stores:
  21:4:43:loads:[0,4):stores:
  section:1:0:2:2:43:2356
    33:4096:33:loads::stores:[0,32)[896,928)
    35:8:37:loads:[0,8):stores:
    36:8:38:loads:[0,8):stores:
    37:8:39:loads:[0,8):stores:
    38:8:40:loads:[0,8):stores:
    39:8:41:loads:[0,8):stores:
    40:8:42:loads:[0,8):stores:
    21:4:43:loads:[0,4):stores:
 TASK:2:vertical_border:4:4:2356:4669
  33:4096:33:loads::stores:[0,4)[28,32)[128,132)[156,160)[256,260)[284,288)[384,388)[412,416)[512,516)[540,544)[640,644)[668,672)[768,772)[796,800)[896,900)[924,928)
  35:8:37:loads:[0,8):stores:
  36:8:38:loads:[0,8):stores:
  37:8:39:loads:[0,8):stores:
  38:8:40:loads:[0,8):stores:
  39:8:41:loads:[0,8):stores:
  40:8:42:loads:[0,8):stores:
  21:4:43:loads:[0,4):stores:
  section:2:0:4:4:2356:4669
    33:4096:33:loads::stores:[0,4)[28,32)[128,132)[156,160)[256,260)[284,288)[384,388)[412,416)[512,516)[540,544)[640,644)[668,672)[768,772)[796,800)[896,900)[924,928)
    35:8:37:loads:[0,8):stores:
    36:8:38:loads:[0,8):stores:
    37:8:39:loads:[0,8):stores:
    38:8:40:loads:[0,8):stores:
    39:8:41:loads:[0,8):stores:
    40:8:42:loads:[0,8):stores:
    21:4:43:loads:[0,4):stores:
 TASK:3:fill_py:6:6:4699:4939
  33:4096:33:loads:[0,4):stores:[0,32)
  46:4:51:loads:[0,4):stores:
  section:3:0:6:6:4699:4939
    33:4096:33:loads:[0,4):stores:[0,32)
    46:4:51:loads:[0,4):stores:
 TASK:4:fill_py:8:8:4949:5189
  33:4096:33:loads:[0,4):stores:[128,160)
  46:4:51:loads:[0,4):stores:
  section:4:0:8:8:4949:5189
    33:4096:33:loads:[0,4):stores:[128,160)
    46:4:51:loads:[0,4):stores:
 TASK:5:fill_py:10:10:5199:5439
  33:4096:33:loads:[0,4):stores:[256,288)
  46:4:51:loads:[0,4):stores:
  section:5:0:10:10:5199:5439
    33:4096:33:loads:[0,4):stores:[256,288)
    46:4:51:loads:[0,4):stores:
 TASK:6:fill_py:12:12:5449:5689
  33:4096:33:loads:[0,4):stores:[384,416)
  46:4:51:loads:[0,4):stores:
  section:6:0:12:12:5449:5689
    33:4096:33:loads:[0,4):stores:[384,416)
    46:4:51:loads:[0,4):stores:
 TASK:7:fill_py:14:14:5699:5939
  33:4096:33:loads:[0,4):stores:[512,544)
  46:4:51:loads:[0,4):stores:
  section:7:0:14:14:5699:5939
    33:4096:33:loads:[0,4):stores:[512,544)
    46:4:51:loads:[0,4):stores:
 TASK:8:fill_py:16:16:5949:6189
  33:4096:33:loads:[0,4):stores:[640,672)
  46:4:51:loads:[0,4):stores:
  section:8:0:16:16:5949:6189
    33:4096:33:loads:[0,4):stores:[640,672)
    46:4:51:loads:[0,4):stores:
 TASK:9:fill_py:18:18:6199:6439
  33:4096:33:loads:[0,4):stores:[768,800)
  46:4:51:loads:[0,4):stores:
  section:9:0:18:18:6199:6439
    33:4096:33:loads:[0,4):stores:[768,800)
    46:4:51:loads:[0,4):stores:
 TASK:10:fill_py:20:20:6449:6689
  33:4096:33:loads:[0,4):stores:[896,928)
  46:4:51:loads:[0,4):stores:
  section:10:0:20:20:6449:6689
    33:4096:33:loads:[0,4):stores:[896,928)
    46:4:51:loads:[0,4):stores:
 TASK:11:horizontal_border:22:22:6711:9024
  33:4096:33:loads::stores:[32,64)[928,960)
  35:8:37:loads:[0,8):stores:
  36:8:38:loads:[0,8):stores:
  37:8:39:loads:[0,8):stores:
  38:8:40:loads:[0,8):stores:
  39:8:41:loads:[0,8):stores:
  40:8:42:loads:[0,8):stores:
  21:4:43:loads:[0,4):stores:
  section:11:0:22:22:6711:9024
    33:4096:33:loads::stores:[32,64)[928,960)
    35:8:37:loads:[0,8):stores:
    36:8:38:loads:[0,8):stores:
    37:8:39:loads:[0,8):stores:
    38:8:40:loads:[0,8):stores:
    39:8:41:loads:[0,8):stores:
    40:8:42:loads:[0,8):stores:
    21:4:43:loads:[0,4):stores:
 TASK:12:vertical_border:24:24:9024:11337
  33:4096:33:loads::stores:[32,36)[60,64)[160,164)[188,192)[288,292)[316,320)[416,420)[444,448)[544,548)[572,576)[672,676)[700,704)[800,804)[828,832)[928,932)[956,960)
  35:8:37:loads:[0,8):stores:
  36:8:38:loads:[0,8):stores:
  37:8:39:loads:[0,8):stores:
  38:8:40:loads:[0,8):stores:
  39:8:41:loads:[0,8):stores:
  40:8:42:loads:[0,8):stores:
  21:4:43:loads:[0,4):stores:
  section:12:0:24:24:9024:11337
    33:4096:33:loads::stores:[32,36)[60,64)[160,164)[188,192)[288,292)[316,320)[416,420)[444,448)[544,548)[572,576)[672,676)[700,704)[800,804)[828,832)[928,932)[956,960)
    35:8:37:loads:[0,8):stores:
    36:8:38:loads:[0,8):stores:
    37:8:39:loads:[0,8):stores:
    38:8:40:loads:[0,8):stores:
    39:8:41:loads:[0,8):stores:
    40:8:42:loads:[0,8):stores:
    21:4:43:loads:[0,4):stores:
 TASK:13:fill_py:26:26:11367:11607
  33:4096:33:loads:[32,36):stores:[32,64)
  46:4:51:loads:[0,4):stores:
  section:13:0:26:26:11367:11607
    33:4096:33:loads:[32,36):stores:[32,64)
    46:4:51:loads:[0,4):stores:
 TASK:14:fill_py:28:28:11617:11857
  33:4096:33:loads:[32,36):stores:[160,192)
  46:4:51:loads:[0,4):stores:
  section:14:0:28:28:11617:11857
    33:4096:33:loads:[32,36):stores:[160,192)
    46:4:51:loads:[0,4):stores:
 TASK:15:fill_py:30:30:11867:12107
  33:4096:33:loads:[32,36):stores:[288,320)
  46:4:51:loads:[0,4):stores:
  section:15:0:30:30:11867:12107
    33:4096:33:loads:[32,36):stores:[288,320)
    46:4:51:loads:[0,4):stores:
 TASK:16:fill_py:32:32:12117:12357
  33:4096:33:loads:[32,36):stores:[416,448)
  46:4:51:loads:[0,4):stores:
  section:16:0:32:32:12117:12357
    33:4096:33:loads:[32,36):stores:[416,448)
    46:4:51:loads:[0,4):stores:
 TASK:17:fill_py:34:34:12367:12607
  33:4096:33:loads:[32,36):stores:[544,576)
  46:4:51:loads:[0,4):stores:
  section:17:0:34:34:12367:12607
    33:4096:33:loads:[32,36):stores:[544,576)
    46:4:51:loads:[0,4):stores:
 TASK:18:fill_py:36:36:12617:12857
  33:4096:33:loads:[32,36):stores:[672,704)
  46:4:51:loads:[0,4):stores:
  section:18:0:36:36:12617:12857
    33:4096:33:loads:[32,36):stores:[672,704)
    46:4:51:loads:[0,4):stores:
 TASK:19:fill_py:38:38:12867:13107
  33:4096:33:loads:[32,36):stores:[800,832)
  46:4:51:loads:[0,4):stores:
  section:19:0:38:38:12867:13107
    33:4096:33:loads:[32,36):stores:[800,832)
    46:4:51:loads:[0,4):stores:
 TASK:20:fill_py:40:40:13117:13357
  33:4096:33:loads:[32,36):stores:[928,960)
  46:4:51:loads:[0,4):stores:
  section:20:0:40:40:13117:13357
    33:4096:33:loads:[32,36):stores:[928,960)
    46:4:51:loads:[0,4):stores:
 TASK:21:horizontal_border:42:42:13379:15986
  33:4096:33:loads::stores:[64,96)[960,992)
  35:8:37:loads:[0,8):stores:
  36:8:38:loads:[0,8):stores:
  37:8:39:loads:[0,8):stores:
  38:8:40:loads:[0,8):stores:
  39:8:41:loads:[0,8):stores:
  40:8:42:loads:[0,8):stores:
  21:4:43:loads:[0,4):stores:
  section:21:0:42:42:13379:15986
    33:4096:33:loads::stores:[64,96)[960,992)
    35:8:37:loads:[0,8):stores:
    36:8:38:loads:[0,8):stores:
    37:8:39:loads:[0,8):stores:
    38:8:40:loads:[0,8):stores:
    39:8:41:loads:[0,8):stores:
    40:8:42:loads:[0,8):stores:
    21:4:43:loads:[0,4):stores:
 TASK:22:vertical_border:44:44:15986:18467
  33:4096:33:loads::stores:[64,68)[92,96)[192,196)[220,224)[320,324)[348,352)[448,452)[476,480)[576,580)[604,608)[704,708)[732,736)[832,836)[860,864)[960,964)[988,992)
  35:8:37:loads:[0,8):stores:
  36:8:38:loads:[0,8):stores:
  37:8:39:loads:[0,8):stores:
  38:8:40:loads:[0,8):stores:
  39:8:41:loads:[0,8):stores:
  40:8:42:loads:[0,8):stores:
  21:4:43:loads:[0,4):stores:
  section:22:0:44:44:15986:18467
    33:4096:33:loads::stores:[64,68)[92,96)[192,196)[220,224)[320,324)[348,352)[448,452)[476,480)[576,580)[604,608)[704,708)[732,736)[832,836)[860,864)[960,964)[988,992)
    35:8:37:loads:[0,8):stores:
    36:8:38:loads:[0,8):stores:
    37:8:39:loads:[0,8):stores:
    38:8:40:loads:[0,8):stores:
    39:8:41:loads:[0,8):stores:
    40:8:42:loads:[0,8):stores:
    21:4:43:loads:[0,4):stores:
 TASK:23:compute_py:46:46:18481:19537
  33:4096:33:loads::stores:[64,96)
  35:8:37:loads:[0,8):stores:
  36:8:38:loads:[0,8):stores:
  37:8:39:loads:[0,8):stores:
  38:8:40:loads:[0,8):stores:
  39:8:41:loads:[0,8):stores:
  40:8:42:loads:[0,8):stores:
  21:4:43:loads:[0,4):stores:
  46:4:53:loads:[0,4):stores:
  section:23:0:46:46:18481:19537
    33:4096:33:loads::stores:[64,96)
    35:8:37:loads:[0,8):stores:
    36:8:38:loads:[0,8):stores:
    37:8:39:loads:[0,8):stores:
    38:8:40:loads:[0,8):stores:
    39:8:41:loads:[0,8):stores:
    40:8:42:loads:[0,8):stores:
    21:4:43:loads:[0,4):stores:
    46:4:53:loads:[0,4):stores:
 TASK:24:compute_py:48:48:19547:20603
  33:4096:33:loads::stores:[192,224)
  35:8:37:loads:[0,8):stores:
  36:8:38:loads:[0,8):stores:
  37:8:39:loads:[0,8):stores:
  38:8:40:loads:[0,8):stores:
  39:8:41:loads:[0,8):stores:
  40:8:42:loads:[0,8):stores:
  21:4:43:loads:[0,4):stores:
  46:4:53:loads:[0,4):stores:
  section:24:0:48:48:19547:20603
    33:4096:33:loads::stores:[192,224)
    35:8:37:loads:[0,8):stores:
    36:8:38:loads:[0,8):stores:
    37:8:39:loads:[0,8):stores:
    38:8:40:loads:[0,8):stores:
    39:8:41:loads:[0,8):stores:
    40:8:42:loads:[0,8):stores:
    21:4:43:loads:[0,4):stores:
    46:4:53:loads:[0,4):stores:
 TASK:25:compute_py:50:50:20613:21669
  33:4096:33:loads::stores:[320,352)
  35:8:37:loads:[0,8):stores:
  36:8:38:loads:[0,8):stores:
  37:8:39:loads:[0,8):stores:
  38:8:40:loads:[0,8):stores:
  39:8:41:loads:[0,8):stores:
  40:8:42:loads:[0,8):stores:
  21:4:43:loads:[0,4):stores:
  46:4:53:loads:[0,4):stores:
  section:25:0:50:50:20613:21669
    33:4096:33:loads::stores:[320,352)
    35:8:37:loads:[0,8):stores:
    36:8:38:loads:[0,8):stores:
    37:8:39:loads:[0,8):stores:
    38:8:40:loads:[0,8):stores:
    39:8:41:loads:[0,8):stores:
    40:8:42:loads:[0,8):stores:
    21:4:43:loads:[0,4):stores:
    46:4:53:loads:[0,4):stores:
 TASK:26:compute_py:52:52:21679:22735
  33:4096:33:loads::stores:[448,480)
  35:8:37:loads:[0,8):stores:
  36:8:38:loads:[0,8):stores:
  37:8:39:loads:[0,8):stores:
  38:8:40:loads:[0,8):stores:
  39:8:41:loads:[0,8):stores:
  40:8:42:loads:[0,8):stores:
  21:4:43:loads:[0,4):stores:
  46:4:53:loads:[0,4):stores:
  section:26:0:52:52:21679:22735
    33:4096:33:loads::stores:[448,480)
    35:8:37:loads:[0,8):stores:
    36:8:38:loads:[0,8):stores:
    37:8:39:loads:[0,8):stores:
    38:8:40:loads:[0,8):stores:
    39:8:41:loads:[0,8):stores:
    40:8:42:loads:[0,8):stores:
    21:4:43:loads:[0,4):stores:
    46:4:53:loads:[0,4):stores:
 TASK:27:compute_py:54:54:22745:23927
  33:4096:33:loads::stores:[576,608)
  35:8:37:loads:[0,8):stores:
  36:8:38:loads:[0,8):stores:
  37:8:39:loads:[0,8):stores:
  38:8:40:loads:[0,8):stores:
  39:8:41:loads:[0,8):stores:
  40:8:42:loads:[0,8):stores:
  21:4:43:loads:[0,4):stores:
  46:4:53:loads:[0,4):stores:
  section:27:0:54:54:22745:23927
    33:4096:33:loads::stores:[576,608)
    35:8:37:loads:[0,8):stores:
    36:8:38:loads:[0,8):stores:
    37:8:39:loads:[0,8):stores:
    38:8:40:loads:[0,8):stores:
    39:8:41:loads:[0,8):stores:
    40:8:42:loads:[0,8):stores:
    21:4:43:loads:[0,4):stores:
    46:4:53:loads:[0,4):stores:
 TASK:28:compute_py:56:56:23937:25161
  33:4096:33:loads::stores:[704,736)
  35:8:37:loads:[0,8):stores:
  36:8:38:loads:[0,8):stores:
  37:8:39:loads:[0,8):stores:
  38:8:40:loads:[0,8):stores:
  39:8:41:loads:[0,8):stores:
  40:8:42:loads:[0,8):stores:
  21:4:43:loads:[0,4):stores:
  46:4:53:loads:[0,4):stores:
  section:28:0:56:56:23937:25161
    33:4096:33:loads::stores:[704,736)
    35:8:37:loads:[0,8):stores:
    36:8:38:loads:[0,8):stores:
    37:8:39:loads:[0,8):stores:
    38:8:40:loads:[0,8):stores:
    39:8:41:loads:[0,8):stores:
    40:8:42:loads:[0,8):stores:
    21:4:43:loads:[0,4):stores:
    46:4:53:loads:[0,4):stores:
 TASK:29:compute_py:58:58:25171:26479
  33:4096:33:loads::stores:[832,864)
  35:8:37:loads:[0,8):stores:
  36:8:38:loads:[0,8):stores:
  37:8:39:loads:[0,8):stores:
  38:8:40:loads:[0,8):stores:
  39:8:41:loads:[0,8):stores:
  40:8:42:loads:[0,8):stores:
  21:4:43:loads:[0,4):stores:
  46:4:53:loads:[0,4):stores:
  section:29:0:58:58:25171:26479
    33:4096:33:loads::stores:[832,864)
    35:8:37:loads:[0,8):stores:
    36:8:38:loads:[0,8):stores:
    37:8:39:loads:[0,8):stores:
    38:8:40:loads:[0,8):stores:
    39:8:41:loads:[0,8):stores:
    40:8:42:loads:[0,8):stores:
    21:4:43:loads:[0,4):stores:
    46:4:53:loads:[0,4):stores:
 TASK:30:compute_py:60:60:26489:27839
  33:4096:33:loads::stores:[960,992)
  35:8:37:loads:[0,8):stores:
  36:8:38:loads:[0,8):stores:
  37:8:39:loads:[0,8):stores:
  38:8:40:loads:[0,8):stores:
  39:8:41:loads:[0,8):stores:
  40:8:42:loads:[0,8):stores:
  21:4:43:loads:[0,4):stores:
  46:4:53:loads:[0,4):stores:
  section:30:0:60:60:26489:27839
    33:4096:33:loads::stores:[960,992)
    35:8:37:loads:[0,8):stores:
    36:8:38:loads:[0,8):stores:
    37:8:39:loads:[0,8):stores:
    38:8:40:loads:[0,8):stores:
    39:8:41:loads:[0,8):stores:
    40:8:42:loads:[0,8):stores:
    21:4:43:loads:[0,4):stores:
    46:4:53:loads:[0,4):stores:
 TASK:31:horizontal_border:62:62:27861:39408
  33:4096:33:loads::stores:[96,128)[992,1024)
  35:8:37:loads:[0,8):stores:
  36:8:38:loads:[0,8):stores:
  37:8:39:loads:[0,8):stores:
  38:8:40:loads:[0,8):stores:
  39:8:41:loads:[0,8):stores:
  40:8:42:loads:[0,8):stores:
  21:4:43:loads:[0,4):stores:
  section:31:0:62:62:27861:39408
    33:4096:33:loads::stores:[96,128)[992,1024)
    35:8:37:loads:[0,8):stores:
    36:8:38:loads:[0,8):stores:
    37:8:39:loads:[0,8):stores:
    38:8:40:loads:[0,8):stores:
    39:8:41:loads:[0,8):stores:
    40:8:42:loads:[0,8):stores:
    21:4:43:loads:[0,4):stores:
 TASK:32:vertical_border:64:64:39408:42435
  33:4096:33:loads::stores:[96,100)[124,128)[224,228)[252,256)[352,356)[380,384)[480,484)[508,512)[608,612)[636,640)[736,740)[764,768)[864,868)[892,896)[992,996)[1020,1024)
  35:8:37:loads:[0,8):stores:
  36:8:38:loads:[0,8):stores:
  37:8:39:loads:[0,8):stores:
  38:8:40:loads:[0,8):stores:
  39:8:41:loads:[0,8):stores:
  40:8:42:loads:[0,8):stores:
  21:4:43:loads:[0,4):stores:
  section:32:0:64:64:39408:42435
    33:4096:33:loads::stores:[96,100)[124,128)[224,228)[252,256)[352,356)[380,384)[480,484)[508,512)[608,612)[636,640)[736,740)[764,768)[864,868)[892,896)[992,996)[1020,1024)
    35:8:37:loads:[0,8):stores:
    36:8:38:loads:[0,8):stores:
    37:8:39:loads:[0,8):stores:
    38:8:40:loads:[0,8):stores:
    39:8:41:loads:[0,8):stores:
    40:8:42:loads:[0,8):stores:
    21:4:43:loads:[0,4):stores:
 TASK:33:compute_py:66:66:42449:43505
  33:4096:33:loads::stores:[96,128)
  35:8:37:loads:[0,8):stores:
  36:8:38:loads:[0,8):stores:
  37:8:39:loads:[0,8):stores:
  38:8:40:loads:[0,8):stores:
  39:8:41:loads:[0,8):stores:
  40:8:42:loads:[0,8):stores:
  21:4:43:loads:[0,4):stores:
  46:4:53:loads:[0,4):stores:
  section:33:0:66:66:42449:43505
    33:4096:33:loads::stores:[96,128)
    35:8:37:loads:[0,8):stores:
    36:8:38:loads:[0,8):stores:
    37:8:39:loads:[0,8):stores:
    38:8:40:loads:[0,8):stores:
    39:8:41:loads:[0,8):stores:
    40:8:42:loads:[0,8):stores:
    21:4:43:loads:[0,4):stores:
    46:4:53:loads:[0,4):stores:
 TASK:34:compute_py:68:68:43515:44571
  33:4096:33:loads::stores:[224,256)
  35:8:37:loads:[0,8):stores:
  36:8:38:loads:[0,8):stores:
  37:8:39:loads:[0,8):stores:
  38:8:40:loads:[0,8):stores:
  39:8:41:loads:[0,8):stores:
  40:8:42:loads:[0,8):stores:
  21:4:43:loads:[0,4):stores:
  46:4:53:loads:[0,4):stores:
  section:34:0:68:68:43515:44571
    33:4096:33:loads::stores:[224,256)
    35:8:37:loads:[0,8):stores:
    36:8:38:loads:[0,8):stores:
    37:8:39:loads:[0,8):stores:
    38:8:40:loads:[0,8):stores:
    39:8:41:loads:[0,8):stores:
    40:8:42:loads:[0,8):stores:
    21:4:43:loads:[0,4):stores:
    46:4:53:loads:[0,4):stores:
 TASK:35:compute_py:70:70:44581:45637
  33:4096:33:loads::stores:[352,384)
  35:8:37:loads:[0,8):stores:
  36:8:38:loads:[0,8):stores:
  37:8:39:loads:[0,8):stores:
  38:8:40:loads:[0,8):stores:
  39:8:41:loads:[0,8):stores:
  40:8:42:loads:[0,8):stores:
  21:4:43:loads:[0,4):stores:
  46:4:53:loads:[0,4):stores:
  section:35:0:70:70:44581:45637
    33:4096:33:loads::stores:[352,384)
    35:8:37:loads:[0,8):stores:
    36:8:38:loads:[0,8):stores:
    37:8:39:loads:[0,8):stores:
    38:8:40:loads:[0,8):stores:
    39:8:41:loads:[0,8):stores:
    40:8:42:loads:[0,8):stores:
    21:4:43:loads:[0,4):stores:
    46:4:53:loads:[0,4):stores:
 TASK:36:compute_py:72:72:45647:46871
  33:4096:33:loads::stores:[480,512)
  35:8:37:loads:[0,8):stores:
  36:8:38:loads:[0,8):stores:
  37:8:39:loads:[0,8):stores:
  38:8:40:loads:[0,8):stores:
  39:8:41:loads:[0,8):stores:
  40:8:42:loads:[0,8):stores:
  21:4:43:loads:[0,4):stores:
  46:4:53:loads:[0,4):stores:
  section:36:0:72:72:45647:46871
    33:4096:33:loads::stores:[480,512)
    35:8:37:loads:[0,8):stores:
    36:8:38:loads:[0,8):stores:
    37:8:39:loads:[0,8):stores:
    38:8:40:loads:[0,8):stores:
    39:8:41:loads:[0,8):stores:
    40:8:42:loads:[0,8):stores:
    21:4:43:loads:[0,4):stores:
    46:4:53:loads:[0,4):stores:
 TASK:37:compute_py:74:74:46881:48357
  33:4096:33:loads::stores:[608,640)
  35:8:37:loads:[0,8):stores:
  36:8:38:loads:[0,8):stores:
  37:8:39:loads:[0,8):stores:
  38:8:40:loads:[0,8):stores:
  39:8:41:loads:[0,8):stores:
  40:8:42:loads:[0,8):stores:
  21:4:43:loads:[0,4):stores:
  46:4:53:loads:[0,4):stores:
  section:37:0:74:74:46881:48357
    33:4096:33:loads::stores:[608,640)
    35:8:37:loads:[0,8):stores:
    36:8:38:loads:[0,8):stores:
    37:8:39:loads:[0,8):stores:
    38:8:40:loads:[0,8):stores:
    39:8:41:loads:[0,8):stores:
    40:8:42:loads:[0,8):stores:
    21:4:43:loads:[0,4):stores:
    46:4:53:loads:[0,4):stores:
 TASK:38:compute_py:76:76:48367:50347
  33:4096:33:loads::stores:[736,768)
  35:8:37:loads:[0,8):stores:
  36:8:38:loads:[0,8):stores:
  37:8:39:loads:[0,8):stores:
  38:8:40:loads:[0,8):stores:
  39:8:41:loads:[0,8):stores:
  40:8:42:loads:[0,8):stores:
  21:4:43:loads:[0,4):stores:
  46:4:53:loads:[0,4):stores:
  section:38:0:76:76:48367:50347
    33:4096:33:loads::stores:[736,768)
    35:8:37:loads:[0,8):stores:
    36:8:38:loads:[0,8):stores:
    37:8:39:loads:[0,8):stores:
    38:8:40:loads:[0,8):stores:
    39:8:41:loads:[0,8):stores:
    40:8:42:loads:[0,8):stores:
    21:4:43:loads:[0,4):stores:
    46:4:53:loads:[0,4):stores:
 TASK:39:compute_py:78:78:50357:52673
  33:4096:33:loads::stores:[864,896)
  35:8:37:loads:[0,8):stores:
  36:8:38:loads:[0,8):stores:
  37:8:39:loads:[0,8):stores:
  38:8:40:loads:[0,8):stores:
  39:8:41:loads:[0,8):stores:
  40:8:42:loads:[0,8):stores:
  21:4:43:loads:[0,4):stores:
  46:4:53:loads:[0,4):stores:
  section:39:0:78:78:50357:52673
    33:4096:33:loads::stores:[864,896)
    35:8:37:loads:[0,8):stores:
    36:8:38:loads:[0,8):stores:
    37:8:39:loads:[0,8):stores:
    38:8:40:loads:[0,8):stores:
    39:8:41:loads:[0,8):stores:
    40:8:42:loads:[0,8):stores:
    21:4:43:loads:[0,4):stores:
    46:4:53:loads:[0,4):stores:
 TASK:40:compute_py:80:80:52683:62973
  33:4096:33:loads::stores:[992,1024)
  35:8:37:loads:[0,8):stores:
  36:8:38:loads:[0,8):stores:
  37:8:39:loads:[0,8):stores:
  38:8:40:loads:[0,8):stores:
  39:8:41:loads:[0,8):stores:
  40:8:42:loads:[0,8):stores:
  21:4:43:loads:[0,4):stores:
  46:4:53:loads:[0,4):stores:
  section:40:0:80:80:52683:62973
    33:4096:33:loads::stores:[992,1024)
    35:8:37:loads:[0,8):stores:
    36:8:38:loads:[0,8):stores:
    37:8:39:loads:[0,8):stores:
    38:8:40:loads:[0,8):stores:
    39:8:41:loads:[0,8):stores:
    40:8:42:loads:[0,8):stores:
    21:4:43:loads:[0,4):stores:
    46:4:53:loads:[0,4):stores:
 TASK:41:horizontal_border:82:82:63008:65321
  33:4096:33:loads::stores:[1024,1056)[1920,1952)
  35:8:37:loads:[0,8):stores:
  36:8:38:loads:[0,8):stores:
  37:8:39:loads:[0,8):stores:
  38:8:40:loads:[0,8):stores:
  39:8:41:loads:[0,8):stores:
  40:8:42:loads:[0,8):stores:
  21:4:43:loads:[0,4):stores:
  section:41:0:82:82:63008:65321
    33:4096:33:loads::stores:[1024,1056)[1920,1952)
    35:8:37:loads:[0,8):stores:
    36:8:38:loads:[0,8):stores:
    37:8:39:loads:[0,8):stores:
    38:8:40:loads:[0,8):stores:
    39:8:41:loads:[0,8):stores:
    40:8:42:loads:[0,8):stores:
    21:4:43:loads:[0,4):stores:
 TASK:42:vertical_border:84:84:65321:67634
  33:4096:33:loads::stores:[1024,1028)[1052,1056)[1152,1156)[1180,1184)[1280,1284)[1308,1312)[1408,1412)[1436,1440)[1536,1540)[1564,1568)[1664,1668)[1692,1696)[1792,1796)[1820,1824)[1920,1924)[1948,1952)
  35:8:37:loads:[0,8):stores:
  36:8:38:loads:[0,8):stores:
  37:8:39:loads:[0,8):stores:
  38:8:40:loads:[0,8):stores:
  39:8:41:loads:[0,8):stores:
  40:8:42:loads:[0,8):stores:
  21:4:43:loads:[0,4):stores:
  section:42:0:84:84:65321:67634
    33:4096:33:loads::stores:[1024,1028)[1052,1056)[1152,1156)[1180,1184)[1280,1284)[1308,1312)[1408,1412)[1436,1440)[1536,1540)[1564,1568)[1664,1668)[1692,1696)[1792,1796)[1820,1824)[1920,1924)[1948,1952)
    35:8:37:loads:[0,8):stores:
    36:8:38:loads:[0,8):stores:
    37:8:39:loads:[0,8):stores:
    38:8:40:loads:[0,8):stores:
    39:8:41:loads:[0,8):stores:
    40:8:42:loads:[0,8):stores:
    21:4:43:loads:[0,4):stores:
 TASK:43:fill_py:86:86:67664:67904
  33:4096:33:loads:[1024,1028):stores:[1024,1056)
  46:4:51:loads:[0,4):stores:
  section:43:0:86:86:67664:67904
    33:4096:33:loads:[1024,1028):stores:[1024,1056)
    46:4:51:loads:[0,4):stores:
 TASK:44:fill_py:88:88:67914:68154
  33:4096:33:loads:[1024,1028):stores:[1152,1184)
  46:4:51:loads:[0,4):stores:
  section:44:0:88:88:67914:68154
    33:4096:33:loads:[1024,1028):stores:[1152,1184)
    46:4:51:loads:[0,4):stores:
 TASK:45:fill_py:90:90:68164:68404
  33:4096:33:loads:[1024,1028):stores:[1280,1312)
  46:4:51:loads:[0,4):stores:
  section:45:0:90:90:68164:68404
    33:4096:33:loads:[1024,1028):stores:[1280,1312)
    46:4:51:loads:[0,4):stores:
 TASK:46:fill_py:92:92:68414:68654
  33:4096:33:loads:[1024,1028):stores:[1408,1440)
  46:4:51:loads:[0,4):stores:
  section:46:0:92:92:68414:68654
    33:4096:33:loads:[1024,1028):stores:[1408,1440)
    46:4:51:loads:[0,4):stores:
 TASK:47:fill_py:94:94:68664:68904
  33:4096:33:loads:[1024,1028):stores:[1536,1568)
  46:4:51:loads:[0,4):stores:
  section:47:0:94:94:68664:68904
    33:4096:33:loads:[1024,1028):stores:[1536,1568)
    46:4:51:loads:[0,4):stores:
 TASK:48:fill_py:96:96:68914:69154
  33:4096:33:loads:[1024,1028):stores:[1664,1696)
  46:4:51:loads:[0,4):stores:
  section:48:0:96:96:68914:69154
    33:4096:33:loads:[1024,1028):stores:[1664,1696)
    46:4:51:loads:[0,4):stores:
 TASK:49:fill_py:98:98:69164:69404
  33:4096:33:loads:[1024,1028):stores:[1792,1824)
  46:4:51:loads:[0,4):stores:
  section:49:0:98:98:69164:69404
    33:4096:33:loads:[1024,1028):stores:[1792,1824)
    46:4:51:loads:[0,4):stores:
 TASK:50:fill_py:100:100:69414:69654
  33:4096:33:loads:[1024,1028):stores:[1920,1952)
  46:4:51:loads:[0,4):stores:
  section:50:0:100:100:69414:69654
    33:4096:33:loads:[1024,1028):stores:[1920,1952)
    46:4:51:loads:[0,4):stores:
 TASK:51:horizontal_border:102:102:69676:72031
  33:4096:33:loads::stores:[1056,1088)[1952,1984)
  35:8:37:loads:[0,8):stores:
  36:8:38:loads:[0,8):stores:
  37:8:39:loads:[0,8):stores:
  38:8:40:loads:[0,8):stores:
  39:8:41:loads:[0,8):stores:
  40:8:42:loads:[0,8):stores:
  21:4:43:loads:[0,4):stores:
  section:51:0:102:102:69676:72031
    33:4096:33:loads::stores:[1056,1088)[1952,1984)
    35:8:37:loads:[0,8):stores:
    36:8:38:loads:[0,8):stores:
    37:8:39:loads:[0,8):stores:
    38:8:40:loads:[0,8):stores:
    39:8:41:loads:[0,8):stores:
    40:8:42:loads:[0,8):stores:
    21:4:43:loads:[0,4):stores:
 TASK:52:vertical_border:104:104:72031:74722
  33:4096:33:loads::stores:[1056,1060)[1084,1088)[1184,1188)[1212,1216)[1312,1316)[1340,1344)[1440,1444)[1468,1472)[1568,1572)[1596,1600)[1696,1700)[1724,1728)[1824,1828)[1852,1856)[1952,1956)[1980,1984)
  35:8:37:loads:[0,8):stores:
  36:8:38:loads:[0,8):stores:
  37:8:39:loads:[0,8):stores:
  38:8:40:loads:[0,8):stores:
  39:8:41:loads:[0,8):stores:
  40:8:42:loads:[0,8):stores:
  21:4:43:loads:[0,4):stores:
  section:52:0:104:104:72031:74722
    33:4096:33:loads::stores:[1056,1060)[1084,1088)[1184,1188)[1212,1216)[1312,1316)[1340,1344)[1440,1444)[1468,1472)[1568,1572)[1596,1600)[1696,1700)[1724,1728)[1824,1828)[1852,1856)[1952,1956)[1980,1984)
    35:8:37:loads:[0,8):stores:
    36:8:38:loads:[0,8):stores:
    37:8:39:loads:[0,8):stores:
    38:8:40:loads:[0,8):stores:
    39:8:41:loads:[0,8):stores:
    40:8:42:loads:[0,8):stores:
    21:4:43:loads:[0,4):stores:
 TASK:53:compute_py:106:106:74736:75792
  33:4096:33:loads::stores:[1056,1088)
  35:8:37:loads:[0,8):stores:
  36:8:38:loads:[0,8):stores:
  37:8:39:loads:[0,8):stores:
  38:8:40:loads:[0,8):stores:
  39:8:41:loads:[0,8):stores:
  40:8:42:loads:[0,8):stores:
  21:4:43:loads:[0,4):stores:
  46:4:53:loads:[0,4):stores:
  section:53:0:106:106:74736:75792
    33:4096:33:loads::stores:[1056,1088)
    35:8:37:loads:[0,8):stores:
    36:8:38:loads:[0,8):stores:
    37:8:39:loads:[0,8):stores:
    38:8:40:loads:[0,8):stores:
    39:8:41:loads:[0,8):stores:
    40:8:42:loads:[0,8):stores:
    21:4:43:loads:[0,4):stores:
    46:4:53:loads:[0,4):stores:
 TASK:54:compute_py:108:108:75802:76858
  33:4096:33:loads::stores:[1184,1216)
  35:8:37:loads:[0,8):stores:
  36:8:38:loads:[0,8):stores:
  37:8:39:loads:[0,8):stores:
  38:8:40:loads:[0,8):stores:
  39:8:41:loads:[0,8):stores:
  40:8:42:loads:[0,8):stores:
  21:4:43:loads:[0,4):stores:
  46:4:53:loads:[0,4):stores:
  section:54:0:108:108:75802:76858
    33:4096:33:loads::stores:[1184,1216)
    35:8:37:loads:[0,8):stores:
    36:8:38:loads:[0,8):stores:
    37:8:39:loads:[0,8):stores:
    38:8:40:loads:[0,8):stores:
    39:8:41:loads:[0,8):stores:
    40:8:42:loads:[0,8):stores:
    21:4:43:loads:[0,4):stores:
    46:4:53:loads:[0,4):stores:
 TASK:55:compute_py:110:110:76868:77924
  33:4096:33:loads::stores:[1312,1344)
  35:8:37:loads:[0,8):stores:
  36:8:38:loads:[0,8):stores:
  37:8:39:loads:[0,8):stores:
  38:8:40:loads:[0,8):stores:
  39:8:41:loads:[0,8):stores:
  40:8:42:loads:[0,8):stores:
  21:4:43:loads:[0,4):stores:
  46:4:53:loads:[0,4):stores:
  section:55:0:110:110:76868:77924
    33:4096:33:loads::stores:[1312,1344)
    35:8:37:loads:[0,8):stores:
    36:8:38:loads:[0,8):stores:
    37:8:39:loads:[0,8):stores:
    38:8:40:loads:[0,8):stores:
    39:8:41:loads:[0,8):stores:
    40:8:42:loads:[0,8):stores:
    21:4:43:loads:[0,4):stores:
    46:4:53:loads:[0,4):stores:
 TASK:56:compute_py:112:112:77934:79032
  33:4096:33:loads::stores:[1440,1472)
  35:8:37:loads:[0,8):stores:
  36:8:38:loads:[0,8):stores:
  37:8:39:loads:[0,8):stores:
  38:8:40:loads:[0,8):stores:
  39:8:41:loads:[0,8):stores:
  40:8:42:loads:[0,8):stores:
  21:4:43:loads:[0,4):stores:
  46:4:53:loads:[0,4):stores:
  section:56:0:112:112:77934:79032
    33:4096:33:loads::stores:[1440,1472)
    35:8:37:loads:[0,8):stores:
    36:8:38:loads:[0,8):stores:
    37:8:39:loads:[0,8):stores:
    38:8:40:loads:[0,8):stores:
    39:8:41:loads:[0,8):stores:
    40:8:42:loads:[0,8):stores:
    21:4:43:loads:[0,4):stores:
    46:4:53:loads:[0,4):stores:
 TASK:57:compute_py:114:114:79042:80182
  33:4096:33:loads::stores:[1568,1600)
  35:8:37:loads:[0,8):stores:
  36:8:38:loads:[0,8):stores:
  37:8:39:loads:[0,8):stores:
  38:8:40:loads:[0,8):stores:
  39:8:41:loads:[0,8):stores:
  40:8:42:loads:[0,8):stores:
  21:4:43:loads:[0,4):stores:
  46:4:53:loads:[0,4):stores:
  section:57:0:114:114:79042:80182
    33:4096:33:loads::stores:[1568,1600)
    35:8:37:loads:[0,8):stores:
    36:8:38:loads:[0,8):stores:
    37:8:39:loads:[0,8):stores:
    38:8:40:loads:[0,8):stores:
    39:8:41:loads:[0,8):stores:
    40:8:42:loads:[0,8):stores:
    21:4:43:loads:[0,4):stores:
    46:4:53:loads:[0,4):stores:
 TASK:58:compute_py:116:116:80192:81374
  33:4096:33:loads::stores:[1696,1728)
  35:8:37:loads:[0,8):stores:
  36:8:38:loads:[0,8):stores:
  37:8:39:loads:[0,8):stores:
  38:8:40:loads:[0,8):stores:
  39:8:41:loads:[0,8):stores:
  40:8:42:loads:[0,8):stores:
  21:4:43:loads:[0,4):stores:
  46:4:53:loads:[0,4):stores:
  section:58:0:116:116:80192:81374
    33:4096:33:loads::stores:[1696,1728)
    35:8:37:loads:[0,8):stores:
    36:8:38:loads:[0,8):stores:
    37:8:39:loads:[0,8):stores:
    38:8:40:loads:[0,8):stores:
    39:8:41:loads:[0,8):stores:
    40:8:42:loads:[0,8):stores:
    21:4:43:loads:[0,4):stores:
    46:4:53:loads:[0,4):stores:
 TASK:59:compute_py:118:118:81384:82524
  33:4096:33:loads::stores:[1824,1856)
  35:8:37:loads:[0,8):stores:
  36:8:38:loads:[0,8):stores:
  37:8:39:loads:[0,8):stores:
  38:8:40:loads:[0,8):stores:
  39:8:41:loads:[0,8):stores:
  40:8:42:loads:[0,8):stores:
  21:4:43:loads:[0,4):stores:
  46:4:53:loads:[0,4):stores:
  section:59:0:118:118:81384:82524
    33:4096:33:loads::stores:[1824,1856)
    35:8:37:loads:[0,8):stores:
    36:8:38:loads:[0,8):stores:
    37:8:39:loads:[0,8):stores:
    38:8:40:loads:[0,8):stores:
    39:8:41:loads:[0,8):stores:
    40:8:42:loads:[0,8):stores:
    21:4:43:loads:[0,4):stores:
    46:4:53:loads:[0,4):stores:
 TASK:60:compute_py:120:120:82534:83632
  33:4096:33:loads::stores:[1952,1984)
  35:8:37:loads:[0,8):stores:
  36:8:38:loads:[0,8):stores:
  37:8:39:loads:[0,8):stores:
  38:8:40:loads:[0,8):stores:
  39:8:41:loads:[0,8):stores:
  40:8:42:loads:[0,8):stores:
  21:4:43:loads:[0,4):stores:
  46:4:53:loads:[0,4):stores:
  section:60:0:120:120:82534:83632
    33:4096:33:loads::stores:[1952,1984)
    35:8:37:loads:[0,8):stores:
    36:8:38:loads:[0,8):stores:
    37:8:39:loads:[0,8):stores:
    38:8:40:loads:[0,8):stores:
    39:8:41:loads:[0,8):stores:
    40:8:42:loads:[0,8):stores:
    21:4:43:loads:[0,4):stores:
    46:4:53:loads:[0,4):stores:
 TASK:61:horizontal_border:122:122:83654:95915
  33:4096:33:loads::stores:[1088,1120)[1984,2016)
  35:8:37:loads:[0,8):stores:
  36:8:38:loads:[0,8):stores:
  37:8:39:loads:[0,8):stores:
  38:8:40:loads:[0,8):stores:
  39:8:41:loads:[0,8):stores:
  40:8:42:loads:[0,8):stores:
  21:4:43:loads:[0,4):stores:
  section:61:0:122:122:83654:95915
    33:4096:33:loads::stores:[1088,1120)[1984,2016)
    35:8:37:loads:[0,8):stores:
    36:8:38:loads:[0,8):stores:
    37:8:39:loads:[0,8):stores:
    38:8:40:loads:[0,8):stores:
    39:8:41:loads:[0,8):stores:
    40:8:42:loads:[0,8):stores:
    21:4:43:loads:[0,4):stores:
 TASK:62:vertical_border:124:124:95915:116696
  33:4096:33:loads::stores:[1088,1092)[1116,1120)[1216,1220)[1244,1248)[1344,1348)[1372,1376)[1472,1476)[1500,1504)[1600,1604)[1628,1632)[1728,1732)[1756,1760)[1856,1860)[1884,1888)[1984,1988)[2012,2016)
  35:8:37:loads:[0,8):stores:
  36:8:38:loads:[0,8):stores:
  37:8:39:loads:[0,8):stores:
  38:8:40:loads:[0,8):stores:
  39:8:41:loads:[0,8):stores:
  40:8:42:loads:[0,8):stores:
  21:4:43:loads:[0,4):stores:
  section:62:0:124:124:95915:116696
    33:4096:33:loads::stores:[1088,1092)[1116,1120)[1216,1220)[1244,1248)[1344,1348)[1372,1376)[1472,1476)[1500,1504)[1600,1604)[1628,1632)[1728,1732)[1756,1760)[1856,1860)[1884,1888)[1984,1988)[2012,2016)
    35:8:37:loads:[0,8):stores:
    36:8:38:loads:[0,8):stores:
    37:8:39:loads:[0,8):stores:
    38:8:40:loads:[0,8):stores:
    39:8:41:loads:[0,8):stores:
    40:8:42:loads:[0,8):stores:
    21:4:43:loads:[0,4):stores:
 TASK:63:compute_py:126:126:116710:118144
  33:4096:33:loads::stores:[1088,1120)
  35:8:37:loads:[0,8):stores:
  36:8:38:loads:[0,8):stores:
  37:8:39:loads:[0,8):stores:
  38:8:40:loads:[0,8):stores:
  39:8:41:loads:[0,8):stores:
  40:8:42:loads:[0,8):stores:
  21:4:43:loads:[0,4):stores:
  46:4:53:loads:[0,4):stores:
  section:63:0:126:126:116710:118144
    33:4096:33:loads::stores:[1088,1120)
    35:8:37:loads:[0,8):stores:
    36:8:38:loads:[0,8):stores:
    37:8:39:loads:[0,8):stores:
    38:8:40:loads:[0,8):stores:
    39:8:41:loads:[0,8):stores:
    40:8:42:loads:[0,8):stores:
    21:4:43:loads:[0,4):stores:
    46:4:53:loads:[0,4):stores:
 TASK:64:compute_py:128:128:118154:119756
  33:4096:33:loads::stores:[1216,1248)
  35:8:37:loads:[0,8):stores:
  36:8:38:loads:[0,8):stores:
  37:8:39:loads:[0,8):stores:
  38:8:40:loads:[0,8):stores:
  39:8:41:loads:[0,8):stores:
  40:8:42:loads:[0,8):stores:
  21:4:43:loads:[0,4):stores:
  46:4:53:loads:[0,4):stores:
  section:64:0:128:128:118154:119756
    33:4096:33:loads::stores:[1216,1248)
    35:8:37:loads:[0,8):stores:
    36:8:38:loads:[0,8):stores:
    37:8:39:loads:[0,8):stores:
    38:8:40:loads:[0,8):stores:
    39:8:41:loads:[0,8):stores:
    40:8:42:loads:[0,8):stores:
    21:4:43:loads:[0,4):stores:
    46:4:53:loads:[0,4):stores:
 TASK:65:compute_py:130:130:119766:121704
  33:4096:33:loads::stores:[1344,1376)
  35:8:37:loads:[0,8):stores:
  36:8:38:loads:[0,8):stores:
  37:8:39:loads:[0,8):stores:
  38:8:40:loads:[0,8):stores:
  39:8:41:loads:[0,8):stores:
  40:8:42:loads:[0,8):stores:
  21:4:43:loads:[0,4):stores:
  46:4:53:loads:[0,4):stores:
  section:65:0:130:130:119766:121704
    33:4096:33:loads::stores:[1344,1376)
    35:8:37:loads:[0,8):stores:
    36:8:38:loads:[0,8):stores:
    37:8:39:loads:[0,8):stores:
    38:8:40:loads:[0,8):stores:
    39:8:41:loads:[0,8):stores:
    40:8:42:loads:[0,8):stores:
    21:4:43:loads:[0,4):stores:
    46:4:53:loads:[0,4):stores:
 TASK:66:compute_py:132:132:121714:126004
  33:4096:33:loads::stores:[1472,1504)
  35:8:37:loads:[0,8):stores:
  36:8:38:loads:[0,8):stores:
  37:8:39:loads:[0,8):stores:
  38:8:40:loads:[0,8):stores:
  39:8:41:loads:[0,8):stores:
  40:8:42:loads:[0,8):stores:
  21:4:43:loads:[0,4):stores:
  46:4:53:loads:[0,4):stores:
  section:66:0:132:132:121714:126004
    33:4096:33:loads::stores:[1472,1504)
    35:8:37:loads:[0,8):stores:
    36:8:38:loads:[0,8):stores:
    37:8:39:loads:[0,8):stores:
    38:8:40:loads:[0,8):stores:
    39:8:41:loads:[0,8):stores:
    40:8:42:loads:[0,8):stores:
    21:4:43:loads:[0,4):stores:
    46:4:53:loads:[0,4):stores:
 TASK:67:compute_py:134:134:126014:138866
  33:4096:33:loads::stores:[1600,1632)
  35:8:37:loads:[0,8):stores:
  36:8:38:loads:[0,8):stores:
  37:8:39:loads:[0,8):stores:
  38:8:40:loads:[0,8):stores:
  39:8:41:loads:[0,8):stores:
  40:8:42:loads:[0,8):stores:
  21:4:43:loads:[0,4):stores:
  46:4:53:loads:[0,4):stores:
  section:67:0:134:134:126014:138866
    33:4096:33:loads::stores:[1600,1632)
    35:8:37:loads:[0,8):stores:
    36:8:38:loads:[0,8):stores:
    37:8:39:loads:[0,8):stores:
    38:8:40:loads:[0,8):stores:
    39:8:41:loads:[0,8):stores:
    40:8:42:loads:[0,8):stores:
    21:4:43:loads:[0,4):stores:
    46:4:53:loads:[0,4):stores:
 TASK:68:compute_py:136:136:138876:157602
  33:4096:33:loads::stores:[1728,1760)
  35:8:37:loads:[0,8):stores:
  36:8:38:loads:[0,8):stores:
  37:8:39:loads:[0,8):stores:
  38:8:40:loads:[0,8):stores:
  39:8:41:loads:[0,8):stores:
  40:8:42:loads:[0,8):stores:
  21:4:43:loads:[0,4):stores:
  46:4:53:loads:[0,4):stores:
  section:68:0:136:136:138876:157602
    33:4096:33:loads::stores:[1728,1760)
    35:8:37:loads:[0,8):stores:
    36:8:38:loads:[0,8):stores:
    37:8:39:loads:[0,8):stores:
    38:8:40:loads:[0,8):stores:
    39:8:41:loads:[0,8):stores:
    40:8:42:loads:[0,8):stores:
    21:4:43:loads:[0,4):stores:
    46:4:53:loads:[0,4):stores:
 TASK:69:compute_py:138:138:157612:173485
  33:4096:33:loads::stores:[1856,1888)
  35:8:37:loads:[0,8):stores:
  36:8:38:loads:[0,8):stores:
  37:8:39:loads:[0,8):stores:
  38:8:40:loads:[0,8):stores:
  39:8:41:loads:[0,8):stores:
  40:8:42:loads:[0,8):stores:
  21:4:43:loads:[0,4):stores:
  46:4:53:loads:[0,4):stores:
  section:69:0:138:138:157612:173485
    33:4096:33:loads::stores:[1856,1888)
    35:8:37:loads:[0,8):stores:
    36:8:38:loads:[0,8):stores:
    37:8:39:loads:[0,8):stores:
    38:8:40:loads:[0,8):stores:
    39:8:41:loads:[0,8):stores:
    40:8:42:loads:[0,8):stores:
    21:4:43:loads:[0,4):stores:
    46:4:53:loads:[0,4):stores:
 TASK:70:compute_py:140:140:173495:184121
  33:4096:33:loads::stores:[1984,2016)
  35:8:37:loads:[0,8):stores:
  36:8:38:loads:[0,8):stores:
  37:8:39:loads:[0,8):stores:
  38:8:40:loads:[0,8):stores:
  39:8:41:loads:[0,8):stores:
  40:8:42:loads:[0,8):stores:
  21:4:43:loads:[0,4):stores:
  46:4:53:loads:[0,4):stores:
  section:70:0:140:140:173495:184121
    33:4096:33:loads::stores:[1984,2016)
    35:8:37:loads:[0,8):stores:
    36:8:38:loads:[0,8):stores:
    37:8:39:loads:[0,8):stores:
    38:8:40:loads:[0,8):stores:
    39:8:41:loads:[0,8):stores:
    40:8:42:loads:[0,8):stores:
    21:4:43:loads:[0,4):stores:
    46:4:53:loads:[0,4):stores:
 TASK:71:horizontal_border:142:142:184143:225408
  33:4096:33:loads::stores:[1120,1152)[2016,2048)
  35:8:37:loads:[0,8):stores:
  36:8:38:loads:[0,8):stores:
  37:8:39:loads:[0,8):stores:
  38:8:40:loads:[0,8):stores:
  39:8:41:loads:[0,8):stores:
  40:8:42:loads:[0,8):stores:
  21:4:43:loads:[0,4):stores:
  section:71:0:142:142:184143:225408
    33:4096:33:loads::stores:[1120,1152)[2016,2048)
    35:8:37:loads:[0,8):stores:
    36:8:38:loads:[0,8):stores:
    37:8:39:loads:[0,8):stores:
    38:8:40:loads:[0,8):stores:
    39:8:41:loads:[0,8):stores:
    40:8:42:loads:[0,8):stores:
    21:4:43:loads:[0,4):stores:
 TASK:72:vertical_border:144:144:225408:271749
  33:4096:33:loads::stores:[1120,1124)[1148,1152)[1248,1252)[1276,1280)[1376,1380)[1404,1408)[1504,1508)[1532,1536)[1632,1636)[1660,1664)[1760,1764)[1788,1792)[1888,1892)[1916,1920)[2016,2020)[2044,2048)
  35:8:37:loads:[0,8):stores:
  36:8:38:loads:[0,8):stores:
  37:8:39:loads:[0,8):stores:
  38:8:40:loads:[0,8):stores:
  39:8:41:loads:[0,8):stores:
  40:8:42:loads:[0,8):stores:
  21:4:43:loads:[0,4):stores:
  section:72:0:144:144:225408:271749
    33:4096:33:loads::stores:[1120,1124)[1148,1152)[1248,1252)[1276,1280)[1376,1380)[1404,1408)[1504,1508)[1532,1536)[1632,1636)[1660,1664)[1760,1764)[1788,1792)[1888,1892)[1916,1920)[2016,2020)[2044,2048)
    35:8:37:loads:[0,8):stores:
    36:8:38:loads:[0,8):stores:
    37:8:39:loads:[0,8):stores:
    38:8:40:loads:[0,8):stores:
    39:8:41:loads:[0,8):stores:
    40:8:42:loads:[0,8):stores:
    21:4:43:loads:[0,4):stores:
 TASK:73:compute_py:146:146:271763:281426
  33:4096:33:loads::stores:[1120,1152)
  35:8:37:loads:[0,8):stores:
  36:8:38:loads:[0,8):stores:
  37:8:39:loads:[0,8):stores:
  38:8:40:loads:[0,8):stores:
  39:8:41:loads:[0,8):stores:
  40:8:42:loads:[0,8):stores:
  21:4:43:loads:[0,4):stores:
  46:4:53:loads:[0,4):stores:
  section:73:0:146:146:271763:281426
    33:4096:33:loads::stores:[1120,1152)
    35:8:37:loads:[0,8):stores:
    36:8:38:loads:[0,8):stores:
    37:8:39:loads:[0,8):stores:
    38:8:40:loads:[0,8):stores:
    39:8:41:loads:[0,8):stores:
    40:8:42:loads:[0,8):stores:
    21:4:43:loads:[0,4):stores:
    46:4:53:loads:[0,4):stores:
 TASK:74:compute_py:148:148:281436:304401
  33:4096:33:loads::stores:[1248,1280)
  35:8:37:loads:[0,8):stores:
  36:8:38:loads:[0,8):stores:
  37:8:39:loads:[0,8):stores:
  38:8:40:loads:[0,8):stores:
  39:8:41:loads:[0,8):stores:
  40:8:42:loads:[0,8):stores:
  21:4:43:loads:[0,4):stores:
  46:4:53:loads:[0,4):stores:
  section:74:0:148:148:281436:304401
    33:4096:33:loads::stores:[1248,1280)
    35:8:37:loads:[0,8):stores:
    36:8:38:loads:[0,8):stores:
    37:8:39:loads:[0,8):stores:
    38:8:40:loads:[0,8):stores:
    39:8:41:loads:[0,8):stores:
    40:8:42:loads:[0,8):stores:
    21:4:43:loads:[0,4):stores:
    46:4:53:loads:[0,4):stores:
 TASK:75:compute_py:150:150:304411:330985
  33:4096:33:loads::stores:[1376,1408)
  35:8:37:loads:[0,8):stores:
  36:8:38:loads:[0,8):stores:
  37:8:39:loads:[0,8):stores:
  38:8:40:loads:[0,8):stores:
  39:8:41:loads:[0,8):stores:
  40:8:42:loads:[0,8):stores:
  21:4:43:loads:[0,4):stores:
  46:4:53:loads:[0,4):stores:
  section:75:0:150:150:304411:330985
    33:4096:33:loads::stores:[1376,1408)
    35:8:37:loads:[0,8):stores:
    36:8:38:loads:[0,8):stores:
    37:8:39:loads:[0,8):stores:
    38:8:40:loads:[0,8):stores:
    39:8:41:loads:[0,8):stores:
    40:8:42:loads:[0,8):stores:
    21:4:43:loads:[0,4):stores:
    46:4:53:loads:[0,4):stores:
 TASK:76:compute_py:152:152:330995:358451
  33:4096:33:loads::stores:[1504,1536)
  35:8:37:loads:[0,8):stores:
  36:8:38:loads:[0,8):stores:
  37:8:39:loads:[0,8):stores:
  38:8:40:loads:[0,8):stores:
  39:8:41:loads:[0,8):stores:
  40:8:42:loads:[0,8):stores:
  21:4:43:loads:[0,4):stores:
  46:4:53:loads:[0,4):stores:
  section:76:0:152:152:330995:358451
    33:4096:33:loads::stores:[1504,1536)
    35:8:37:loads:[0,8):stores:
    36:8:38:loads:[0,8):stores:
    37:8:39:loads:[0,8):stores:
    38:8:40:loads:[0,8):stores:
    39:8:41:loads:[0,8):stores:
    40:8:42:loads:[0,8):stores:
    21:4:43:loads:[0,4):stores:
    46:4:53:loads:[0,4):stores:
 TASK:77:compute_py:154:154:358461:392757
  33:4096:33:loads::stores:[1632,1664)
  35:8:37:loads:[0,8):stores:
  36:8:38:loads:[0,8):stores:
  37:8:39:loads:[0,8):stores:
  38:8:40:loads:[0,8):stores:
  39:8:41:loads:[0,8):stores:
  40:8:42:loads:[0,8):stores:
  21:4:43:loads:[0,4):stores:
  46:4:53:loads:[0,4):stores:
  section:77:0:154:154:358461:392757
    33:4096:33:loads::stores:[1632,1664)
    35:8:37:loads:[0,8):stores:
    36:8:38:loads:[0,8):stores:
    37:8:39:loads:[0,8):stores:
    38:8:40:loads:[0,8):stores:
    39:8:41:loads:[0,8):stores:
    40:8:42:loads:[0,8):stores:
    21:4:43:loads:[0,4):stores:
    46:4:53:loads:[0,4):stores:
 TASK:78:compute_py:156:156:392767:427063
  33:4096:33:loads::stores:[1760,1792)
  35:8:37:loads:[0,8):stores:
  36:8:38:loads:[0,8):stores:
  37:8:39:loads:[0,8):stores:
  38:8:40:loads:[0,8):stores:
  39:8:41:loads:[0,8):stores:
  40:8:42:loads:[0,8):stores:
  21:4:43:loads:[0,4):stores:
  46:4:53:loads:[0,4):stores:
  section:78:0:156:156:392767:427063
    33:4096:33:loads::stores:[1760,1792)
    35:8:37:loads:[0,8):stores:
    36:8:38:loads:[0,8):stores:
    37:8:39:loads:[0,8):stores:
    38:8:40:loads:[0,8):stores:
    39:8:41:loads:[0,8):stores:
    40:8:42:loads:[0,8):stores:
    21:4:43:loads:[0,4):stores:
    46:4:53:loads:[0,4):stores:
 TASK:79:compute_py:158:158:427073:461369
  33:4096:33:loads::stores:[1888,1920)
  35:8:37:loads:[0,8):stores:
  36:8:38:loads:[0,8):stores:
  37:8:39:loads:[0,8):stores:
  38:8:40:loads:[0,8):stores:
  39:8:41:loads:[0,8):stores:
  40:8:42:loads:[0,8):stores:
  21:4:43:loads:[0,4):stores:
  46:4:53:loads:[0,4):stores:
  section:79:0:158:158:427073:461369
    33:4096:33:loads::stores:[1888,1920)
    35:8:37:loads:[0,8):stores:
    36:8:38:loads:[0,8):stores:
    37:8:39:loads:[0,8):stores:
    38:8:40:loads:[0,8):stores:
    39:8:41:loads:[0,8):stores:
    40:8:42:loads:[0,8):stores:
    21:4:43:loads:[0,4):stores:
    46:4:53:loads:[0,4):stores:
 TASK:80:compute_py:160:160:461379:492780
  33:4096:33:loads::stores:[2016,2048)
  35:8:37:loads:[0,8):stores:
  36:8:38:loads:[0,8):stores:
  37:8:39:loads:[0,8):stores:
  38:8:40:loads:[0,8):stores:
  39:8:41:loads:[0,8):stores:
  40:8:42:loads:[0,8):stores:
  21:4:43:loads:[0,4):stores:
  46:4:53:loads:[0,4):stores:
  section:80:0:160:160:461379:492780
    33:4096:33:loads::stores:[2016,2048)
    35:8:37:loads:[0,8):stores:
    36:8:38:loads:[0,8):stores:
    37:8:39:loads:[0,8):stores:
    38:8:40:loads:[0,8):stores:
    39:8:41:loads:[0,8):stores:
    40:8:42:loads:[0,8):stores:
    21:4:43:loads:[0,4):stores:
    46:4:53:loads:[0,4):stores:
 TASK:81:horizontal_border:162:162:492815:495128
  33:4096:33:loads::stores:[2048,2080)[2944,2976)
  35:8:37:loads:[0,8):stores:
  36:8:38:loads:[0,8):stores:
  37:8:39:loads:[0,8):stores:
  38:8:40:loads:[0,8):stores:
  39:8:41:loads:[0,8):stores:
  40:8:42:loads:[0,8):stores:
  21:4:43:loads:[0,4):stores:
  section:81:0:162:162:492815:495128
    33:4096:33:loads::stores:[2048,2080)[2944,2976)
    35:8:37:loads:[0,8):stores:
    36:8:38:loads:[0,8):stores:
    37:8:39:loads:[0,8):stores:
    38:8:40:loads:[0,8):stores:
    39:8:41:loads:[0,8):stores:
    40:8:42:loads:[0,8):stores:
    21:4:43:loads:[0,4):stores:
 TASK:82:vertical_border:164:164:495128:497441
  33:4096:33:loads::stores:[2048,2052)[2076,2080)[2176,2180)[2204,2208)[2304,2308)[2332,2336)[2432,2436)[2460,2464)[2560,2564)[2588,2592)[2688,2692)[2716,2720)[2816,2820)[2844,2848)[2944,2948)[2972,2976)
  35:8:37:loads:[0,8):stores:
  36:8:38:loads:[0,8):stores:
  37:8:39:loads:[0,8):stores:
  38:8:40:loads:[0,8):stores:
  39:8:41:loads:[0,8):stores:
  40:8:42:loads:[0,8):stores:
  21:4:43:loads:[0,4):stores:
  section:82:0:164:164:495128:497441
    33:4096:33:loads::stores:[2048,2052)[2076,2080)[2176,2180)[2204,2208)[2304,2308)[2332,2336)[2432,2436)[2460,2464)[2560,2564)[2588,2592)[2688,2692)[2716,2720)[2816,2820)[2844,2848)[2944,2948)[2972,2976)
    35:8:37:loads:[0,8):stores:
    36:8:38:loads:[0,8):stores:
    37:8:39:loads:[0,8):stores:
    38:8:40:loads:[0,8):stores:
    39:8:41:loads:[0,8):stores:
    40:8:42:loads:[0,8):stores:
    21:4:43:loads:[0,4):stores:
 TASK:83:fill_py:166:166:497471:497711
  33:4096:33:loads:[2048,2052):stores:[2048,2080)
  46:4:51:loads:[0,4):stores:
  section:83:0:166:166:497471:497711
    33:4096:33:loads:[2048,2052):stores:[2048,2080)
    46:4:51:loads:[0,4):stores:
 TASK:84:fill_py:168:168:497721:497961
  33:4096:33:loads:[2048,2052):stores:[2176,2208)
  46:4:51:loads:[0,4):stores:
  section:84:0:168:168:497721:497961
    33:4096:33:loads:[2048,2052):stores:[2176,2208)
    46:4:51:loads:[0,4):stores:
 TASK:85:fill_py:170:170:497971:498211
  33:4096:33:loads:[2048,2052):stores:[2304,2336)
  46:4:51:loads:[0,4):stores:
  section:85:0:170:170:497971:498211
    33:4096:33:loads:[2048,2052):stores:[2304,2336)
    46:4:51:loads:[0,4):stores:
 TASK:86:fill_py:172:172:498221:498461
  33:4096:33:loads:[2048,2052):stores:[2432,2464)
  46:4:51:loads:[0,4):stores:
  section:86:0:172:172:498221:498461
    33:4096:33:loads:[2048,2052):stores:[2432,2464)
    46:4:51:loads:[0,4):stores:
 TASK:87:fill_py:174:174:498471:498711
  33:4096:33:loads:[2048,2052):stores:[2560,2592)
  46:4:51:loads:[0,4):stores:
  section:87:0:174:174:498471:498711
    33:4096:33:loads:[2048,2052):stores:[2560,2592)
    46:4:51:loads:[0,4):stores:
 TASK:88:fill_py:176:176:498721:498961
  33:4096:33:loads:[2048,2052):stores:[2688,2720)
  46:4:51:loads:[0,4):stores:
  section:88:0:176:176:498721:498961
    33:4096:33:loads:[2048,2052):stores:[2688,2720)
    46:4:51:loads:[0,4):stores:
 TASK:89:fill_py:178:178:498971:499211
  33:4096:33:loads:[2048,2052):stores:[2816,2848)
  46:4:51:loads:[0,4):stores:
  section:89:0:178:178:498971:499211
    33:4096:33:loads:[2048,2052):stores:[2816,2848)
    46:4:51:loads:[0,4):stores:
 TASK:90:fill_py:180:180:499221:499461
  33:4096:33:loads:[2048,2052):stores:[2944,2976)
  46:4:51:loads:[0,4):stores:
  section:90:0:180:180:499221:499461
    33:4096:33:loads:[2048,2052):stores:[2944,2976)
    46:4:51:loads:[0,4):stores:
 TASK:91:horizontal_border:182:182:499483:501838
  33:4096:33:loads::stores:[2080,2112)[2976,3008)
  35:8:37:loads:[0,8):stores:
  36:8:38:loads:[0,8):stores:
  37:8:39:loads:[0,8):stores:
  38:8:40:loads:[0,8):stores:
  39:8:41:loads:[0,8):stores:
  40:8:42:loads:[0,8):stores:
  21:4:43:loads:[0,4):stores:
  section:91:0:182:182:499483:501838
    33:4096:33:loads::stores:[2080,2112)[2976,3008)
    35:8:37:loads:[0,8):stores:
    36:8:38:loads:[0,8):stores:
    37:8:39:loads:[0,8):stores:
    38:8:40:loads:[0,8):stores:
    39:8:41:loads:[0,8):stores:
    40:8:42:loads:[0,8):stores:
    21:4:43:loads:[0,4):stores:
 TASK:92:vertical_border:184:184:501838:504193
  33:4096:33:loads::stores:[2080,2084)[2108,2112)[2208,2212)[2236,2240)[2336,2340)[2364,2368)[2464,2468)[2492,2496)[2592,2596)[2620,2624)[2720,2724)[2748,2752)[2848,2852)[2876,2880)[2976,2980)[3004,3008)
  35:8:37:loads:[0,8):stores:
  36:8:38:loads:[0,8):stores:
  37:8:39:loads:[0,8):stores:
  38:8:40:loads:[0,8):stores:
  39:8:41:loads:[0,8):stores:
  40:8:42:loads:[0,8):stores:
  21:4:43:loads:[0,4):stores:
  section:92:0:184:184:501838:504193
    33:4096:33:loads::stores:[2080,2084)[2108,2112)[2208,2212)[2236,2240)[2336,2340)[2364,2368)[2464,2468)[2492,2496)[2592,2596)[2620,2624)[2720,2724)[2748,2752)[2848,2852)[2876,2880)[2976,2980)[3004,3008)
    35:8:37:loads:[0,8):stores:
    36:8:38:loads:[0,8):stores:
    37:8:39:loads:[0,8):stores:
    38:8:40:loads:[0,8):stores:
    39:8:41:loads:[0,8):stores:
    40:8:42:loads:[0,8):stores:
    21:4:43:loads:[0,4):stores:
 TASK:93:compute_py:186:186:504207:505305
  33:4096:33:loads::stores:[2080,2112)
  35:8:37:loads:[0,8):stores:
  36:8:38:loads:[0,8):stores:
  37:8:39:loads:[0,8):stores:
  38:8:40:loads:[0,8):stores:
  39:8:41:loads:[0,8):stores:
  40:8:42:loads:[0,8):stores:
  21:4:43:loads:[0,4):stores:
  46:4:53:loads:[0,4):stores:
  section:93:0:186:186:504207:505305
    33:4096:33:loads::stores:[2080,2112)
    35:8:37:loads:[0,8):stores:
    36:8:38:loads:[0,8):stores:
    37:8:39:loads:[0,8):stores:
    38:8:40:loads:[0,8):stores:
    39:8:41:loads:[0,8):stores:
    40:8:42:loads:[0,8):stores:
    21:4:43:loads:[0,4):stores:
    46:4:53:loads:[0,4):stores:
 TASK:94:compute_py:188:188:505315:506371
  33:4096:33:loads::stores:[2208,2240)
  35:8:37:loads:[0,8):stores:
  36:8:38:loads:[0,8):stores:
  37:8:39:loads:[0,8):stores:
  38:8:40:loads:[0,8):stores:
  39:8:41:loads:[0,8):stores:
  40:8:42:loads:[0,8):stores:
  21:4:43:loads:[0,4):stores:
  46:4:53:loads:[0,4):stores:
  section:94:0:188:188:505315:506371
    33:4096:33:loads::stores:[2208,2240)
    35:8:37:loads:[0,8):stores:
    36:8:38:loads:[0,8):stores:
    37:8:39:loads:[0,8):stores:
    38:8:40:loads:[0,8):stores:
    39:8:41:loads:[0,8):stores:
    40:8:42:loads:[0,8):stores:
    21:4:43:loads:[0,4):stores:
    46:4:53:loads:[0,4):stores:
 TASK:95:compute_py:190:190:506381:507437
  33:4096:33:loads::stores:[2336,2368)
  35:8:37:loads:[0,8):stores:
  36:8:38:loads:[0,8):stores:
  37:8:39:loads:[0,8):stores:
  38:8:40:loads:[0,8):stores:
  39:8:41:loads:[0,8):stores:
  40:8:42:loads:[0,8):stores:
  21:4:43:loads:[0,4):stores:
  46:4:53:loads:[0,4):stores:
  section:95:0:190:190:506381:507437
    33:4096:33:loads::stores:[2336,2368)
    35:8:37:loads:[0,8):stores:
    36:8:38:loads:[0,8):stores:
    37:8:39:loads:[0,8):stores:
    38:8:40:loads:[0,8):stores:
    39:8:41:loads:[0,8):stores:
    40:8:42:loads:[0,8):stores:
    21:4:43:loads:[0,4):stores:
    46:4:53:loads:[0,4):stores:
 TASK:96:compute_py:192:192:507447:508503
  33:4096:33:loads::stores:[2464,2496)
  35:8:37:loads:[0,8):stores:
  36:8:38:loads:[0,8):stores:
  37:8:39:loads:[0,8):stores:
  38:8:40:loads:[0,8):stores:
  39:8:41:loads:[0,8):stores:
  40:8:42:loads:[0,8):stores:
  21:4:43:loads:[0,4):stores:
  46:4:53:loads:[0,4):stores:
  section:96:0:192:192:507447:508503
    33:4096:33:loads::stores:[2464,2496)
    35:8:37:loads:[0,8):stores:
    36:8:38:loads:[0,8):stores:
    37:8:39:loads:[0,8):stores:
    38:8:40:loads:[0,8):stores:
    39:8:41:loads:[0,8):stores:
    40:8:42:loads:[0,8):stores:
    21:4:43:loads:[0,4):stores:
    46:4:53:loads:[0,4):stores:
 TASK:97:compute_py:194:194:508513:509569
  33:4096:33:loads::stores:[2592,2624)
  35:8:37:loads:[0,8):stores:
  36:8:38:loads:[0,8):stores:
  37:8:39:loads:[0,8):stores:
  38:8:40:loads:[0,8):stores:
  39:8:41:loads:[0,8):stores:
  40:8:42:loads:[0,8):stores:
  21:4:43:loads:[0,4):stores:
  46:4:53:loads:[0,4):stores:
  section:97:0:194:194:508513:509569
    33:4096:33:loads::stores:[2592,2624)
    35:8:37:loads:[0,8):stores:
    36:8:38:loads:[0,8):stores:
    37:8:39:loads:[0,8):stores:
    38:8:40:loads:[0,8):stores:
    39:8:41:loads:[0,8):stores:
    40:8:42:loads:[0,8):stores:
    21:4:43:loads:[0,4):stores:
    46:4:53:loads:[0,4):stores:
 TASK:98:compute_py:196:196:509579:510635
  33:4096:33:loads::stores:[2720,2752)
  35:8:37:loads:[0,8):stores:
  36:8:38:loads:[0,8):stores:
  37:8:39:loads:[0,8):stores:
  38:8:40:loads:[0,8):stores:
  39:8:41:loads:[0,8):stores:
  40:8:42:loads:[0,8):stores:
  21:4:43:loads:[0,4):stores:
  46:4:53:loads:[0,4):stores:
  section:98:0:196:196:509579:510635
    33:4096:33:loads::stores:[2720,2752)
    35:8:37:loads:[0,8):stores:
    36:8:38:loads:[0,8):stores:
    37:8:39:loads:[0,8):stores:
    38:8:40:loads:[0,8):stores:
    39:8:41:loads:[0,8):stores:
    40:8:42:loads:[0,8):stores:
    21:4:43:loads:[0,4):stores:
    46:4:53:loads:[0,4):stores:
 TASK:99:compute_py:198:198:510645:511701
  33:4096:33:loads::stores:[2848,2880)
  35:8:37:loads:[0,8):stores:
  36:8:38:loads:[0,8):stores:
  37:8:39:loads:[0,8):stores:
  38:8:40:loads:[0,8):stores:
  39:8:41:loads:[0,8):stores:
  40:8:42:loads:[0,8):stores:
  21:4:43:loads:[0,4):stores:
  46:4:53:loads:[0,4):stores:
  section:99:0:198:198:510645:511701
    33:4096:33:loads::stores:[2848,2880)
    35:8:37:loads:[0,8):stores:
    36:8:38:loads:[0,8):stores:
    37:8:39:loads:[0,8):stores:
    38:8:40:loads:[0,8):stores:
    39:8:41:loads:[0,8):stores:
    40:8:42:loads:[0,8):stores:
    21:4:43:loads:[0,4):stores:
    46:4:53:loads:[0,4):stores:
 TASK:100:compute_py:200:200:511711:512767
  33:4096:33:loads::stores:[2976,3008)
  35:8:37:loads:[0,8):stores:
  36:8:38:loads:[0,8):stores:
  37:8:39:loads:[0,8):stores:
  38:8:40:loads:[0,8):stores:
  39:8:41:loads:[0,8):stores:
  40:8:42:loads:[0,8):stores:
  21:4:43:loads:[0,4):stores:
  46:4:53:loads:[0,4):stores:
  section:100:0:200:200:511711:512767
    33:4096:33:loads::stores:[2976,3008)
    35:8:37:loads:[0,8):stores:
    36:8:38:loads:[0,8):stores:
    37:8:39:loads:[0,8):stores:
    38:8:40:loads:[0,8):stores:
    39:8:41:loads:[0,8):stores:
    40:8:42:loads:[0,8):stores:
    21:4:43:loads:[0,4):stores:
    46:4:53:loads:[0,4):stores:
 TASK:101:horizontal_border:202:202:512789:516824
  33:4096:33:loads::stores:[2112,2144)[3008,3040)
  35:8:37:loads:[0,8):stores:
  36:8:38:loads:[0,8):stores:
  37:8:39:loads:[0,8):stores:
  38:8:40:loads:[0,8):stores:
  39:8:41:loads:[0,8):stores:
  40:8:42:loads:[0,8):stores:
  21:4:43:loads:[0,4):stores:
  section:101:0:202:202:512789:516824
    33:4096:33:loads::stores:[2112,2144)[3008,3040)
    35:8:37:loads:[0,8):stores:
    36:8:38:loads:[0,8):stores:
    37:8:39:loads:[0,8):stores:
    38:8:40:loads:[0,8):stores:
    39:8:41:loads:[0,8):stores:
    40:8:42:loads:[0,8):stores:
    21:4:43:loads:[0,4):stores:
 TASK:102:vertical_border:204:204:516824:520145
  33:4096:33:loads::stores:[2112,2116)[2140,2144)[2240,2244)[2268,2272)[2368,2372)[2396,2400)[2496,2500)[2524,2528)[2624,2628)[2652,2656)[2752,2756)[2780,2784)[2880,2884)[2908,2912)[3008,3012)[3036,3040)
  35:8:37:loads:[0,8):stores:
  36:8:38:loads:[0,8):stores:
  37:8:39:loads:[0,8):stores:
  38:8:40:loads:[0,8):stores:
  39:8:41:loads:[0,8):stores:
  40:8:42:loads:[0,8):stores:
  21:4:43:loads:[0,4):stores:
  section:102:0:204:204:516824:520145
    33:4096:33:loads::stores:[2112,2116)[2140,2144)[2240,2244)[2268,2272)[2368,2372)[2396,2400)[2496,2500)[2524,2528)[2624,2628)[2652,2656)[2752,2756)[2780,2784)[2880,2884)[2908,2912)[3008,3012)[3036,3040)
    35:8:37:loads:[0,8):stores:
    36:8:38:loads:[0,8):stores:
    37:8:39:loads:[0,8):stores:
    38:8:40:loads:[0,8):stores:
    39:8:41:loads:[0,8):stores:
    40:8:42:loads:[0,8):stores:
    21:4:43:loads:[0,4):stores:
 TASK:103:compute_py:206:206:520159:522853
  33:4096:33:loads::stores:[2112,2144)
  35:8:37:loads:[0,8):stores:
  36:8:38:loads:[0,8):stores:
  37:8:39:loads:[0,8):stores:
  38:8:40:loads:[0,8):stores:
  39:8:41:loads:[0,8):stores:
  40:8:42:loads:[0,8):stores:
  21:4:43:loads:[0,4):stores:
  46:4:53:loads:[0,4):stores:
  section:103:0:206:206:520159:522853
    33:4096:33:loads::stores:[2112,2144)
    35:8:37:loads:[0,8):stores:
    36:8:38:loads:[0,8):stores:
    37:8:39:loads:[0,8):stores:
    38:8:40:loads:[0,8):stores:
    39:8:41:loads:[0,8):stores:
    40:8:42:loads:[0,8):stores:
    21:4:43:loads:[0,4):stores:
    46:4:53:loads:[0,4):stores:
 TASK:104:compute_py:208:208:522863:524675
  33:4096:33:loads::stores:[2240,2272)
  35:8:37:loads:[0,8):stores:
  36:8:38:loads:[0,8):stores:
  37:8:39:loads:[0,8):stores:
  38:8:40:loads:[0,8):stores:
  39:8:41:loads:[0,8):stores:
  40:8:42:loads:[0,8):stores:
  21:4:43:loads:[0,4):stores:
  46:4:53:loads:[0,4):stores:
  section:104:0:208:208:522863:524675
    33:4096:33:loads::stores:[2240,2272)
    35:8:37:loads:[0,8):stores:
    36:8:38:loads:[0,8):stores:
    37:8:39:loads:[0,8):stores:
    38:8:40:loads:[0,8):stores:
    39:8:41:loads:[0,8):stores:
    40:8:42:loads:[0,8):stores:
    21:4:43:loads:[0,4):stores:
    46:4:53:loads:[0,4):stores:
 TASK:105:compute_py:210:210:524685:526245
  33:4096:33:loads::stores:[2368,2400)
  35:8:37:loads:[0,8):stores:
  36:8:38:loads:[0,8):stores:
  37:8:39:loads:[0,8):stores:
  38:8:40:loads:[0,8):stores:
  39:8:41:loads:[0,8):stores:
  40:8:42:loads:[0,8):stores:
  21:4:43:loads:[0,4):stores:
  46:4:53:loads:[0,4):stores:
  section:105:0:210:210:524685:526245
    33:4096:33:loads::stores:[2368,2400)
    35:8:37:loads:[0,8):stores:
    36:8:38:loads:[0,8):stores:
    37:8:39:loads:[0,8):stores:
    38:8:40:loads:[0,8):stores:
    39:8:41:loads:[0,8):stores:
    40:8:42:loads:[0,8):stores:
    21:4:43:loads:[0,4):stores:
    46:4:53:loads:[0,4):stores:
 TASK:106:compute_py:212:212:526255:527647
  33:4096:33:loads::stores:[2496,2528)
  35:8:37:loads:[0,8):stores:
  36:8:38:loads:[0,8):stores:
  37:8:39:loads:[0,8):stores:
  38:8:40:loads:[0,8):stores:
  39:8:41:loads:[0,8):stores:
  40:8:42:loads:[0,8):stores:
  21:4:43:loads:[0,4):stores:
  46:4:53:loads:[0,4):stores:
  section:106:0:212:212:526255:527647
    33:4096:33:loads::stores:[2496,2528)
    35:8:37:loads:[0,8):stores:
    36:8:38:loads:[0,8):stores:
    37:8:39:loads:[0,8):stores:
    38:8:40:loads:[0,8):stores:
    39:8:41:loads:[0,8):stores:
    40:8:42:loads:[0,8):stores:
    21:4:43:loads:[0,4):stores:
    46:4:53:loads:[0,4):stores:
 TASK:107:compute_py:214:214:527657:528965
  33:4096:33:loads::stores:[2624,2656)
  35:8:37:loads:[0,8):stores:
  36:8:38:loads:[0,8):stores:
  37:8:39:loads:[0,8):stores:
  38:8:40:loads:[0,8):stores:
  39:8:41:loads:[0,8):stores:
  40:8:42:loads:[0,8):stores:
  21:4:43:loads:[0,4):stores:
  46:4:53:loads:[0,4):stores:
  section:107:0:214:214:527657:528965
    33:4096:33:loads::stores:[2624,2656)
    35:8:37:loads:[0,8):stores:
    36:8:38:loads:[0,8):stores:
    37:8:39:loads:[0,8):stores:
    38:8:40:loads:[0,8):stores:
    39:8:41:loads:[0,8):stores:
    40:8:42:loads:[0,8):stores:
    21:4:43:loads:[0,4):stores:
    46:4:53:loads:[0,4):stores:
 TASK:108:compute_py:216:216:528975:530241
  33:4096:33:loads::stores:[2752,2784)
  35:8:37:loads:[0,8):stores:
  36:8:38:loads:[0,8):stores:
  37:8:39:loads:[0,8):stores:
  38:8:40:loads:[0,8):stores:
  39:8:41:loads:[0,8):stores:
  40:8:42:loads:[0,8):stores:
  21:4:43:loads:[0,4):stores:
  46:4:53:loads:[0,4):stores:
  section:108:0:216:216:528975:530241
    33:4096:33:loads::stores:[2752,2784)
    35:8:37:loads:[0,8):stores:
    36:8:38:loads:[0,8):stores:
    37:8:39:loads:[0,8):stores:
    38:8:40:loads:[0,8):stores:
    39:8:41:loads:[0,8):stores:
    40:8:42:loads:[0,8):stores:
    21:4:43:loads:[0,4):stores:
    46:4:53:loads:[0,4):stores:
 TASK:109:compute_py:218:218:530251:531475
  33:4096:33:loads::stores:[2880,2912)
  35:8:37:loads:[0,8):stores:
  36:8:38:loads:[0,8):stores:
  37:8:39:loads:[0,8):stores:
  38:8:40:loads:[0,8):stores:
  39:8:41:loads:[0,8):stores:
  40:8:42:loads:[0,8):stores:
  21:4:43:loads:[0,4):stores:
  46:4:53:loads:[0,4):stores:
  section:109:0:218:218:530251:531475
    33:4096:33:loads::stores:[2880,2912)
    35:8:37:loads:[0,8):stores:
    36:8:38:loads:[0,8):stores:
    37:8:39:loads:[0,8):stores:
    38:8:40:loads:[0,8):stores:
    39:8:41:loads:[0,8):stores:
    40:8:42:loads:[0,8):stores:
    21:4:43:loads:[0,4):stores:
    46:4:53:loads:[0,4):stores:
 TASK:110:compute_py:220:220:531485:532625
  33:4096:33:loads::stores:[3008,3040)
  35:8:37:loads:[0,8):stores:
  36:8:38:loads:[0,8):stores:
  37:8:39:loads:[0,8):stores:
  38:8:40:loads:[0,8):stores:
  39:8:41:loads:[0,8):stores:
  40:8:42:loads:[0,8):stores:
  21:4:43:loads:[0,4):stores:
  46:4:53:loads:[0,4):stores:
  section:110:0:220:220:531485:532625
    33:4096:33:loads::stores:[3008,3040)
    35:8:37:loads:[0,8):stores:
    36:8:38:loads:[0,8):stores:
    37:8:39:loads:[0,8):stores:
    38:8:40:loads:[0,8):stores:
    39:8:41:loads:[0,8):stores:
    40:8:42:loads:[0,8):stores:
    21:4:43:loads:[0,4):stores:
    46:4:53:loads:[0,4):stores:
 TASK:111:horizontal_border:222:222:532647:563376
  33:4096:33:loads::stores:[2144,2176)[3040,3072)
  35:8:37:loads:[0,8):stores:
  36:8:38:loads:[0,8):stores:
  37:8:39:loads:[0,8):stores:
  38:8:40:loads:[0,8):stores:
  39:8:41:loads:[0,8):stores:
  40:8:42:loads:[0,8):stores:
  21:4:43:loads:[0,4):stores:
  section:111:0:222:222:532647:563376
    33:4096:33:loads::stores:[2144,2176)[3040,3072)
    35:8:37:loads:[0,8):stores:
    36:8:38:loads:[0,8):stores:
    37:8:39:loads:[0,8):stores:
    38:8:40:loads:[0,8):stores:
    39:8:41:loads:[0,8):stores:
    40:8:42:loads:[0,8):stores:
    21:4:43:loads:[0,4):stores:
 TASK:112:vertical_border:224:224:563376:579792
  33:4096:33:loads::stores:[2144,2148)[2172,2176)[2272,2276)[2300,2304)[2400,2404)[2428,2432)[2528,2532)[2556,2560)[2656,2660)[2684,2688)[2784,2788)[2812,2816)[2912,2916)[2940,2944)[3040,3044)[3068,3072)
  35:8:37:loads:[0,8):stores:
  36:8:38:loads:[0,8):stores:
  37:8:39:loads:[0,8):stores:
  38:8:40:loads:[0,8):stores:
  39:8:41:loads:[0,8):stores:
  40:8:42:loads:[0,8):stores:
  21:4:43:loads:[0,4):stores:
  section:112:0:224:224:563376:579792
    33:4096:33:loads::stores:[2144,2148)[2172,2176)[2272,2276)[2300,2304)[2400,2404)[2428,2432)[2528,2532)[2556,2560)[2656,2660)[2684,2688)[2784,2788)[2812,2816)[2912,2916)[2940,2944)[3040,3044)[3068,3072)
    35:8:37:loads:[0,8):stores:
    36:8:38:loads:[0,8):stores:
    37:8:39:loads:[0,8):stores:
    38:8:40:loads:[0,8):stores:
    39:8:41:loads:[0,8):stores:
    40:8:42:loads:[0,8):stores:
    21:4:43:loads:[0,4):stores:
 TASK:113:compute_py:226:226:579806:608942
  33:4096:33:loads::stores:[2144,2176)
  35:8:37:loads:[0,8):stores:
  36:8:38:loads:[0,8):stores:
  37:8:39:loads:[0,8):stores:
  38:8:40:loads:[0,8):stores:
  39:8:41:loads:[0,8):stores:
  40:8:42:loads:[0,8):stores:
  21:4:43:loads:[0,4):stores:
  46:4:53:loads:[0,4):stores:
  section:113:0:226:226:579806:608942
    33:4096:33:loads::stores:[2144,2176)
    35:8:37:loads:[0,8):stores:
    36:8:38:loads:[0,8):stores:
    37:8:39:loads:[0,8):stores:
    38:8:40:loads:[0,8):stores:
    39:8:41:loads:[0,8):stores:
    40:8:42:loads:[0,8):stores:
    21:4:43:loads:[0,4):stores:
    46:4:53:loads:[0,4):stores:
 TASK:114:compute_py:228:228:608952:635736
  33:4096:33:loads::stores:[2272,2304)
  35:8:37:loads:[0,8):stores:
  36:8:38:loads:[0,8):stores:
  37:8:39:loads:[0,8):stores:
  38:8:40:loads:[0,8):stores:
  39:8:41:loads:[0,8):stores:
  40:8:42:loads:[0,8):stores:
  21:4:43:loads:[0,4):stores:
  46:4:53:loads:[0,4):stores:
  section:114:0:228:228:608952:635736
    33:4096:33:loads::stores:[2272,2304)
    35:8:37:loads:[0,8):stores:
    36:8:38:loads:[0,8):stores:
    37:8:39:loads:[0,8):stores:
    38:8:40:loads:[0,8):stores:
    39:8:41:loads:[0,8):stores:
    40:8:42:loads:[0,8):stores:
    21:4:43:loads:[0,4):stores:
    46:4:53:loads:[0,4):stores:
 TASK:115:compute_py:230:230:635746:658462
  33:4096:33:loads::stores:[2400,2432)
  35:8:37:loads:[0,8):stores:
  36:8:38:loads:[0,8):stores:
  37:8:39:loads:[0,8):stores:
  38:8:40:loads:[0,8):stores:
  39:8:41:loads:[0,8):stores:
  40:8:42:loads:[0,8):stores:
  21:4:43:loads:[0,4):stores:
  46:4:53:loads:[0,4):stores:
  section:115:0:230:230:635746:658462
    33:4096:33:loads::stores:[2400,2432)
    35:8:37:loads:[0,8):stores:
    36:8:38:loads:[0,8):stores:
    37:8:39:loads:[0,8):stores:
    38:8:40:loads:[0,8):stores:
    39:8:41:loads:[0,8):stores:
    40:8:42:loads:[0,8):stores:
    21:4:43:loads:[0,4):stores:
    46:4:53:loads:[0,4):stores:
 TASK:116:compute_py:232:232:658472:669182
  33:4096:33:loads::stores:[2528,2560)
  35:8:37:loads:[0,8):stores:
  36:8:38:loads:[0,8):stores:
  37:8:39:loads:[0,8):stores:
  38:8:40:loads:[0,8):stores:
  39:8:41:loads:[0,8):stores:
  40:8:42:loads:[0,8):stores:
  21:4:43:loads:[0,4):stores:
  46:4:53:loads:[0,4):stores:
  section:116:0:232:232:658472:669182
    33:4096:33:loads::stores:[2528,2560)
    35:8:37:loads:[0,8):stores:
    36:8:38:loads:[0,8):stores:
    37:8:39:loads:[0,8):stores:
    38:8:40:loads:[0,8):stores:
    39:8:41:loads:[0,8):stores:
    40:8:42:loads:[0,8):stores:
    21:4:43:loads:[0,4):stores:
    46:4:53:loads:[0,4):stores:
 TASK:117:compute_py:234:234:669192:673398
  33:4096:33:loads::stores:[2656,2688)
  35:8:37:loads:[0,8):stores:
  36:8:38:loads:[0,8):stores:
  37:8:39:loads:[0,8):stores:
  38:8:40:loads:[0,8):stores:
  39:8:41:loads:[0,8):stores:
  40:8:42:loads:[0,8):stores:
  21:4:43:loads:[0,4):stores:
  46:4:53:loads:[0,4):stores:
  section:117:0:234:234:669192:673398
    33:4096:33:loads::stores:[2656,2688)
    35:8:37:loads:[0,8):stores:
    36:8:38:loads:[0,8):stores:
    37:8:39:loads:[0,8):stores:
    38:8:40:loads:[0,8):stores:
    39:8:41:loads:[0,8):stores:
    40:8:42:loads:[0,8):stores:
    21:4:43:loads:[0,4):stores:
    46:4:53:loads:[0,4):stores:
 TASK:118:compute_py:236:236:673408:675640
  33:4096:33:loads::stores:[2784,2816)
  35:8:37:loads:[0,8):stores:
  36:8:38:loads:[0,8):stores:
  37:8:39:loads:[0,8):stores:
  38:8:40:loads:[0,8):stores:
  39:8:41:loads:[0,8):stores:
  40:8:42:loads:[0,8):stores:
  21:4:43:loads:[0,4):stores:
  46:4:53:loads:[0,4):stores:
  section:118:0:236:236:673408:675640
    33:4096:33:loads::stores:[2784,2816)
    35:8:37:loads:[0,8):stores:
    36:8:38:loads:[0,8):stores:
    37:8:39:loads:[0,8):stores:
    38:8:40:loads:[0,8):stores:
    39:8:41:loads:[0,8):stores:
    40:8:42:loads:[0,8):stores:
    21:4:43:loads:[0,4):stores:
    46:4:53:loads:[0,4):stores:
 TASK:119:compute_py:238:238:675650:677504
  33:4096:33:loads::stores:[2912,2944)
  35:8:37:loads:[0,8):stores:
  36:8:38:loads:[0,8):stores:
  37:8:39:loads:[0,8):stores:
  38:8:40:loads:[0,8):stores:
  39:8:41:loads:[0,8):stores:
  40:8:42:loads:[0,8):stores:
  21:4:43:loads:[0,4):stores:
  46:4:53:loads:[0,4):stores:
  section:119:0:238:238:675650:677504
    33:4096:33:loads::stores:[2912,2944)
    35:8:37:loads:[0,8):stores:
    36:8:38:loads:[0,8):stores:
    37:8:39:loads:[0,8):stores:
    38:8:40:loads:[0,8):stores:
    39:8:41:loads:[0,8):stores:
    40:8:42:loads:[0,8):stores:
    21:4:43:loads:[0,4):stores:
    46:4:53:loads:[0,4):stores:
 TASK:120:compute_py:240:240:677514:678906
  33:4096:33:loads::stores:[3040,3072)
  35:8:37:loads:[0,8):stores:
  36:8:38:loads:[0,8):stores:
  37:8:39:loads:[0,8):stores:
  38:8:40:loads:[0,8):stores:
  39:8:41:loads:[0,8):stores:
  40:8:42:loads:[0,8):stores:
  21:4:43:loads:[0,4):stores:
  46:4:53:loads:[0,4):stores:
  section:120:0:240:240:677514:678906
    33:4096:33:loads::stores:[3040,3072)
    35:8:37:loads:[0,8):stores:
    36:8:38:loads:[0,8):stores:
    37:8:39:loads:[0,8):stores:
    38:8:40:loads:[0,8):stores:
    39:8:41:loads:[0,8):stores:
    40:8:42:loads:[0,8):stores:
    21:4:43:loads:[0,4):stores:
    46:4:53:loads:[0,4):stores:
 TASK:121:horizontal_border:242:242:678941:681254
  33:4096:33:loads::stores:[3072,3104)[3968,4000)
  35:8:37:loads:[0,8):stores:
  36:8:38:loads:[0,8):stores:
  37:8:39:loads:[0,8):stores:
  38:8:40:loads:[0,8):stores:
  39:8:41:loads:[0,8):stores:
  40:8:42:loads:[0,8):stores:
  21:4:43:loads:[0,4):stores:
  section:121:0:242:242:678941:681254
    33:4096:33:loads::stores:[3072,3104)[3968,4000)
    35:8:37:loads:[0,8):stores:
    36:8:38:loads:[0,8):stores:
    37:8:39:loads:[0,8):stores:
    38:8:40:loads:[0,8):stores:
    39:8:41:loads:[0,8):stores:
    40:8:42:loads:[0,8):stores:
    21:4:43:loads:[0,4):stores:
 TASK:122:vertical_border:244:244:681254:683567
  33:4096:33:loads::stores:[3072,3076)[3100,3104)[3200,3204)[3228,3232)[3328,3332)[3356,3360)[3456,3460)[3484,3488)[3584,3588)[3612,3616)[3712,3716)[3740,3744)[3840,3844)[3868,3872)[3968,3972)[3996,4000)
  35:8:37:loads:[0,8):stores:
  36:8:38:loads:[0,8):stores:
  37:8:39:loads:[0,8):stores:
  38:8:40:loads:[0,8):stores:
  39:8:41:loads:[0,8):stores:
  40:8:42:loads:[0,8):stores:
  21:4:43:loads:[0,4):stores:
  section:122:0:244:244:681254:683567
    33:4096:33:loads::stores:[3072,3076)[3100,3104)[3200,3204)[3228,3232)[3328,3332)[3356,3360)[3456,3460)[3484,3488)[3584,3588)[3612,3616)[3712,3716)[3740,3744)[3840,3844)[3868,3872)[3968,3972)[3996,4000)
    35:8:37:loads:[0,8):stores:
    36:8:38:loads:[0,8):stores:
    37:8:39:loads:[0,8):stores:
    38:8:40:loads:[0,8):stores:
    39:8:41:loads:[0,8):stores:
    40:8:42:loads:[0,8):stores:
    21:4:43:loads:[0,4):stores:
 TASK:123:fill_py:246:246:683597:683837
  33:4096:33:loads:[3072,3076):stores:[3072,3104)
  46:4:51:loads:[0,4):stores:
  section:123:0:246:246:683597:683837
    33:4096:33:loads:[3072,3076):stores:[3072,3104)
    46:4:51:loads:[0,4):stores:
 TASK:124:fill_py:248:248:683847:684087
  33:4096:33:loads:[3072,3076):stores:[3200,3232)
  46:4:51:loads:[0,4):stores:
  section:124:0:248:248:683847:684087
    33:4096:33:loads:[3072,3076):stores:[3200,3232)
    46:4:51:loads:[0,4):stores:
 TASK:125:fill_py:250:250:684097:684337
  33:4096:33:loads:[3072,3076):stores:[3328,3360)
  46:4:51:loads:[0,4):stores:
  section:125:0:250:250:684097:684337
    33:4096:33:loads:[3072,3076):stores:[3328,3360)
    46:4:51:loads:[0,4):stores:
 TASK:126:fill_py:252:252:684347:684587
  33:4096:33:loads:[3072,3076):stores:[3456,3488)
  46:4:51:loads:[0,4):stores:
  section:126:0:252:252:684347:684587
    33:4096:33:loads:[3072,3076):stores:[3456,3488)
    46:4:51:loads:[0,4):stores:
 TASK:127:fill_py:254:254:684597:684837
  33:4096:33:loads:[3072,3076):stores:[3584,3616)
  46:4:51:loads:[0,4):stores:
  section:127:0:254:254:684597:684837
    33:4096:33:loads:[3072,3076):stores:[3584,3616)
    46:4:51:loads:[0,4):stores:
 TASK:128:fill_py:256:256:684847:685087
  33:4096:33:loads:[3072,3076):stores:[3712,3744)
  46:4:51:loads:[0,4):stores:
  section:128:0:256:256:684847:685087
    33:4096:33:loads:[3072,3076):stores:[3712,3744)
    46:4:51:loads:[0,4):stores:
 TASK:129:fill_py:258:258:685097:685337
  33:4096:33:loads:[3072,3076):stores:[3840,3872)
  46:4:51:loads:[0,4):stores:
  section:129:0:258:258:685097:685337
    33:4096:33:loads:[3072,3076):stores:[3840,3872)
    46:4:51:loads:[0,4):stores:
 TASK:130:fill_py:260:260:685347:685587
  33:4096:33:loads:[3072,3076):stores:[3968,4000)
  46:4:51:loads:[0,4):stores:
  section:130:0:260:260:685347:685587
    33:4096:33:loads:[3072,3076):stores:[3968,4000)
    46:4:51:loads:[0,4):stores:
 TASK:131:horizontal_border:262:262:685609:687922
  33:4096:33:loads::stores:[3104,3136)[4000,4032)
  35:8:37:loads:[0,8):stores:
  36:8:38:loads:[0,8):stores:
  37:8:39:loads:[0,8):stores:
  38:8:40:loads:[0,8):stores:
  39:8:41:loads:[0,8):stores:
  40:8:42:loads:[0,8):stores:
  21:4:43:loads:[0,4):stores:
  section:131:0:262:262:685609:687922
    33:4096:33:loads::stores:[3104,3136)[4000,4032)
    35:8:37:loads:[0,8):stores:
    36:8:38:loads:[0,8):stores:
    37:8:39:loads:[0,8):stores:
    38:8:40:loads:[0,8):stores:
    39:8:41:loads:[0,8):stores:
    40:8:42:loads:[0,8):stores:
    21:4:43:loads:[0,4):stores:
 TASK:132:vertical_border:264:264:687922:690235
  33:4096:33:loads::stores:[3104,3108)[3132,3136)[3232,3236)[3260,3264)[3360,3364)[3388,3392)[3488,3492)[3516,3520)[3616,3620)[3644,3648)[3744,3748)[3772,3776)[3872,3876)[3900,3904)[4000,4004)[4028,4032)
  35:8:37:loads:[0,8):stores:
  36:8:38:loads:[0,8):stores:
  37:8:39:loads:[0,8):stores:
  38:8:40:loads:[0,8):stores:
  39:8:41:loads:[0,8):stores:
  40:8:42:loads:[0,8):stores:
  21:4:43:loads:[0,4):stores:
  section:132:0:264:264:687922:690235
    33:4096:33:loads::stores:[3104,3108)[3132,3136)[3232,3236)[3260,3264)[3360,3364)[3388,3392)[3488,3492)[3516,3520)[3616,3620)[3644,3648)[3744,3748)[3772,3776)[3872,3876)[3900,3904)[4000,4004)[4028,4032)
    35:8:37:loads:[0,8):stores:
    36:8:38:loads:[0,8):stores:
    37:8:39:loads:[0,8):stores:
    38:8:40:loads:[0,8):stores:
    39:8:41:loads:[0,8):stores:
    40:8:42:loads:[0,8):stores:
    21:4:43:loads:[0,4):stores:
 TASK:133:fill_py:266:266:690265:690505
  33:4096:33:loads:[3104,3108):stores:[3104,3136)
  46:4:51:loads:[0,4):stores:
  section:133:0:266:266:690265:690505
    33:4096:33:loads:[3104,3108):stores:[3104,3136)
    46:4:51:loads:[0,4):stores:
 TASK:134:fill_py:268:268:690515:690755
  33:4096:33:loads:[3104,3108):stores:[3232,3264)
  46:4:51:loads:[0,4):stores:
  section:134:0:268:268:690515:690755
    33:4096:33:loads:[3104,3108):stores:[3232,3264)
    46:4:51:loads:[0,4):stores:
 TASK:135:fill_py:270:270:690765:691005
  33:4096:33:loads:[3104,3108):stores:[3360,3392)
  46:4:51:loads:[0,4):stores:
  section:135:0:270:270:690765:691005
    33:4096:33:loads:[3104,3108):stores:[3360,3392)
    46:4:51:loads:[0,4):stores:
 TASK:136:fill_py:272:272:691015:691255
  33:4096:33:loads:[3104,3108):stores:[3488,3520)
  46:4:51:loads:[0,4):stores:
  section:136:0:272:272:691015:691255
    33:4096:33:loads:[3104,3108):stores:[3488,3520)
    46:4:51:loads:[0,4):stores:
 TASK:137:fill_py:274:274:691265:691505
  33:4096:33:loads:[3104,3108):stores:[3616,3648)
  46:4:51:loads:[0,4):stores:
  section:137:0:274:274:691265:691505
    33:4096:33:loads:[3104,3108):stores:[3616,3648)
    46:4:51:loads:[0,4):stores:
 TASK:138:fill_py:276:276:691515:691755
  33:4096:33:loads:[3104,3108):stores:[3744,3776)
  46:4:51:loads:[0,4):stores:
  section:138:0:276:276:691515:691755
    33:4096:33:loads:[3104,3108):stores:[3744,3776)
    46:4:51:loads:[0,4):stores:
 TASK:139:fill_py:278:278:691765:692005
  33:4096:33:loads:[3104,3108):stores:[3872,3904)
  46:4:51:loads:[0,4):stores:
  section:139:0:278:278:691765:692005
    33:4096:33:loads:[3104,3108):stores:[3872,3904)
    46:4:51:loads:[0,4):stores:
 TASK:140:fill_py:280:280:692015:692255
  33:4096:33:loads:[3104,3108):stores:[4000,4032)
  46:4:51:loads:[0,4):stores:
  section:140:0:280:280:692015:692255
    33:4096:33:loads:[3104,3108):stores:[4000,4032)
    46:4:51:loads:[0,4):stores:
 TASK:141:horizontal_border:282:282:692277:694590
  33:4096:33:loads::stores:[3136,3168)[4032,4064)
  35:8:37:loads:[0,8):stores:
  36:8:38:loads:[0,8):stores:
  37:8:39:loads:[0,8):stores:
  38:8:40:loads:[0,8):stores:
  39:8:41:loads:[0,8):stores:
  40:8:42:loads:[0,8):stores:
  21:4:43:loads:[0,4):stores:
  section:141:0:282:282:692277:694590
    33:4096:33:loads::stores:[3136,3168)[4032,4064)
    35:8:37:loads:[0,8):stores:
    36:8:38:loads:[0,8):stores:
    37:8:39:loads:[0,8):stores:
    38:8:40:loads:[0,8):stores:
    39:8:41:loads:[0,8):stores:
    40:8:42:loads:[0,8):stores:
    21:4:43:loads:[0,4):stores:
 TASK:142:vertical_border:284:284:694590:696903
  33:4096:33:loads::stores:[3136,3140)[3164,3168)[3264,3268)[3292,3296)[3392,3396)[3420,3424)[3520,3524)[3548,3552)[3648,3652)[3676,3680)[3776,3780)[3804,3808)[3904,3908)[3932,3936)[4032,4036)[4060,4064)
  35:8:37:loads:[0,8):stores:
  36:8:38:loads:[0,8):stores:
  37:8:39:loads:[0,8):stores:
  38:8:40:loads:[0,8):stores:
  39:8:41:loads:[0,8):stores:
  40:8:42:loads:[0,8):stores:
  21:4:43:loads:[0,4):stores:
  section:142:0:284:284:694590:696903
    33:4096:33:loads::stores:[3136,3140)[3164,3168)[3264,3268)[3292,3296)[3392,3396)[3420,3424)[3520,3524)[3548,3552)[3648,3652)[3676,3680)[3776,3780)[3804,3808)[3904,3908)[3932,3936)[4032,4036)[4060,4064)
    35:8:37:loads:[0,8):stores:
    36:8:38:loads:[0,8):stores:
    37:8:39:loads:[0,8):stores:
    38:8:40:loads:[0,8):stores:
    39:8:41:loads:[0,8):stores:
    40:8:42:loads:[0,8):stores:
    21:4:43:loads:[0,4):stores:
 TASK:143:fill_py:286:286:696933:697173
  33:4096:33:loads:[3136,3140):stores:[3136,3168)
  46:4:51:loads:[0,4):stores:
  section:143:0:286:286:696933:697173
    33:4096:33:loads:[3136,3140):stores:[3136,3168)
    46:4:51:loads:[0,4):stores:
 TASK:144:fill_py:288:288:697183:697423
  33:4096:33:loads:[3136,3140):stores:[3264,3296)
  46:4:51:loads:[0,4):stores:
  section:144:0:288:288:697183:697423
    33:4096:33:loads:[3136,3140):stores:[3264,3296)
    46:4:51:loads:[0,4):stores:
 TASK:145:fill_py:290:290:697433:697673
  33:4096:33:loads:[3136,3140):stores:[3392,3424)
  46:4:51:loads:[0,4):stores:
  section:145:0:290:290:697433:697673
    33:4096:33:loads:[3136,3140):stores:[3392,3424)
    46:4:51:loads:[0,4):stores:
 TASK:146:fill_py:292:292:697683:697923
  33:4096:33:loads:[3136,3140):stores:[3520,3552)
  46:4:51:loads:[0,4):stores:
  section:146:0:292:292:697683:697923
    33:4096:33:loads:[3136,3140):stores:[3520,3552)
    46:4:51:loads:[0,4):stores:
 TASK:147:fill_py:294:294:697933:698173
  33:4096:33:loads:[3136,3140):stores:[3648,3680)
  46:4:51:loads:[0,4):stores:
  section:147:0:294:294:697933:698173
    33:4096:33:loads:[3136,3140):stores:[3648,3680)
    46:4:51:loads:[0,4):stores:
 TASK:148:fill_py:296:296:698183:698423
  33:4096:33:loads:[3136,3140):stores:[3776,3808)
  46:4:51:loads:[0,4):stores:
  section:148:0:296:296:698183:698423
    33:4096:33:loads:[3136,3140):stores:[3776,3808)
    46:4:51:loads:[0,4):stores:
 TASK:149:fill_py:298:298:698433:698673
  33:4096:33:loads:[3136,3140):stores:[3904,3936)
  46:4:51:loads:[0,4):stores:
  section:149:0:298:298:698433:698673
    33:4096:33:loads:[3136,3140):stores:[3904,3936)
    46:4:51:loads:[0,4):stores:
 TASK:150:fill_py:300:300:698683:698923
  33:4096:33:loads:[3136,3140):stores:[4032,4064)
  46:4:51:loads:[0,4):stores:
  section:150:0:300:300:698683:698923
    33:4096:33:loads:[3136,3140):stores:[4032,4064)
    46:4:51:loads:[0,4):stores:
 TASK:151:horizontal_border:302:302:698945:701258
  33:4096:33:loads::stores:[3168,3200)[4064,4096)
  35:8:37:loads:[0,8):stores:
  36:8:38:loads:[0,8):stores:
  37:8:39:loads:[0,8):stores:
  38:8:40:loads:[0,8):stores:
  39:8:41:loads:[0,8):stores:
  40:8:42:loads:[0,8):stores:
  21:4:43:loads:[0,4):stores:
  section:151:0:302:302:698945:701258
    33:4096:33:loads::stores:[3168,3200)[4064,4096)
    35:8:37:loads:[0,8):stores:
    36:8:38:loads:[0,8):stores:
    37:8:39:loads:[0,8):stores:
    38:8:40:loads:[0,8):stores:
    39:8:41:loads:[0,8):stores:
    40:8:42:loads:[0,8):stores:
    21:4:43:loads:[0,4):stores:
 TASK:152:vertical_border:304:304:701258:703571
  33:4096:33:loads::stores:[3168,3172)[3196,3200)[3296,3300)[3324,3328)[3424,3428)[3452,3456)[3552,3556)[3580,3584)[3680,3684)[3708,3712)[3808,3812)[3836,3840)[3936,3940)[3964,3968)[4064,4068)[4092,4096)
  35:8:37:loads:[0,8):stores:
  36:8:38:loads:[0,8):stores:
  37:8:39:loads:[0,8):stores:
  38:8:40:loads:[0,8):stores:
  39:8:41:loads:[0,8):stores:
  40:8:42:loads:[0,8):stores:
  21:4:43:loads:[0,4):stores:
  section:152:0:304:304:701258:703571
    33:4096:33:loads::stores:[3168,3172)[3196,3200)[3296,3300)[3324,3328)[3424,3428)[3452,3456)[3552,3556)[3580,3584)[3680,3684)[3708,3712)[3808,3812)[3836,3840)[3936,3940)[3964,3968)[4064,4068)[4092,4096)
    35:8:37:loads:[0,8):stores:
    36:8:38:loads:[0,8):stores:
    37:8:39:loads:[0,8):stores:
    38:8:40:loads:[0,8):stores:
    39:8:41:loads:[0,8):stores:
    40:8:42:loads:[0,8):stores:
    21:4:43:loads:[0,4):stores:
 TASK:153:fill_py:306:306:703601:703841
  33:4096:33:loads:[3168,3172):stores:[3168,3200)
  46:4:51:loads:[0,4):stores:
  section:153:0:306:306:703601:703841
    33:4096:33:loads:[3168,3172):stores:[3168,3200)
    46:4:51:loads:[0,4):stores:
 TASK:154:fill_py:308:308:703851:704091
  33:4096:33:loads:[3168,3172):stores:[3296,3328)
  46:4:51:loads:[0,4):stores:
  section:154:0:308:308:703851:704091
    33:4096:33:loads:[3168,3172):stores:[3296,3328)
    46:4:51:loads:[0,4):stores:
 TASK:155:fill_py:310:310:704101:704341
  33:4096:33:loads:[3168,3172):stores:[3424,3456)
  46:4:51:loads:[0,4):stores:
  section:155:0:310:310:704101:704341
    33:4096:33:loads:[3168,3172):stores:[3424,3456)
    46:4:51:loads:[0,4):stores:
 TASK:156:fill_py:312:312:704351:704591
  33:4096:33:loads:[3168,3172):stores:[3552,3584)
  46:4:51:loads:[0,4):stores:
  section:156:0:312:312:704351:704591
    33:4096:33:loads:[3168,3172):stores:[3552,3584)
    46:4:51:loads:[0,4):stores:
 TASK:157:fill_py:314:314:704601:704841
  33:4096:33:loads:[3168,3172):stores:[3680,3712)
  46:4:51:loads:[0,4):stores:
  section:157:0:314:314:704601:704841
    33:4096:33:loads:[3168,3172):stores:[3680,3712)
    46:4:51:loads:[0,4):stores:
 TASK:158:fill_py:316:316:704851:705091
  33:4096:33:loads:[3168,3172):stores:[3808,3840)
  46:4:51:loads:[0,4):stores:
  section:158:0:316:316:704851:705091
    33:4096:33:loads:[3168,3172):stores:[3808,3840)
    46:4:51:loads:[0,4):stores:
 TASK:159:fill_py:318:318:705101:705341
  33:4096:33:loads:[3168,3172):stores:[3936,3968)
  46:4:51:loads:[0,4):stores:
  section:159:0:318:318:705101:705341
    33:4096:33:loads:[3168,3172):stores:[3936,3968)
    46:4:51:loads:[0,4):stores:
 TASK:160:fill_py:320:320:705351:705591
  33:4096:33:loads:[3168,3172):stores:[4064,4096)
  46:4:51:loads:[0,4):stores:
  section:160:0:320:320:705351:705591
    33:4096:33:loads:[3168,3172):stores:[4064,4096)
    46:4:51:loads:[0,4):stores:
